[2026-03-06 13:02:34Z INFO HostContext] No proxy settings were found based on environmental variables (http_proxy/https_proxy/HTTP_PROXY/HTTPS_PROXY)
[2026-03-06 13:02:34Z INFO HostContext] Well known directory 'Bin': 'C:\Users\Anbarasan\Playwright_projects\Dashboard_Playwright_Automation\actions-runner\bin'
[2026-03-06 13:02:34Z INFO HostContext] Well known directory 'Root': 'C:\Users\Anbarasan\Playwright_projects\Dashboard_Playwright_Automation\actions-runner'
[2026-03-06 13:02:34Z INFO HostContext] Well known config file 'Credentials': 'C:\Users\Anbarasan\Playwright_projects\Dashboard_Playwright_Automation\actions-runner\.credentials'
[2026-03-06 13:02:34Z INFO HostContext] Well known directory 'Bin': 'C:\Users\Anbarasan\Playwright_projects\Dashboard_Playwright_Automation\actions-runner\bin'
[2026-03-06 13:02:34Z INFO HostContext] Well known directory 'Root': 'C:\Users\Anbarasan\Playwright_projects\Dashboard_Playwright_Automation\actions-runner'
[2026-03-06 13:02:34Z INFO HostContext] Well known config file 'Runner': 'C:\Users\Anbarasan\Playwright_projects\Dashboard_Playwright_Automation\actions-runner\.runner'
[2026-03-06 13:02:34Z INFO Listener] Runner is built for Windows (X64) - win-x64.
[2026-03-06 13:02:34Z INFO Listener] RuntimeInformation: Microsoft Windows 10.0.26200.
[2026-03-06 13:02:34Z INFO Listener] Version: 2.332.0
[2026-03-06 13:02:34Z INFO Listener] Commit: a153d802ff96c51ac1b8d72dd8a38ebe830398fc
[2026-03-06 13:02:34Z INFO Listener] Culture: en-US
[2026-03-06 13:02:34Z INFO Listener] UI Culture: en-US
[2026-03-06 13:02:34Z INFO HostContext] Well known directory 'Bin': 'C:\Users\Anbarasan\Playwright_projects\Dashboard_Playwright_Automation\actions-runner\bin'
[2026-03-06 13:02:34Z INFO HostContext] Well known directory 'Root': 'C:\Users\Anbarasan\Playwright_projects\Dashboard_Playwright_Automation\actions-runner'
[2026-03-06 13:02:34Z INFO Listener] Validating directory permissions for: 'C:\Users\Anbarasan\Playwright_projects\Dashboard_Playwright_Automation\actions-runner'
[2026-03-06 13:02:34Z INFO CommandLineParser] Parse
[2026-03-06 13:02:34Z INFO CommandLineParser] Parsing 1 args
[2026-03-06 13:02:34Z INFO CommandLineParser] parsing argument
[2026-03-06 13:02:34Z INFO CommandLineParser] HasArgs: False
[2026-03-06 13:02:34Z INFO CommandLineParser] Adding Command: run
[2026-03-06 13:02:34Z INFO Listener] Arguments parsed
[2026-03-06 13:02:34Z INFO Runner] ExecuteCommand
[2026-03-06 13:02:34Z INFO ConfigurationStore] currentAssemblyLocation: C:\Users\Anbarasan\Playwright_projects\Dashboard_Playwright_Automation\actions-runner\bin\Runner.Listener.dll
[2026-03-06 13:02:34Z INFO HostContext] Well known directory 'Bin': 'C:\Users\Anbarasan\Playwright_projects\Dashboard_Playwright_Automation\actions-runner\bin'
[2026-03-06 13:02:34Z INFO ConfigurationStore] binPath: C:\Users\Anbarasan\Playwright_projects\Dashboard_Playwright_Automation\actions-runner\bin
[2026-03-06 13:02:34Z INFO HostContext] Well known directory 'Bin': 'C:\Users\Anbarasan\Playwright_projects\Dashboard_Playwright_Automation\actions-runner\bin'
[2026-03-06 13:02:34Z INFO HostContext] Well known directory 'Root': 'C:\Users\Anbarasan\Playwright_projects\Dashboard_Playwright_Automation\actions-runner'
[2026-03-06 13:02:34Z INFO ConfigurationStore] RootFolder: C:\Users\Anbarasan\Playwright_projects\Dashboard_Playwright_Automation\actions-runner
[2026-03-06 13:02:34Z INFO HostContext] Well known directory 'Bin': 'C:\Users\Anbarasan\Playwright_projects\Dashboard_Playwright_Automation\actions-runner\bin'
[2026-03-06 13:02:34Z INFO HostContext] Well known directory 'Root': 'C:\Users\Anbarasan\Playwright_projects\Dashboard_Playwright_Automation\actions-runner'
[2026-03-06 13:02:34Z INFO HostContext] Well known config file 'Runner': 'C:\Users\Anbarasan\Playwright_projects\Dashboard_Playwright_Automation\actions-runner\.runner'
[2026-03-06 13:02:34Z INFO ConfigurationStore] ConfigFilePath: C:\Users\Anbarasan\Playwright_projects\Dashboard_Playwright_Automation\actions-runner\.runner
[2026-03-06 13:02:34Z INFO HostContext] Well known directory 'Bin': 'C:\Users\Anbarasan\Playwright_projects\Dashboard_Playwright_Automation\actions-runner\bin'
[2026-03-06 13:02:34Z INFO HostContext] Well known directory 'Root': 'C:\Users\Anbarasan\Playwright_projects\Dashboard_Playwright_Automation\actions-runner'
[2026-03-06 13:02:34Z INFO HostContext] Well known config file 'MigratedRunner': 'C:\Users\Anbarasan\Playwright_projects\Dashboard_Playwright_Automation\actions-runner\.runner_migrated'
[2026-03-06 13:02:34Z INFO ConfigurationStore] MigratedConfigFilePath: C:\Users\Anbarasan\Playwright_projects\Dashboard_Playwright_Automation\actions-runner\.runner_migrated
[2026-03-06 13:02:34Z INFO HostContext] Well known directory 'Bin': 'C:\Users\Anbarasan\Playwright_projects\Dashboard_Playwright_Automation\actions-runner\bin'
[2026-03-06 13:02:34Z INFO HostContext] Well known directory 'Root': 'C:\Users\Anbarasan\Playwright_projects\Dashboard_Playwright_Automation\actions-runner'
[2026-03-06 13:02:34Z INFO HostContext] Well known config file 'Credentials': 'C:\Users\Anbarasan\Playwright_projects\Dashboard_Playwright_Automation\actions-runner\.credentials'
[2026-03-06 13:02:34Z INFO ConfigurationStore] CredFilePath: C:\Users\Anbarasan\Playwright_projects\Dashboard_Playwright_Automation\actions-runner\.credentials
[2026-03-06 13:02:34Z INFO HostContext] Well known directory 'Bin': 'C:\Users\Anbarasan\Playwright_projects\Dashboard_Playwright_Automation\actions-runner\bin'
[2026-03-06 13:02:34Z INFO HostContext] Well known directory 'Root': 'C:\Users\Anbarasan\Playwright_projects\Dashboard_Playwright_Automation\actions-runner'
[2026-03-06 13:02:34Z INFO HostContext] Well known config file 'MigratedCredentials': 'C:\Users\Anbarasan\Playwright_projects\Dashboard_Playwright_Automation\actions-runner\.credentials_migrated'
[2026-03-06 13:02:34Z INFO ConfigurationStore] MigratedCredFilePath: C:\Users\Anbarasan\Playwright_projects\Dashboard_Playwright_Automation\actions-runner\.credentials_migrated
[2026-03-06 13:02:34Z INFO HostContext] Well known directory 'Bin': 'C:\Users\Anbarasan\Playwright_projects\Dashboard_Playwright_Automation\actions-runner\bin'
[2026-03-06 13:02:34Z INFO HostContext] Well known directory 'Root': 'C:\Users\Anbarasan\Playwright_projects\Dashboard_Playwright_Automation\actions-runner'
[2026-03-06 13:02:34Z INFO HostContext] Well known config file 'Service': 'C:\Users\Anbarasan\Playwright_projects\Dashboard_Playwright_Automation\actions-runner\.service'
[2026-03-06 13:02:34Z INFO ConfigurationStore] ServiceConfigFilePath: C:\Users\Anbarasan\Playwright_projects\Dashboard_Playwright_Automation\actions-runner\.service
[2026-03-06 13:02:34Z INFO CommandSettings] Flag 'help': 'False'
[2026-03-06 13:02:34Z INFO CommandSettings] Flag 'version': 'False'
[2026-03-06 13:02:34Z INFO CommandSettings] Flag 'commit': 'False'
[2026-03-06 13:02:34Z INFO CommandSettings] Flag 'check': 'False'
[2026-03-06 13:02:34Z INFO CommandSettings] Command 'configure': 'False'
[2026-03-06 13:02:34Z INFO CommandSettings] Command 'remove': 'False'
[2026-03-06 13:02:34Z INFO CommandSettings] Command 'warmup': 'False'
[2026-03-06 13:02:34Z INFO ConfigurationManager] LoadSettings
[2026-03-06 13:02:34Z INFO ConfigurationStore] IsConfigured()
[2026-03-06 13:02:34Z INFO ConfigurationStore] IsConfigured: True
[2026-03-06 13:02:34Z INFO ConfigurationManager] Is configured: True
[2026-03-06 13:02:34Z INFO ConfigurationStore] Read setting file: 391 chars
[2026-03-06 13:02:34Z INFO ConfigurationManager] Settings Loaded
[2026-03-06 13:02:34Z INFO ConfigurationStore] IsServiceConfigured()
[2026-03-06 13:02:34Z INFO ConfigurationStore] IsServiceConfigured: False
[2026-03-06 13:02:34Z INFO CommandSettings] Command 'run': 'True'
[2026-03-06 13:02:34Z INFO ConfigurationStore] IsConfigured()
[2026-03-06 13:02:34Z INFO ConfigurationStore] IsConfigured: True
[2026-03-06 13:02:34Z INFO ConfigurationManager] Is configured: True
[2026-03-06 13:02:34Z INFO Runner] Could not parse the argument value '' for StartupType. Defaulting to Manual
[2026-03-06 13:02:34Z INFO Runner] Set runner startup type - Manual
[2026-03-06 13:02:34Z INFO CommandSettings] Flag 'once': 'False'
[2026-03-06 13:02:34Z INFO CommandSettings] Flag 'once': 'False'
[2026-03-06 13:02:34Z INFO Runner] RunAsync
[2026-03-06 13:02:34Z INFO HostContext] Well known directory 'Bin': 'C:\Users\Anbarasan\Playwright_projects\Dashboard_Playwright_Automation\actions-runner\bin'
[2026-03-06 13:02:34Z INFO HostContext] Well known directory 'Root': 'C:\Users\Anbarasan\Playwright_projects\Dashboard_Playwright_Automation\actions-runner'
[2026-03-06 13:02:34Z INFO HostContext] Well known directory 'Work': 'C:\Users\Anbarasan\Playwright_projects\Dashboard_Playwright_Automation\actions-runner\_work'
[2026-03-06 13:02:34Z INFO Runner] Validating directory permissions for: 'C:\Users\Anbarasan\Playwright_projects\Dashboard_Playwright_Automation\actions-runner\_work'
[2026-03-06 13:02:34Z INFO ConfigurationManager] LoadMigratedSettings
[2026-03-06 13:02:34Z INFO ConfigurationStore] IsMigratedConfigured()
[2026-03-06 13:02:34Z INFO ConfigurationStore] IsMigratedConfigured: False
[2026-03-06 13:02:34Z INFO Runner] Failed to load migrated settings: No migrated configuration found.
[2026-03-06 13:02:34Z INFO Runner] Falling back to original .runner settings
[2026-03-06 13:02:34Z INFO Runner] Using BrokerMessageListener
[2026-03-06 13:02:34Z INFO BrokerMessageListener] Using provided settings
[2026-03-06 13:02:34Z INFO BrokerMessageListener] {
  "AgentId": 2,
  "AgentName": "YS054",
  "PoolId": 1,
  "PoolName": "Default",
  "ServerUrl": "https://pipelinesghubeus4.actions.githubusercontent.com/PtinZfjCuIWJ6Bdx1cEzJY10YBwmSvttTUzzVTQ867x8blVYmJ/",
  "GitHubUrl": "https://github.com/Anbarasan2000/Yosi_chat",
  "WorkFolder": "_work",
  "UseV2Flow": true,
  "ServerUrlV2": "https://broker.actions.githubusercontent.com/"
}
[2026-03-06 13:02:34Z INFO BrokerMessageListener] Loading Credentials
[2026-03-06 13:02:34Z INFO ConfigurationStore] HasCredentials()
[2026-03-06 13:02:34Z INFO ConfigurationStore] stored True
[2026-03-06 13:02:34Z INFO CredentialManager] GetCredentialProvider
[2026-03-06 13:02:34Z INFO CredentialManager] Creating type OAuth
[2026-03-06 13:02:34Z INFO CredentialManager] Creating credential type: OAuth
[2026-03-06 13:02:34Z INFO HostContext] Well known directory 'Bin': 'C:\Users\Anbarasan\Playwright_projects\Dashboard_Playwright_Automation\actions-runner\bin'
[2026-03-06 13:02:34Z INFO HostContext] Well known directory 'Root': 'C:\Users\Anbarasan\Playwright_projects\Dashboard_Playwright_Automation\actions-runner'
[2026-03-06 13:02:34Z INFO HostContext] Well known config file 'RSACredentials': 'C:\Users\Anbarasan\Playwright_projects\Dashboard_Playwright_Automation\actions-runner\.credentials_rsaparams'
[2026-03-06 13:02:34Z INFO RSAEncryptedFileKeyManager] Loading RSA key parameters from file C:\Users\Anbarasan\Playwright_projects\Dashboard_Playwright_Automation\actions-runner\.credentials_rsaparams
[2026-03-06 13:02:34Z INFO BrokerMessageListener] Attempt to create session.
[2026-03-06 13:02:34Z INFO BrokerMessageListener] Connecting to the Broker Server...
[2026-03-06 13:02:34Z INFO ConfigurationStore] HasCredentials()
[2026-03-06 13:02:34Z INFO ConfigurationStore] stored True
[2026-03-06 13:02:34Z INFO CredentialManager] GetCredentialProvider
[2026-03-06 13:02:34Z INFO CredentialManager] Creating type OAuth
[2026-03-06 13:02:34Z INFO CredentialManager] Creating credential type: OAuth
[2026-03-06 13:02:34Z INFO RSAEncryptedFileKeyManager] Loading RSA key parameters from file C:\Users\Anbarasan\Playwright_projects\Dashboard_Playwright_Automation\actions-runner\.credentials_rsaparams
[2026-03-06 13:02:34Z INFO BrokerMessageListener] VssConnection created
[2026-03-06 13:02:34Z INFO BrokerMessageListener] Connecting to the Runner server...
[2026-03-06 13:02:34Z INFO RunnerServer] EstablishVssConnection
[2026-03-06 13:02:34Z INFO RunnerServer] Establish connection with 100 seconds timeout.
[2026-03-06 13:02:34Z INFO GitHubActionsService] Starting operation Location.GetConnectionData
[2026-03-06 13:02:34Z INFO RunnerServer] EstablishVssConnection
[2026-03-06 13:02:34Z INFO RunnerServer] Establish connection with 60 seconds timeout.
[2026-03-06 13:02:34Z INFO GitHubActionsService] Starting operation Location.GetConnectionData
[2026-03-06 13:02:34Z INFO RunnerServer] EstablishVssConnection
[2026-03-06 13:02:34Z INFO RunnerServer] Establish connection with 60 seconds timeout.
[2026-03-06 13:02:34Z INFO GitHubActionsService] Starting operation Location.GetConnectionData
[2026-03-06 13:02:36Z INFO GitHubActionsService] Finished operation Location.GetConnectionData
[2026-03-06 13:02:36Z INFO GitHubActionsService] Finished operation Location.GetConnectionData
[2026-03-06 13:02:36Z INFO GitHubActionsService] Finished operation Location.GetConnectionData
[2026-03-06 13:02:36Z INFO BrokerMessageListener] VssConnection created
[2026-03-06 13:02:36Z INFO Terminal] WRITE LINE: 
[2026-03-06 13:02:36Z INFO Terminal] WRITE LINE: 
[2026-03-06 13:02:36Z INFO RSAEncryptedFileKeyManager] Loading RSA key parameters from file C:\Users\Anbarasan\Playwright_projects\Dashboard_Playwright_Automation\actions-runner\.credentials_rsaparams
[2026-03-06 13:02:36Z INFO RSAEncryptedFileKeyManager] Loading RSA key parameters from file C:\Users\Anbarasan\Playwright_projects\Dashboard_Playwright_Automation\actions-runner\.credentials_rsaparams
[2026-03-06 13:02:38Z INFO GitHubActionsService] AAD Correlation ID for this token request: Unknown
[2026-03-06 13:02:40Z INFO BrokerMessageListener] Session created.
[2026-03-06 13:02:40Z INFO Terminal] WRITE LINE: Current runner version: '2.332.0'
[2026-03-06 13:02:40Z INFO Terminal] WRITE LINE: 2026-03-06 13:02:40Z: Listening for Jobs
[2026-03-06 13:02:40Z INFO JobDispatcher] Set runner/worker IPC timeout to 30 seconds.
[2026-03-06 13:02:41Z INFO BrokerMessageListener] Acknowledging runner request 'ee8869cd-9e85-5cb2-86b6-d3710ee68be4'.
[2026-03-06 13:02:41Z INFO ConfigurationStore] HasCredentials()
[2026-03-06 13:02:41Z INFO ConfigurationStore] stored True
[2026-03-06 13:02:41Z INFO CredentialManager] GetCredentialProvider
[2026-03-06 13:02:41Z INFO CredentialManager] Creating type OAuth
[2026-03-06 13:02:41Z INFO CredentialManager] Creating credential type: OAuth
[2026-03-06 13:02:41Z INFO RSAEncryptedFileKeyManager] Loading RSA key parameters from file C:\Users\Anbarasan\Playwright_projects\Dashboard_Playwright_Automation\actions-runner\.credentials_rsaparams
[2026-03-06 13:02:41Z INFO RSAEncryptedFileKeyManager] Loading RSA key parameters from file C:\Users\Anbarasan\Playwright_projects\Dashboard_Playwright_Automation\actions-runner\.credentials_rsaparams
[2026-03-06 13:02:41Z INFO RSAEncryptedFileKeyManager] Loading RSA key parameters from file C:\Users\Anbarasan\Playwright_projects\Dashboard_Playwright_Automation\actions-runner\.credentials_rsaparams
[2026-03-06 13:02:43Z INFO GitHubActionsService] AAD Correlation ID for this token request: Unknown
[2026-03-06 13:02:45Z INFO JobDispatcher] Job request 0 for plan 246d33c2-c44e-4981-af24-4cc8ff9f629e job ee8869cd-9e85-5cb2-86b6-d3710ee68be4 received.
[2026-03-06 13:02:45Z INFO JobDispatcher] Pull OrchestrationId 246d33c2-c44e-4981-af24-4cc8ff9f629e.test.__default from JWT claims
[2026-03-06 13:02:45Z INFO BrokerMessageListener] Received job status event. JobState: Busy
[2026-03-06 13:02:45Z INFO BrokerMessageListener] _getMessagesTokenSource is already disposed.
[2026-03-06 13:02:45Z INFO Terminal] WRITE LINE: 2026-03-06 13:02:45Z: Running job: test
[2026-03-06 13:02:45Z INFO JobDispatcher] Start renew job request 0 for job ee8869cd-9e85-5cb2-86b6-d3710ee68be4.
[2026-03-06 13:02:46Z INFO JobDispatcher] Successfully renew job ee8869cd-9e85-5cb2-86b6-d3710ee68be4, job is valid till 3/6/2026 1:12:48 PM
[2026-03-06 13:02:46Z INFO HostContext] Well known directory 'Bin': 'C:\Users\Anbarasan\Playwright_projects\Dashboard_Playwright_Automation\actions-runner\bin'
[2026-03-06 13:02:46Z INFO ProcessInvokerWrapper] Starting process:
[2026-03-06 13:02:46Z INFO ProcessInvokerWrapper]   File name: 'C:\Users\Anbarasan\Playwright_projects\Dashboard_Playwright_Automation\actions-runner\bin\Runner.Worker.exe'
[2026-03-06 13:02:46Z INFO ProcessInvokerWrapper]   Arguments: 'spawnclient 2332 2340'
[2026-03-06 13:02:46Z INFO ProcessInvokerWrapper]   Working directory: 'C:\Users\Anbarasan\Playwright_projects\Dashboard_Playwright_Automation\actions-runner\bin'
[2026-03-06 13:02:46Z INFO ProcessInvokerWrapper]   Require exit code zero: 'False'
[2026-03-06 13:02:46Z INFO ProcessInvokerWrapper]   Encoding web name:  ; code page: ''
[2026-03-06 13:02:46Z INFO ProcessInvokerWrapper]   Force kill process on cancellation: 'True'
[2026-03-06 13:02:46Z INFO ProcessInvokerWrapper]   Redirected STDIN: 'False'
[2026-03-06 13:02:46Z INFO ProcessInvokerWrapper]   Persist current code page: 'False'
[2026-03-06 13:02:46Z INFO ProcessInvokerWrapper]   Keep redirected STDIN open: 'False'
[2026-03-06 13:02:46Z INFO ProcessInvokerWrapper]   High priority process: 'True'
[2026-03-06 13:02:46Z INFO ProcessInvokerWrapper] Process started with process id 20640, waiting for process exit.
[2026-03-06 13:02:46Z INFO JobDispatcher] Send job request message to worker for job ee8869cd-9e85-5cb2-86b6-d3710ee68be4.
[2026-03-06 13:02:46Z INFO ProcessChannel] Sending message of length 22398, with hash '2e8c65c6d61f7e56125407975f99eb66e721fb9d9b38dbce05b78a91f17e161e'
[2026-03-06 13:02:46Z INFO JobNotification] Entering JobStarted Notification
[2026-03-06 13:02:46Z INFO JobNotification] Entering StartMonitor
[2026-03-06 13:03:46Z INFO JobDispatcher] Successfully renew job ee8869cd-9e85-5cb2-86b6-d3710ee68be4, job is valid till 3/6/2026 1:13:48 PM
[2026-03-06 13:04:47Z INFO JobDispatcher] Successfully renew job ee8869cd-9e85-5cb2-86b6-d3710ee68be4, job is valid till 3/6/2026 1:14:49 PM
[2026-03-06 13:05:47Z INFO JobDispatcher] Successfully renew job ee8869cd-9e85-5cb2-86b6-d3710ee68be4, job is valid till 3/6/2026 1:15:49 PM
[2026-03-06 13:06:19Z INFO ProcessInvokerWrapper] STDOUT/STDERR stream read finished.
[2026-03-06 13:06:19Z INFO ProcessInvokerWrapper] STDOUT/STDERR stream read finished.
[2026-03-06 13:06:20Z INFO ProcessInvokerWrapper] Finished process 20640 with exit code 102, and elapsed time 00:03:33.7428646.
[2026-03-06 13:06:20Z INFO JobDispatcher] Worker finished for job ee8869cd-9e85-5cb2-86b6-d3710ee68be4. Code: 102
[2026-03-06 13:06:20Z INFO JobDispatcher] finish job request for job ee8869cd-9e85-5cb2-86b6-d3710ee68be4 with result: Failed
[2026-03-06 13:06:20Z INFO Terminal] WRITE LINE: 2026-03-06 13:06:20Z: Job test completed with result: Failed
[2026-03-06 13:06:20Z INFO JobDispatcher] Stop renew job request for job ee8869cd-9e85-5cb2-86b6-d3710ee68be4.
[2026-03-06 13:06:20Z INFO JobDispatcher] job renew has been cancelled, stop renew job ee8869cd-9e85-5cb2-86b6-d3710ee68be4.
[2026-03-06 13:06:20Z INFO JobNotification] Entering JobCompleted Notification
[2026-03-06 13:06:20Z INFO JobNotification] Entering EndMonitor
[2026-03-06 13:06:20Z INFO BrokerMessageListener] Received job status event. JobState: Online
[2026-03-06 13:06:20Z WARN GitHubActionsService] GET request to https://broker.actions.githubusercontent.com/message?sessionId=73926f4a-bbaa-48c0-8f1b-f019b5b8cb3b&status=Busy&runnerVersion=2.332.0&os=Windows&architecture=X64&disableUpdate=false has been cancelled.
[2026-03-06 13:06:20Z ERR  BrokerServer] Catch exception during request
[2026-03-06 13:06:20Z ERR  BrokerServer] System.Threading.Tasks.TaskCanceledException: The operation was canceled.
 ---> System.Threading.Tasks.TaskCanceledException: The operation was canceled.
 ---> System.IO.IOException: Unable to read data from the transport connection: The I/O operation has been aborted because of either a thread exit or an application request..
 ---> System.Net.Sockets.SocketException (995): The I/O operation has been aborted because of either a thread exit or an application request.
   --- End of inner exception stack trace ---
   at System.Net.Sockets.Socket.AwaitableSocketAsyncEventArgs.ThrowException(SocketError error, CancellationToken cancellationToken)
   at System.Net.Sockets.Socket.AwaitableSocketAsyncEventArgs.System.Threading.Tasks.Sources.IValueTaskSource<System.Int32>.GetResult(Int16 token)
   at System.Net.Security.SslStream.EnsureFullTlsFrameAsync[TIOAdapter](CancellationToken cancellationToken, Int32 estimatedSize)
   at System.Runtime.CompilerServices.PoolingAsyncValueTaskMethodBuilder`1.StateMachineBox`1.System.Threading.Tasks.Sources.IValueTaskSource<TResult>.GetResult(Int16 token)
   at System.Net.Security.SslStream.ReadAsyncInternal[TIOAdapter](Memory`1 buffer, CancellationToken cancellationToken)
   at System.Runtime.CompilerServices.PoolingAsyncValueTaskMethodBuilder`1.StateMachineBox`1.System.Threading.Tasks.Sources.IValueTaskSource<TResult>.GetResult(Int16 token)
   at System.Net.Http.HttpConnection.SendAsync(HttpRequestMessage request, Boolean async, CancellationToken cancellationToken)
   --- End of inner exception stack trace ---
   at System.Net.Http.HttpConnection.SendAsync(HttpRequestMessage request, Boolean async, CancellationToken cancellationToken)
   at System.Net.Http.AuthenticationHelper.SendWithNtAuthAsync(HttpRequestMessage request, Uri authUri, Boolean async, ICredentials credentials, Boolean isProxyAuth, HttpConnection connection, HttpConnectionPool connectionPool, CancellationToken cancellationToken)
   at System.Net.Http.HttpConnectionPool.SendWithVersionDetectionAndRetryAsync(HttpRequestMessage request, Boolean async, Boolean doRequestAuth, CancellationToken cancellationToken)
   at System.Net.Http.AuthenticationHelper.SendWithAuthAsync(HttpRequestMessage request, Uri authUri, Boolean async, ICredentials credentials, Boolean preAuthenticate, Boolean isProxyAuth, Boolean doRequestAuth, HttpConnectionPool pool, CancellationToken cancellationToken)
   at System.Net.Http.RedirectHandler.SendAsync(HttpRequestMessage request, Boolean async, CancellationToken cancellationToken)
   at GitHub.Services.Common.RawHttpMessageHandler.SendAsync(HttpRequestMessage request, CancellationToken cancellationToken)
   at GitHub.Services.Common.VssHttpRetryMessageHandler.SendAsync(HttpRequestMessage request, CancellationToken cancellationToken)
   at System.Net.Http.HttpClient.<SendAsync>g__Core|83_0(HttpRequestMessage request, HttpCompletionOption completionOption, CancellationTokenSource cts, Boolean disposeCts, CancellationTokenSource pendingRequestsCts, CancellationToken originalCancellationToken)
   --- End of inner exception stack trace ---
   at System.Net.Http.HttpClient.HandleFailure(Exception e, Boolean telemetryStarted, HttpResponseMessage response, CancellationTokenSource cts, CancellationToken cancellationToken, CancellationTokenSource pendingRequestsCts)
   at System.Net.Http.HttpClient.<SendAsync>g__Core|83_0(HttpRequestMessage request, HttpCompletionOption completionOption, CancellationTokenSource cts, Boolean disposeCts, CancellationTokenSource pendingRequestsCts, CancellationToken originalCancellationToken)
   at Sdk.WebApi.WebApi.RawHttpClientBase.SendAsync(HttpRequestMessage message, HttpCompletionOption completionOption, Object userState, CancellationToken cancellationToken)
   at Sdk.WebApi.WebApi.RawHttpClientBase.SendAsync[T](HttpRequestMessage message, Boolean readErrorBody, Object userState, CancellationToken cancellationToken)
   at Sdk.WebApi.WebApi.RawHttpClientBase.SendAsync[T](HttpMethod method, IEnumerable`1 additionalHeaders, Uri requestUri, HttpContent content, IEnumerable`1 queryParameters, Boolean readErrorBody, Object userState, CancellationToken cancellationToken)
   at GitHub.Actions.RunService.WebApi.BrokerHttpClient.GetRunnerMessageAsync(Nullable`1 sessionId, String runnerVersion, Nullable`1 status, String os, String architecture, Nullable`1 disableUpdate, CancellationToken cancellationToken)
   at GitHub.Runner.Common.BrokerServer.<>c__DisplayClass7_0.<<GetRunnerMessageAsync>b__0>d.MoveNext()
--- End of stack trace from previous location ---
   at GitHub.Runner.Common.RunnerService.RetryRequest[T](Func`1 func, CancellationToken cancellationToken, Int32 maxAttempts, Func`2 shouldRetry)
[2026-03-06 13:06:20Z ERR  BrokerServer] #####################################################
[2026-03-06 13:06:20Z ERR  BrokerServer] System.Threading.Tasks.TaskCanceledException: The operation was canceled.
 ---> System.IO.IOException: Unable to read data from the transport connection: The I/O operation has been aborted because of either a thread exit or an application request..
 ---> System.Net.Sockets.SocketException (995): The I/O operation has been aborted because of either a thread exit or an application request.
   --- End of inner exception stack trace ---
   at System.Net.Sockets.Socket.AwaitableSocketAsyncEventArgs.ThrowException(SocketError error, CancellationToken cancellationToken)
   at System.Net.Sockets.Socket.AwaitableSocketAsyncEventArgs.System.Threading.Tasks.Sources.IValueTaskSource<System.Int32>.GetResult(Int16 token)
   at System.Net.Security.SslStream.EnsureFullTlsFrameAsync[TIOAdapter](CancellationToken cancellationToken, Int32 estimatedSize)
   at System.Runtime.CompilerServices.PoolingAsyncValueTaskMethodBuilder`1.StateMachineBox`1.System.Threading.Tasks.Sources.IValueTaskSource<TResult>.GetResult(Int16 token)
   at System.Net.Security.SslStream.ReadAsyncInternal[TIOAdapter](Memory`1 buffer, CancellationToken cancellationToken)
   at System.Runtime.CompilerServices.PoolingAsyncValueTaskMethodBuilder`1.StateMachineBox`1.System.Threading.Tasks.Sources.IValueTaskSource<TResult>.GetResult(Int16 token)
   at System.Net.Http.HttpConnection.SendAsync(HttpRequestMessage request, Boolean async, CancellationToken cancellationToken)
   --- End of inner exception stack trace ---
   at System.Net.Http.HttpConnection.SendAsync(HttpRequestMessage request, Boolean async, CancellationToken cancellationToken)
   at System.Net.Http.AuthenticationHelper.SendWithNtAuthAsync(HttpRequestMessage request, Uri authUri, Boolean async, ICredentials credentials, Boolean isProxyAuth, HttpConnection connection, HttpConnectionPool connectionPool, CancellationToken cancellationToken)
   at System.Net.Http.HttpConnectionPool.SendWithVersionDetectionAndRetryAsync(HttpRequestMessage request, Boolean async, Boolean doRequestAuth, CancellationToken cancellationToken)
   at System.Net.Http.AuthenticationHelper.SendWithAuthAsync(HttpRequestMessage request, Uri authUri, Boolean async, ICredentials credentials, Boolean preAuthenticate, Boolean isProxyAuth, Boolean doRequestAuth, HttpConnectionPool pool, CancellationToken cancellationToken)
   at System.Net.Http.RedirectHandler.SendAsync(HttpRequestMessage request, Boolean async, CancellationToken cancellationToken)
   at GitHub.Services.Common.RawHttpMessageHandler.SendAsync(HttpRequestMessage request, CancellationToken cancellationToken)
   at GitHub.Services.Common.VssHttpRetryMessageHandler.SendAsync(HttpRequestMessage request, CancellationToken cancellationToken)
   at System.Net.Http.HttpClient.<SendAsync>g__Core|83_0(HttpRequestMessage request, HttpCompletionOption completionOption, CancellationTokenSource cts, Boolean disposeCts, CancellationTokenSource pendingRequestsCts, CancellationToken originalCancellationToken)
[2026-03-06 13:06:20Z ERR  BrokerServer] #####################################################
[2026-03-06 13:06:20Z ERR  BrokerServer] System.IO.IOException: Unable to read data from the transport connection: The I/O operation has been aborted because of either a thread exit or an application request..
 ---> System.Net.Sockets.SocketException (995): The I/O operation has been aborted because of either a thread exit or an application request.
   --- End of inner exception stack trace ---
   at System.Net.Sockets.Socket.AwaitableSocketAsyncEventArgs.ThrowException(SocketError error, CancellationToken cancellationToken)
   at System.Net.Sockets.Socket.AwaitableSocketAsyncEventArgs.System.Threading.Tasks.Sources.IValueTaskSource<System.Int32>.GetResult(Int16 token)
   at System.Net.Security.SslStream.EnsureFullTlsFrameAsync[TIOAdapter](CancellationToken cancellationToken, Int32 estimatedSize)
   at System.Runtime.CompilerServices.PoolingAsyncValueTaskMethodBuilder`1.StateMachineBox`1.System.Threading.Tasks.Sources.IValueTaskSource<TResult>.GetResult(Int16 token)
   at System.Net.Security.SslStream.ReadAsyncInternal[TIOAdapter](Memory`1 buffer, CancellationToken cancellationToken)
   at System.Runtime.CompilerServices.PoolingAsyncValueTaskMethodBuilder`1.StateMachineBox`1.System.Threading.Tasks.Sources.IValueTaskSource<TResult>.GetResult(Int16 token)
   at System.Net.Http.HttpConnection.SendAsync(HttpRequestMessage request, Boolean async, CancellationToken cancellationToken)
[2026-03-06 13:06:20Z ERR  BrokerServer] #####################################################
[2026-03-06 13:06:20Z ERR  BrokerServer] System.Net.Sockets.SocketException (995): The I/O operation has been aborted because of either a thread exit or an application request.
[2026-03-06 13:06:20Z WARN BrokerServer] Back off 5.271 seconds before next retry. 4 attempt left.
[2026-03-06 13:06:20Z INFO BrokerMessageListener] Get messages has been cancelled using local token source. Continue to get messages with new status.
[2026-03-06 13:20:07Z WARN GitHubActionsService] Attempt 1 of GET request to https://broker.actions.githubusercontent.com/message?sessionId=73926f4a-bbaa-48c0-8f1b-f019b5b8cb3b&status=Online&runnerVersion=2.332.0&os=Windows&architecture=X64&disableUpdate=false failed (Socket Error: ConnectionReset). The operation will be retried in 11.138 seconds.
[2026-03-07 05:06:47Z WARN GitHubActionsService] Attempt 2 of GET request to https://broker.actions.githubusercontent.com/message?sessionId=73926f4a-bbaa-48c0-8f1b-f019b5b8cb3b&status=Online&runnerVersion=2.332.0&os=Windows&architecture=X64&disableUpdate=false failed (Socket Error: HostNotFound). The operation will be retried in 13.045 seconds.
[2026-03-07 07:17:04Z INFO RSAEncryptedFileKeyManager] Loading RSA key parameters from file C:\Users\Anbarasan\Playwright_projects\Dashboard_Playwright_Automation\actions-runner\.credentials_rsaparams
[2026-03-07 07:17:18Z INFO GitHubActionsService] AAD Correlation ID for this token request: Unknown
[2026-03-07 07:17:18Z WARN GitHubActionsService] Retrieving an AAD auth token took a long time (27.6563692 seconds)
[2026-03-07 07:17:20Z INFO BrokerMessageListener] Acknowledging runner request '1cc7adf7-6331-530d-86cb-2cc551c4b404'.
[2026-03-07 07:17:20Z INFO ConfigurationStore] HasCredentials()
[2026-03-07 07:17:20Z INFO ConfigurationStore] stored True
[2026-03-07 07:17:20Z INFO CredentialManager] GetCredentialProvider
[2026-03-07 07:17:20Z INFO CredentialManager] Creating type OAuth
[2026-03-07 07:17:20Z INFO CredentialManager] Creating credential type: OAuth
[2026-03-07 07:17:20Z INFO RSAEncryptedFileKeyManager] Loading RSA key parameters from file C:\Users\Anbarasan\Playwright_projects\Dashboard_Playwright_Automation\actions-runner\.credentials_rsaparams
[2026-03-07 07:17:20Z INFO RSAEncryptedFileKeyManager] Loading RSA key parameters from file C:\Users\Anbarasan\Playwright_projects\Dashboard_Playwright_Automation\actions-runner\.credentials_rsaparams
[2026-03-07 07:17:20Z INFO RSAEncryptedFileKeyManager] Loading RSA key parameters from file C:\Users\Anbarasan\Playwright_projects\Dashboard_Playwright_Automation\actions-runner\.credentials_rsaparams
[2026-03-07 07:17:21Z INFO GitHubActionsService] AAD Correlation ID for this token request: Unknown
[2026-03-07 07:17:40Z INFO JobDispatcher] Job request 0 for plan 4cd12072-cfdd-4571-84f2-e0dc58919393 job 1cc7adf7-6331-530d-86cb-2cc551c4b404 received.
[2026-03-07 07:17:40Z INFO JobDispatcher] Pull OrchestrationId 4cd12072-cfdd-4571-84f2-e0dc58919393.test.__default from JWT claims
[2026-03-07 07:17:40Z INFO BrokerMessageListener] Received job status event. JobState: Busy
[2026-03-07 07:17:40Z INFO BrokerMessageListener] _getMessagesTokenSource is already disposed.
[2026-03-07 07:17:40Z INFO JobDispatcher] Job request ee8869cd-9e85-5cb2-86b6-d3710ee68be4 processed succeed.
[2026-03-07 07:17:40Z INFO Terminal] WRITE LINE: 2026-03-07 07:17:40Z: Running job: test
[2026-03-07 07:17:40Z INFO JobDispatcher] Start renew job request 0 for job 1cc7adf7-6331-530d-86cb-2cc551c4b404.
[2026-03-07 07:17:41Z INFO JobDispatcher] Successfully renew job 1cc7adf7-6331-530d-86cb-2cc551c4b404, job is valid till 3/7/2026 7:27:41 AM
[2026-03-07 07:17:41Z INFO HostContext] Well known directory 'Bin': 'C:\Users\Anbarasan\Playwright_projects\Dashboard_Playwright_Automation\actions-runner\bin'
[2026-03-07 07:17:41Z INFO ProcessInvokerWrapper] Starting process:
[2026-03-07 07:17:41Z INFO ProcessInvokerWrapper]   File name: 'C:\Users\Anbarasan\Playwright_projects\Dashboard_Playwright_Automation\actions-runner\bin\Runner.Worker.exe'
[2026-03-07 07:17:41Z INFO ProcessInvokerWrapper]   Arguments: 'spawnclient 2336 1540'
[2026-03-07 07:17:41Z INFO ProcessInvokerWrapper]   Working directory: 'C:\Users\Anbarasan\Playwright_projects\Dashboard_Playwright_Automation\actions-runner\bin'
[2026-03-07 07:17:41Z INFO ProcessInvokerWrapper]   Require exit code zero: 'False'
[2026-03-07 07:17:41Z INFO ProcessInvokerWrapper]   Encoding web name:  ; code page: ''
[2026-03-07 07:17:41Z INFO ProcessInvokerWrapper]   Force kill process on cancellation: 'True'
[2026-03-07 07:17:41Z INFO ProcessInvokerWrapper]   Redirected STDIN: 'False'
[2026-03-07 07:17:41Z INFO ProcessInvokerWrapper]   Persist current code page: 'False'
[2026-03-07 07:17:41Z INFO ProcessInvokerWrapper]   Keep redirected STDIN open: 'False'
[2026-03-07 07:17:41Z INFO ProcessInvokerWrapper]   High priority process: 'True'
[2026-03-07 07:17:41Z INFO ProcessInvokerWrapper] Process started with process id 13624, waiting for process exit.
[2026-03-07 07:17:41Z INFO JobDispatcher] Send job request message to worker for job 1cc7adf7-6331-530d-86cb-2cc551c4b404.
[2026-03-07 07:17:41Z INFO ProcessChannel] Sending message of length 19339, with hash '35a4c9c5f51c951adff70b9d2ae3798941c20f32ceaf75d2700f397a4081990e'
[2026-03-07 07:17:42Z INFO JobNotification] Entering JobStarted Notification
[2026-03-07 07:17:42Z INFO JobNotification] Entering StartMonitor
[2026-03-07 07:18:42Z INFO JobDispatcher] Successfully renew job 1cc7adf7-6331-530d-86cb-2cc551c4b404, job is valid till 3/7/2026 7:28:41 AM
[2026-03-07 07:19:42Z INFO JobDispatcher] Successfully renew job 1cc7adf7-6331-530d-86cb-2cc551c4b404, job is valid till 3/7/2026 7:29:42 AM
[2026-03-07 07:20:26Z INFO Terminal] WRITE LINE: Exiting...
[2026-03-07 07:20:26Z INFO ConfigurationStore] IsServiceConfigured()
[2026-03-07 07:20:26Z INFO ConfigurationStore] IsServiceConfigured: False
[2026-03-07 07:20:26Z INFO HostContext] Runner will be shutdown for UserCancelled
[2026-03-07 07:20:26Z WARN GitHubActionsService] GET request to https://broker.actions.githubusercontent.com/message?sessionId=73926f4a-bbaa-48c0-8f1b-f019b5b8cb3b&status=Busy&runnerVersion=2.332.0&os=Windows&architecture=X64&disableUpdate=false has been cancelled.
[2026-03-07 07:20:26Z ERR  BrokerServer] Catch exception during request
[2026-03-07 07:20:26Z ERR  BrokerServer] System.Threading.Tasks.TaskCanceledException: The operation was canceled.
 ---> System.Threading.Tasks.TaskCanceledException: The operation was canceled.
 ---> System.IO.IOException: Unable to read data from the transport connection: The I/O operation has been aborted because of either a thread exit or an application request..
 ---> System.Net.Sockets.SocketException (995): The I/O operation has been aborted because of either a thread exit or an application request.
   --- End of inner exception stack trace ---
   at System.Net.Sockets.Socket.AwaitableSocketAsyncEventArgs.System.Threading.Tasks.Sources.IValueTaskSource<System.Int32>.GetResult(Int16 token)
   at System.Net.Security.SslStream.EnsureFullTlsFrameAsync[TIOAdapter](CancellationToken cancellationToken, Int32 estimatedSize)
   at System.Runtime.CompilerServices.PoolingAsyncValueTaskMethodBuilder`1.StateMachineBox`1.System.Threading.Tasks.Sources.IValueTaskSource<TResult>.GetResult(Int16 token)
   at System.Net.Security.SslStream.ReadAsyncInternal[TIOAdapter](Memory`1 buffer, CancellationToken cancellationToken)
   at System.Runtime.CompilerServices.PoolingAsyncValueTaskMethodBuilder`1.StateMachineBox`1.System.Threading.Tasks.Sources.IValueTaskSource<TResult>.GetResult(Int16 token)
   at System.Net.Http.HttpConnection.SendAsync(HttpRequestMessage request, Boolean async, CancellationToken cancellationToken)
   --- End of inner exception stack trace ---
   at System.Net.Http.HttpConnection.SendAsync(HttpRequestMessage request, Boolean async, CancellationToken cancellationToken)
   at System.Net.Http.AuthenticationHelper.SendWithNtAuthAsync(HttpRequestMessage request, Uri authUri, Boolean async, ICredentials credentials, Boolean isProxyAuth, HttpConnection connection, HttpConnectionPool connectionPool, CancellationToken cancellationToken)
   at System.Net.Http.HttpConnectionPool.SendWithVersionDetectionAndRetryAsync(HttpRequestMessage request, Boolean async, Boolean doRequestAuth, CancellationToken cancellationToken)
   at System.Net.Http.AuthenticationHelper.SendWithAuthAsync(HttpRequestMessage request, Uri authUri, Boolean async, ICredentials credentials, Boolean preAuthenticate, Boolean isProxyAuth, Boolean doRequestAuth, HttpConnectionPool pool, CancellationToken cancellationToken)
   at System.Net.Http.RedirectHandler.SendAsync(HttpRequestMessage request, Boolean async, CancellationToken cancellationToken)
   at GitHub.Services.Common.RawHttpMessageHandler.SendAsync(HttpRequestMessage request, CancellationToken cancellationToken)
   at GitHub.Services.Common.VssHttpRetryMessageHandler.SendAsync(HttpRequestMessage request, CancellationToken cancellationToken)
   at System.Net.Http.HttpClient.<SendAsync>g__Core|83_0(HttpRequestMessage request, HttpCompletionOption completionOption, CancellationTokenSource cts, Boolean disposeCts, CancellationTokenSource pendingRequestsCts, CancellationToken originalCancellationToken)
   --- End of inner exception stack trace ---
   at System.Net.Http.HttpClient.HandleFailure(Exception e, Boolean telemetryStarted, HttpResponseMessage response, CancellationTokenSource cts, CancellationToken cancellationToken, CancellationTokenSource pendingRequestsCts)
   at System.Net.Http.HttpClient.<SendAsync>g__Core|83_0(HttpRequestMessage request, HttpCompletionOption completionOption, CancellationTokenSource cts, Boolean disposeCts, CancellationTokenSource pendingRequestsCts, CancellationToken originalCancellationToken)
   at Sdk.WebApi.WebApi.RawHttpClientBase.SendAsync(HttpRequestMessage message, HttpCompletionOption completionOption, Object userState, CancellationToken cancellationToken)
   at Sdk.WebApi.WebApi.RawHttpClientBase.SendAsync[T](HttpRequestMessage message, Boolean readErrorBody, Object userState, CancellationToken cancellationToken)
   at Sdk.WebApi.WebApi.RawHttpClientBase.SendAsync[T](HttpMethod method, IEnumerable`1 additionalHeaders, Uri requestUri, HttpContent content, IEnumerable`1 queryParameters, Boolean readErrorBody, Object userState, CancellationToken cancellationToken)
   at GitHub.Actions.RunService.WebApi.BrokerHttpClient.GetRunnerMessageAsync(Nullable`1 sessionId, String runnerVersion, Nullable`1 status, String os, String architecture, Nullable`1 disableUpdate, CancellationToken cancellationToken)
   at GitHub.Runner.Common.BrokerServer.<>c__DisplayClass7_0.<<GetRunnerMessageAsync>b__0>d.MoveNext()
--- End of stack trace from previous location ---
   at GitHub.Runner.Common.RunnerService.RetryRequest[T](Func`1 func, CancellationToken cancellationToken, Int32 maxAttempts, Func`2 shouldRetry)
[2026-03-07 07:20:26Z ERR  BrokerServer] #####################################################
[2026-03-07 07:20:26Z ERR  BrokerServer] System.Threading.Tasks.TaskCanceledException: The operation was canceled.
 ---> System.IO.IOException: Unable to read data from the transport connection: The I/O operation has been aborted because of either a thread exit or an application request..
 ---> System.Net.Sockets.SocketException (995): The I/O operation has been aborted because of either a thread exit or an application request.
   --- End of inner exception stack trace ---
   at System.Net.Sockets.Socket.AwaitableSocketAsyncEventArgs.System.Threading.Tasks.Sources.IValueTaskSource<System.Int32>.GetResult(Int16 token)
   at System.Net.Security.SslStream.EnsureFullTlsFrameAsync[TIOAdapter](CancellationToken cancellationToken, Int32 estimatedSize)
   at System.Runtime.CompilerServices.PoolingAsyncValueTaskMethodBuilder`1.StateMachineBox`1.System.Threading.Tasks.Sources.IValueTaskSource<TResult>.GetResult(Int16 token)
   at System.Net.Security.SslStream.ReadAsyncInternal[TIOAdapter](Memory`1 buffer, CancellationToken cancellationToken)
   at System.Runtime.CompilerServices.PoolingAsyncValueTaskMethodBuilder`1.StateMachineBox`1.System.Threading.Tasks.Sources.IValueTaskSource<TResult>.GetResult(Int16 token)
   at System.Net.Http.HttpConnection.SendAsync(HttpRequestMessage request, Boolean async, CancellationToken cancellationToken)
   --- End of inner exception stack trace ---
   at System.Net.Http.HttpConnection.SendAsync(HttpRequestMessage request, Boolean async, CancellationToken cancellationToken)
   at System.Net.Http.AuthenticationHelper.SendWithNtAuthAsync(HttpRequestMessage request, Uri authUri, Boolean async, ICredentials credentials, Boolean isProxyAuth, HttpConnection connection, HttpConnectionPool connectionPool, CancellationToken cancellationToken)
   at System.Net.Http.HttpConnectionPool.SendWithVersionDetectionAndRetryAsync(HttpRequestMessage request, Boolean async, Boolean doRequestAuth, CancellationToken cancellationToken)
   at System.Net.Http.AuthenticationHelper.SendWithAuthAsync(HttpRequestMessage request, Uri authUri, Boolean async, ICredentials credentials, Boolean preAuthenticate, Boolean isProxyAuth, Boolean doRequestAuth, HttpConnectionPool pool, CancellationToken cancellationToken)
   at System.Net.Http.RedirectHandler.SendAsync(HttpRequestMessage request, Boolean async, CancellationToken cancellationToken)
   at GitHub.Services.Common.RawHttpMessageHandler.SendAsync(HttpRequestMessage request, CancellationToken cancellationToken)
   at GitHub.Services.Common.VssHttpRetryMessageHandler.SendAsync(HttpRequestMessage request, CancellationToken cancellationToken)
   at System.Net.Http.HttpClient.<SendAsync>g__Core|83_0(HttpRequestMessage request, HttpCompletionOption completionOption, CancellationTokenSource cts, Boolean disposeCts, CancellationTokenSource pendingRequestsCts, CancellationToken originalCancellationToken)
[2026-03-07 07:20:26Z ERR  BrokerServer] #####################################################
[2026-03-07 07:20:26Z ERR  BrokerServer] System.IO.IOException: Unable to read data from the transport connection: The I/O operation has been aborted because of either a thread exit or an application request..
 ---> System.Net.Sockets.SocketException (995): The I/O operation has been aborted because of either a thread exit or an application request.
   --- End of inner exception stack trace ---
   at System.Net.Sockets.Socket.AwaitableSocketAsyncEventArgs.System.Threading.Tasks.Sources.IValueTaskSource<System.Int32>.GetResult(Int16 token)
   at System.Net.Security.SslStream.EnsureFullTlsFrameAsync[TIOAdapter](CancellationToken cancellationToken, Int32 estimatedSize)
   at System.Runtime.CompilerServices.PoolingAsyncValueTaskMethodBuilder`1.StateMachineBox`1.System.Threading.Tasks.Sources.IValueTaskSource<TResult>.GetResult(Int16 token)
   at System.Net.Security.SslStream.ReadAsyncInternal[TIOAdapter](Memory`1 buffer, CancellationToken cancellationToken)
   at System.Runtime.CompilerServices.PoolingAsyncValueTaskMethodBuilder`1.StateMachineBox`1.System.Threading.Tasks.Sources.IValueTaskSource<TResult>.GetResult(Int16 token)
   at System.Net.Http.HttpConnection.SendAsync(HttpRequestMessage request, Boolean async, CancellationToken cancellationToken)
[2026-03-07 07:20:26Z ERR  BrokerServer] #####################################################
[2026-03-07 07:20:26Z ERR  BrokerServer] System.Net.Sockets.SocketException (995): The I/O operation has been aborted because of either a thread exit or an application request.
[2026-03-07 07:20:26Z WARN BrokerServer] Back off 14.068 seconds before next retry. 4 attempt left.
[2026-03-07 07:20:26Z INFO BrokerMessageListener] Get next message has been cancelled.
[2026-03-07 07:20:26Z INFO JobDispatcher] Shutting down JobDispatcher. Make sure all WorkerDispatcher has finished.
[2026-03-07 07:20:26Z INFO JobDispatcher] Ensure WorkerDispatcher for job 1cc7adf7-6331-530d-86cb-2cc551c4b404 run to finish, cancel any running job.
[2026-03-07 07:20:26Z INFO JobDispatcher] Send job cancellation message to worker for job 1cc7adf7-6331-530d-86cb-2cc551c4b404.
[2026-03-07 07:20:26Z INFO ProcessChannel] Sending message of length 0, with hash 'e3b0c44298fc1c149afbf4c8996fb92427ae41e4649b934ca495991b7852b855'
[2026-03-07 07:20:33Z INFO ProcessInvokerWrapper] STDOUT/STDERR stream read finished.
[2026-03-07 07:20:33Z INFO ProcessInvokerWrapper] STDOUT/STDERR stream read finished.
[2026-03-07 07:20:33Z INFO ProcessInvokerWrapper] Finished process 13624 with exit code 102, and elapsed time 00:02:51.7728918.
[2026-03-07 07:20:33Z INFO JobDispatcher] finish job request for job 1cc7adf7-6331-530d-86cb-2cc551c4b404 with result: Canceled
[2026-03-07 07:20:33Z INFO Terminal] WRITE LINE: 2026-03-07 07:20:33Z: Job test completed with result: Canceled
[2026-03-07 07:20:33Z INFO JobDispatcher] Stop renew job request for job 1cc7adf7-6331-530d-86cb-2cc551c4b404.
[2026-03-07 07:20:33Z INFO JobDispatcher] job renew has been cancelled, stop renew job 1cc7adf7-6331-530d-86cb-2cc551c4b404.
[2026-03-07 07:20:33Z INFO JobNotification] Entering JobCompleted Notification
[2026-03-07 07:20:33Z INFO JobNotification] Entering EndMonitor
[2026-03-07 07:20:33Z INFO Runner] Deleting Runner Session...
[2026-03-07 07:20:35Z INFO Listener] Runner execution been cancelled.
