[2026-03-06 11:24:27Z INFO HostContext] No proxy settings were found based on environmental variables (http_proxy/https_proxy/HTTP_PROXY/HTTPS_PROXY)
[2026-03-06 11:24:27Z INFO HostContext] Well known directory 'Bin': 'C:\Users\Anbarasan\Playwright_projects\Dashboard_Playwright_Automation\actions-runner\bin'
[2026-03-06 11:24:27Z INFO HostContext] Well known directory 'Root': 'C:\Users\Anbarasan\Playwright_projects\Dashboard_Playwright_Automation\actions-runner'
[2026-03-06 11:24:27Z INFO HostContext] Well known config file 'Credentials': 'C:\Users\Anbarasan\Playwright_projects\Dashboard_Playwright_Automation\actions-runner\.credentials'
[2026-03-06 11:24:27Z INFO HostContext] Well known directory 'Bin': 'C:\Users\Anbarasan\Playwright_projects\Dashboard_Playwright_Automation\actions-runner\bin'
[2026-03-06 11:24:27Z INFO HostContext] Well known directory 'Root': 'C:\Users\Anbarasan\Playwright_projects\Dashboard_Playwright_Automation\actions-runner'
[2026-03-06 11:24:27Z INFO HostContext] Well known config file 'Runner': 'C:\Users\Anbarasan\Playwright_projects\Dashboard_Playwright_Automation\actions-runner\.runner'
[2026-03-06 11:24:27Z INFO Listener] Runner is built for Windows (X64) - win-x64.
[2026-03-06 11:24:27Z INFO Listener] RuntimeInformation: Microsoft Windows 10.0.26200.
[2026-03-06 11:24:27Z INFO Listener] Version: 2.332.0
[2026-03-06 11:24:27Z INFO Listener] Commit: a153d802ff96c51ac1b8d72dd8a38ebe830398fc
[2026-03-06 11:24:27Z INFO Listener] Culture: en-US
[2026-03-06 11:24:27Z INFO Listener] UI Culture: en-US
[2026-03-06 11:24:27Z INFO HostContext] Well known directory 'Bin': 'C:\Users\Anbarasan\Playwright_projects\Dashboard_Playwright_Automation\actions-runner\bin'
[2026-03-06 11:24:27Z INFO HostContext] Well known directory 'Root': 'C:\Users\Anbarasan\Playwright_projects\Dashboard_Playwright_Automation\actions-runner'
[2026-03-06 11:24:27Z INFO Listener] Validating directory permissions for: 'C:\Users\Anbarasan\Playwright_projects\Dashboard_Playwright_Automation\actions-runner'
[2026-03-06 11:24:27Z INFO CommandLineParser] Parse
[2026-03-06 11:24:27Z INFO CommandLineParser] Parsing 1 args
[2026-03-06 11:24:27Z INFO CommandLineParser] parsing argument
[2026-03-06 11:24:27Z INFO CommandLineParser] HasArgs: False
[2026-03-06 11:24:27Z INFO CommandLineParser] Adding Command: run
[2026-03-06 11:24:27Z INFO Listener] Arguments parsed
[2026-03-06 11:24:27Z INFO Runner] ExecuteCommand
[2026-03-06 11:24:27Z INFO ConfigurationStore] currentAssemblyLocation: C:\Users\Anbarasan\Playwright_projects\Dashboard_Playwright_Automation\actions-runner\bin\Runner.Listener.dll
[2026-03-06 11:24:27Z INFO HostContext] Well known directory 'Bin': 'C:\Users\Anbarasan\Playwright_projects\Dashboard_Playwright_Automation\actions-runner\bin'
[2026-03-06 11:24:27Z INFO ConfigurationStore] binPath: C:\Users\Anbarasan\Playwright_projects\Dashboard_Playwright_Automation\actions-runner\bin
[2026-03-06 11:24:27Z INFO HostContext] Well known directory 'Bin': 'C:\Users\Anbarasan\Playwright_projects\Dashboard_Playwright_Automation\actions-runner\bin'
[2026-03-06 11:24:27Z INFO HostContext] Well known directory 'Root': 'C:\Users\Anbarasan\Playwright_projects\Dashboard_Playwright_Automation\actions-runner'
[2026-03-06 11:24:27Z INFO ConfigurationStore] RootFolder: C:\Users\Anbarasan\Playwright_projects\Dashboard_Playwright_Automation\actions-runner
[2026-03-06 11:24:27Z INFO HostContext] Well known directory 'Bin': 'C:\Users\Anbarasan\Playwright_projects\Dashboard_Playwright_Automation\actions-runner\bin'
[2026-03-06 11:24:27Z INFO HostContext] Well known directory 'Root': 'C:\Users\Anbarasan\Playwright_projects\Dashboard_Playwright_Automation\actions-runner'
[2026-03-06 11:24:27Z INFO HostContext] Well known config file 'Runner': 'C:\Users\Anbarasan\Playwright_projects\Dashboard_Playwright_Automation\actions-runner\.runner'
[2026-03-06 11:24:27Z INFO ConfigurationStore] ConfigFilePath: C:\Users\Anbarasan\Playwright_projects\Dashboard_Playwright_Automation\actions-runner\.runner
[2026-03-06 11:24:27Z INFO HostContext] Well known directory 'Bin': 'C:\Users\Anbarasan\Playwright_projects\Dashboard_Playwright_Automation\actions-runner\bin'
[2026-03-06 11:24:27Z INFO HostContext] Well known directory 'Root': 'C:\Users\Anbarasan\Playwright_projects\Dashboard_Playwright_Automation\actions-runner'
[2026-03-06 11:24:27Z INFO HostContext] Well known config file 'MigratedRunner': 'C:\Users\Anbarasan\Playwright_projects\Dashboard_Playwright_Automation\actions-runner\.runner_migrated'
[2026-03-06 11:24:27Z INFO ConfigurationStore] MigratedConfigFilePath: C:\Users\Anbarasan\Playwright_projects\Dashboard_Playwright_Automation\actions-runner\.runner_migrated
[2026-03-06 11:24:27Z INFO HostContext] Well known directory 'Bin': 'C:\Users\Anbarasan\Playwright_projects\Dashboard_Playwright_Automation\actions-runner\bin'
[2026-03-06 11:24:27Z INFO HostContext] Well known directory 'Root': 'C:\Users\Anbarasan\Playwright_projects\Dashboard_Playwright_Automation\actions-runner'
[2026-03-06 11:24:27Z INFO HostContext] Well known config file 'Credentials': 'C:\Users\Anbarasan\Playwright_projects\Dashboard_Playwright_Automation\actions-runner\.credentials'
[2026-03-06 11:24:27Z INFO ConfigurationStore] CredFilePath: C:\Users\Anbarasan\Playwright_projects\Dashboard_Playwright_Automation\actions-runner\.credentials
[2026-03-06 11:24:27Z INFO HostContext] Well known directory 'Bin': 'C:\Users\Anbarasan\Playwright_projects\Dashboard_Playwright_Automation\actions-runner\bin'
[2026-03-06 11:24:27Z INFO HostContext] Well known directory 'Root': 'C:\Users\Anbarasan\Playwright_projects\Dashboard_Playwright_Automation\actions-runner'
[2026-03-06 11:24:27Z INFO HostContext] Well known config file 'MigratedCredentials': 'C:\Users\Anbarasan\Playwright_projects\Dashboard_Playwright_Automation\actions-runner\.credentials_migrated'
[2026-03-06 11:24:27Z INFO ConfigurationStore] MigratedCredFilePath: C:\Users\Anbarasan\Playwright_projects\Dashboard_Playwright_Automation\actions-runner\.credentials_migrated
[2026-03-06 11:24:27Z INFO HostContext] Well known directory 'Bin': 'C:\Users\Anbarasan\Playwright_projects\Dashboard_Playwright_Automation\actions-runner\bin'
[2026-03-06 11:24:27Z INFO HostContext] Well known directory 'Root': 'C:\Users\Anbarasan\Playwright_projects\Dashboard_Playwright_Automation\actions-runner'
[2026-03-06 11:24:27Z INFO HostContext] Well known config file 'Service': 'C:\Users\Anbarasan\Playwright_projects\Dashboard_Playwright_Automation\actions-runner\.service'
[2026-03-06 11:24:27Z INFO ConfigurationStore] ServiceConfigFilePath: C:\Users\Anbarasan\Playwright_projects\Dashboard_Playwright_Automation\actions-runner\.service
[2026-03-06 11:24:27Z INFO CommandSettings] Flag 'help': 'False'
[2026-03-06 11:24:27Z INFO CommandSettings] Flag 'version': 'False'
[2026-03-06 11:24:27Z INFO CommandSettings] Flag 'commit': 'False'
[2026-03-06 11:24:27Z INFO CommandSettings] Flag 'check': 'False'
[2026-03-06 11:24:27Z INFO CommandSettings] Command 'configure': 'False'
[2026-03-06 11:24:27Z INFO CommandSettings] Command 'remove': 'False'
[2026-03-06 11:24:27Z INFO CommandSettings] Command 'warmup': 'False'
[2026-03-06 11:24:27Z INFO ConfigurationManager] LoadSettings
[2026-03-06 11:24:27Z INFO ConfigurationStore] IsConfigured()
[2026-03-06 11:24:27Z INFO ConfigurationStore] IsConfigured: True
[2026-03-06 11:24:27Z INFO ConfigurationManager] Is configured: True
[2026-03-06 11:24:27Z INFO ConfigurationStore] Read setting file: 391 chars
[2026-03-06 11:24:27Z INFO ConfigurationManager] Settings Loaded
[2026-03-06 11:24:27Z INFO ConfigurationStore] IsServiceConfigured()
[2026-03-06 11:24:27Z INFO ConfigurationStore] IsServiceConfigured: False
[2026-03-06 11:24:27Z INFO CommandSettings] Command 'run': 'True'
[2026-03-06 11:24:27Z INFO ConfigurationStore] IsConfigured()
[2026-03-06 11:24:27Z INFO ConfigurationStore] IsConfigured: True
[2026-03-06 11:24:27Z INFO ConfigurationManager] Is configured: True
[2026-03-06 11:24:27Z INFO Runner] Could not parse the argument value '' for StartupType. Defaulting to Manual
[2026-03-06 11:24:27Z INFO Runner] Set runner startup type - Manual
[2026-03-06 11:24:27Z INFO CommandSettings] Flag 'once': 'False'
[2026-03-06 11:24:27Z INFO CommandSettings] Flag 'once': 'False'
[2026-03-06 11:24:27Z INFO Runner] RunAsync
[2026-03-06 11:24:27Z INFO HostContext] Well known directory 'Bin': 'C:\Users\Anbarasan\Playwright_projects\Dashboard_Playwright_Automation\actions-runner\bin'
[2026-03-06 11:24:27Z INFO HostContext] Well known directory 'Root': 'C:\Users\Anbarasan\Playwright_projects\Dashboard_Playwright_Automation\actions-runner'
[2026-03-06 11:24:27Z INFO HostContext] Well known directory 'Work': 'C:\Users\Anbarasan\Playwright_projects\Dashboard_Playwright_Automation\actions-runner\_work'
[2026-03-06 11:24:27Z INFO Runner] Validating directory permissions for: 'C:\Users\Anbarasan\Playwright_projects\Dashboard_Playwright_Automation\actions-runner\_work'
[2026-03-06 11:24:27Z INFO ConfigurationManager] LoadMigratedSettings
[2026-03-06 11:24:27Z INFO ConfigurationStore] IsMigratedConfigured()
[2026-03-06 11:24:27Z INFO ConfigurationStore] IsMigratedConfigured: False
[2026-03-06 11:24:27Z INFO Runner] Failed to load migrated settings: No migrated configuration found.
[2026-03-06 11:24:27Z INFO Runner] Falling back to original .runner settings
[2026-03-06 11:24:27Z INFO Runner] Using BrokerMessageListener
[2026-03-06 11:24:27Z INFO BrokerMessageListener] Using provided settings
[2026-03-06 11:24:27Z INFO BrokerMessageListener] {
  "AgentId": 2,
  "AgentName": "YS054",
  "PoolId": 1,
  "PoolName": "Default",
  "ServerUrl": "https://pipelinesghubeus4.actions.githubusercontent.com/PtinZfjCuIWJ6Bdx1cEzJY10YBwmSvttTUzzVTQ867x8blVYmJ/",
  "GitHubUrl": "https://github.com/Anbarasan2000/Yosi_chat",
  "WorkFolder": "_work",
  "UseV2Flow": true,
  "ServerUrlV2": "https://broker.actions.githubusercontent.com/"
}
[2026-03-06 11:24:27Z INFO BrokerMessageListener] Loading Credentials
[2026-03-06 11:24:27Z INFO ConfigurationStore] HasCredentials()
[2026-03-06 11:24:27Z INFO ConfigurationStore] stored True
[2026-03-06 11:24:27Z INFO CredentialManager] GetCredentialProvider
[2026-03-06 11:24:27Z INFO CredentialManager] Creating type OAuth
[2026-03-06 11:24:27Z INFO CredentialManager] Creating credential type: OAuth
[2026-03-06 11:24:27Z INFO HostContext] Well known directory 'Bin': 'C:\Users\Anbarasan\Playwright_projects\Dashboard_Playwright_Automation\actions-runner\bin'
[2026-03-06 11:24:27Z INFO HostContext] Well known directory 'Root': 'C:\Users\Anbarasan\Playwright_projects\Dashboard_Playwright_Automation\actions-runner'
[2026-03-06 11:24:27Z INFO HostContext] Well known config file 'RSACredentials': 'C:\Users\Anbarasan\Playwright_projects\Dashboard_Playwright_Automation\actions-runner\.credentials_rsaparams'
[2026-03-06 11:24:27Z INFO RSAEncryptedFileKeyManager] Loading RSA key parameters from file C:\Users\Anbarasan\Playwright_projects\Dashboard_Playwright_Automation\actions-runner\.credentials_rsaparams
[2026-03-06 11:24:28Z INFO BrokerMessageListener] Attempt to create session.
[2026-03-06 11:24:28Z INFO BrokerMessageListener] Connecting to the Broker Server...
[2026-03-06 11:24:28Z INFO ConfigurationStore] HasCredentials()
[2026-03-06 11:24:28Z INFO ConfigurationStore] stored True
[2026-03-06 11:24:28Z INFO CredentialManager] GetCredentialProvider
[2026-03-06 11:24:28Z INFO CredentialManager] Creating type OAuth
[2026-03-06 11:24:28Z INFO CredentialManager] Creating credential type: OAuth
[2026-03-06 11:24:28Z INFO RSAEncryptedFileKeyManager] Loading RSA key parameters from file C:\Users\Anbarasan\Playwright_projects\Dashboard_Playwright_Automation\actions-runner\.credentials_rsaparams
[2026-03-06 11:24:28Z INFO BrokerMessageListener] VssConnection created
[2026-03-06 11:24:28Z INFO BrokerMessageListener] Connecting to the Runner server...
[2026-03-06 11:24:28Z INFO RunnerServer] EstablishVssConnection
[2026-03-06 11:24:28Z INFO RunnerServer] Establish connection with 100 seconds timeout.
[2026-03-06 11:24:28Z INFO GitHubActionsService] Starting operation Location.GetConnectionData
[2026-03-06 11:24:28Z INFO RunnerServer] EstablishVssConnection
[2026-03-06 11:24:28Z INFO RunnerServer] Establish connection with 60 seconds timeout.
[2026-03-06 11:24:28Z INFO GitHubActionsService] Starting operation Location.GetConnectionData
[2026-03-06 11:24:28Z INFO RunnerServer] EstablishVssConnection
[2026-03-06 11:24:28Z INFO RunnerServer] Establish connection with 60 seconds timeout.
[2026-03-06 11:24:28Z INFO GitHubActionsService] Starting operation Location.GetConnectionData
[2026-03-06 11:24:30Z INFO GitHubActionsService] Finished operation Location.GetConnectionData
[2026-03-06 11:24:30Z INFO GitHubActionsService] Finished operation Location.GetConnectionData
[2026-03-06 11:24:30Z INFO GitHubActionsService] Finished operation Location.GetConnectionData
[2026-03-06 11:24:30Z INFO BrokerMessageListener] VssConnection created
[2026-03-06 11:24:30Z INFO Terminal] WRITE LINE: 
[2026-03-06 11:24:30Z INFO Terminal] WRITE LINE: 
[2026-03-06 11:24:30Z INFO RSAEncryptedFileKeyManager] Loading RSA key parameters from file C:\Users\Anbarasan\Playwright_projects\Dashboard_Playwright_Automation\actions-runner\.credentials_rsaparams
[2026-03-06 11:24:30Z INFO RSAEncryptedFileKeyManager] Loading RSA key parameters from file C:\Users\Anbarasan\Playwright_projects\Dashboard_Playwright_Automation\actions-runner\.credentials_rsaparams
[2026-03-06 11:24:31Z INFO GitHubActionsService] AAD Correlation ID for this token request: Unknown
[2026-03-06 11:24:33Z INFO BrokerMessageListener] Session created.
[2026-03-06 11:24:33Z INFO Terminal] WRITE LINE: Current runner version: '2.332.0'
[2026-03-06 11:24:33Z INFO Terminal] WRITE LINE: 2026-03-06 11:24:33Z: Listening for Jobs
[2026-03-06 11:24:33Z INFO JobDispatcher] Set runner/worker IPC timeout to 30 seconds.
[2026-03-06 11:24:33Z INFO BrokerMessageListener] Acknowledging runner request '2e7d93eb-7dd1-53f9-a77d-2d2e82ebab81'.
[2026-03-06 11:24:34Z INFO ConfigurationStore] HasCredentials()
[2026-03-06 11:24:34Z INFO ConfigurationStore] stored True
[2026-03-06 11:24:34Z INFO CredentialManager] GetCredentialProvider
[2026-03-06 11:24:34Z INFO CredentialManager] Creating type OAuth
[2026-03-06 11:24:34Z INFO CredentialManager] Creating credential type: OAuth
[2026-03-06 11:24:34Z INFO RSAEncryptedFileKeyManager] Loading RSA key parameters from file C:\Users\Anbarasan\Playwright_projects\Dashboard_Playwright_Automation\actions-runner\.credentials_rsaparams
[2026-03-06 11:24:34Z INFO RSAEncryptedFileKeyManager] Loading RSA key parameters from file C:\Users\Anbarasan\Playwright_projects\Dashboard_Playwright_Automation\actions-runner\.credentials_rsaparams
[2026-03-06 11:24:34Z INFO RSAEncryptedFileKeyManager] Loading RSA key parameters from file C:\Users\Anbarasan\Playwright_projects\Dashboard_Playwright_Automation\actions-runner\.credentials_rsaparams
[2026-03-06 11:24:35Z INFO GitHubActionsService] AAD Correlation ID for this token request: Unknown
[2026-03-06 11:24:37Z INFO JobDispatcher] Job request 0 for plan cc673571-c627-4929-ad4b-2a493ee0185a job 2e7d93eb-7dd1-53f9-a77d-2d2e82ebab81 received.
[2026-03-06 11:24:37Z INFO JobDispatcher] Pull OrchestrationId cc673571-c627-4929-ad4b-2a493ee0185a.test.__default from JWT claims
[2026-03-06 11:24:37Z INFO BrokerMessageListener] Received job status event. JobState: Busy
[2026-03-06 11:24:37Z INFO BrokerMessageListener] _getMessagesTokenSource is already disposed.
[2026-03-06 11:24:37Z INFO Terminal] WRITE LINE: 2026-03-06 11:24:37Z: Running job: test
[2026-03-06 11:24:37Z INFO JobDispatcher] Start renew job request 0 for job 2e7d93eb-7dd1-53f9-a77d-2d2e82ebab81.
[2026-03-06 11:24:38Z INFO JobDispatcher] Successfully renew job 2e7d93eb-7dd1-53f9-a77d-2d2e82ebab81, job is valid till 3/6/2026 11:34:40 AM
[2026-03-06 11:24:38Z INFO HostContext] Well known directory 'Bin': 'C:\Users\Anbarasan\Playwright_projects\Dashboard_Playwright_Automation\actions-runner\bin'
[2026-03-06 11:24:38Z INFO ProcessInvokerWrapper] Starting process:
[2026-03-06 11:24:38Z INFO ProcessInvokerWrapper]   File name: 'C:\Users\Anbarasan\Playwright_projects\Dashboard_Playwright_Automation\actions-runner\bin\Runner.Worker.exe'
[2026-03-06 11:24:38Z INFO ProcessInvokerWrapper]   Arguments: 'spawnclient 2316 2336'
[2026-03-06 11:24:38Z INFO ProcessInvokerWrapper]   Working directory: 'C:\Users\Anbarasan\Playwright_projects\Dashboard_Playwright_Automation\actions-runner\bin'
[2026-03-06 11:24:38Z INFO ProcessInvokerWrapper]   Require exit code zero: 'False'
[2026-03-06 11:24:38Z INFO ProcessInvokerWrapper]   Encoding web name:  ; code page: ''
[2026-03-06 11:24:38Z INFO ProcessInvokerWrapper]   Force kill process on cancellation: 'True'
[2026-03-06 11:24:38Z INFO ProcessInvokerWrapper]   Redirected STDIN: 'False'
[2026-03-06 11:24:38Z INFO ProcessInvokerWrapper]   Persist current code page: 'False'
[2026-03-06 11:24:38Z INFO ProcessInvokerWrapper]   Keep redirected STDIN open: 'False'
[2026-03-06 11:24:38Z INFO ProcessInvokerWrapper]   High priority process: 'True'
[2026-03-06 11:24:38Z INFO ProcessInvokerWrapper] Process started with process id 25536, waiting for process exit.
[2026-03-06 11:24:38Z INFO JobDispatcher] Send job request message to worker for job 2e7d93eb-7dd1-53f9-a77d-2d2e82ebab81.
[2026-03-06 11:24:38Z INFO ProcessChannel] Sending message of length 22391, with hash '7a6b4eff7bde9627b2ec00be286aa3e1c90a6a73018356a209f04e057bfd6848'
[2026-03-06 11:24:39Z INFO JobNotification] Entering JobStarted Notification
[2026-03-06 11:24:39Z INFO JobNotification] Entering StartMonitor
[2026-03-06 11:25:39Z INFO JobDispatcher] Successfully renew job 2e7d93eb-7dd1-53f9-a77d-2d2e82ebab81, job is valid till 3/6/2026 11:35:41 AM
[2026-03-06 11:26:39Z INFO JobDispatcher] Successfully renew job 2e7d93eb-7dd1-53f9-a77d-2d2e82ebab81, job is valid till 3/6/2026 11:36:41 AM
[2026-03-06 11:27:39Z INFO JobDispatcher] Successfully renew job 2e7d93eb-7dd1-53f9-a77d-2d2e82ebab81, job is valid till 3/6/2026 11:37:42 AM
[2026-03-06 11:28:40Z INFO JobDispatcher] Successfully renew job 2e7d93eb-7dd1-53f9-a77d-2d2e82ebab81, job is valid till 3/6/2026 11:38:42 AM
[2026-03-06 11:28:59Z INFO ProcessInvokerWrapper] STDOUT/STDERR stream read finished.
[2026-03-06 11:28:59Z INFO ProcessInvokerWrapper] STDOUT/STDERR stream read finished.
[2026-03-06 11:28:59Z INFO ProcessInvokerWrapper] Finished process 25536 with exit code 102, and elapsed time 00:04:21.3397425.
[2026-03-06 11:28:59Z INFO JobDispatcher] Worker finished for job 2e7d93eb-7dd1-53f9-a77d-2d2e82ebab81. Code: 102
[2026-03-06 11:29:00Z INFO JobDispatcher] finish job request for job 2e7d93eb-7dd1-53f9-a77d-2d2e82ebab81 with result: Failed
[2026-03-06 11:29:00Z INFO Terminal] WRITE LINE: 2026-03-06 11:29:00Z: Job test completed with result: Failed
[2026-03-06 11:29:00Z INFO JobDispatcher] Stop renew job request for job 2e7d93eb-7dd1-53f9-a77d-2d2e82ebab81.
[2026-03-06 11:29:00Z INFO JobDispatcher] job renew has been cancelled, stop renew job 2e7d93eb-7dd1-53f9-a77d-2d2e82ebab81.
[2026-03-06 11:29:00Z INFO JobNotification] Entering JobCompleted Notification
[2026-03-06 11:29:00Z INFO JobNotification] Entering EndMonitor
[2026-03-06 11:29:00Z INFO BrokerMessageListener] Received job status event. JobState: Online
[2026-03-06 11:29:00Z WARN GitHubActionsService] GET request to https://broker.actions.githubusercontent.com/message?sessionId=af2eaef7-f85a-46a8-8c8e-9cb1f3085a31&status=Busy&runnerVersion=2.332.0&os=Windows&architecture=X64&disableUpdate=false has been cancelled.
[2026-03-06 11:29:00Z ERR  BrokerServer] Catch exception during request
[2026-03-06 11:29:00Z ERR  BrokerServer] System.Threading.Tasks.TaskCanceledException: The operation was canceled.
 ---> System.Threading.Tasks.TaskCanceledException: The operation was canceled.
 ---> System.IO.IOException: Unable to read data from the transport connection: The I/O operation has been aborted because of either a thread exit or an application request..
 ---> System.Net.Sockets.SocketException (995): The I/O operation has been aborted because of either a thread exit or an application request.
   --- End of inner exception stack trace ---
   at System.Net.Sockets.Socket.AwaitableSocketAsyncEventArgs.ThrowException(SocketError error, CancellationToken cancellationToken)
   at System.Net.Sockets.Socket.AwaitableSocketAsyncEventArgs.System.Threading.Tasks.Sources.IValueTaskSource<System.Int32>.GetResult(Int16 token)
   at System.Net.Security.SslStream.EnsureFullTlsFrameAsync[TIOAdapter](CancellationToken cancellationToken, Int32 estimatedSize)
   at System.Runtime.CompilerServices.PoolingAsyncValueTaskMethodBuilder`1.StateMachineBox`1.System.Threading.Tasks.Sources.IValueTaskSource<TResult>.GetResult(Int16 token)
   at System.Net.Security.SslStream.ReadAsyncInternal[TIOAdapter](Memory`1 buffer, CancellationToken cancellationToken)
   at System.Runtime.CompilerServices.PoolingAsyncValueTaskMethodBuilder`1.StateMachineBox`1.System.Threading.Tasks.Sources.IValueTaskSource<TResult>.GetResult(Int16 token)
   at System.Net.Http.HttpConnection.SendAsync(HttpRequestMessage request, Boolean async, CancellationToken cancellationToken)
   --- End of inner exception stack trace ---
   at System.Net.Http.HttpConnection.SendAsync(HttpRequestMessage request, Boolean async, CancellationToken cancellationToken)
   at System.Net.Http.AuthenticationHelper.SendWithNtAuthAsync(HttpRequestMessage request, Uri authUri, Boolean async, ICredentials credentials, Boolean isProxyAuth, HttpConnection connection, HttpConnectionPool connectionPool, CancellationToken cancellationToken)
   at System.Net.Http.HttpConnectionPool.SendWithVersionDetectionAndRetryAsync(HttpRequestMessage request, Boolean async, Boolean doRequestAuth, CancellationToken cancellationToken)
   at System.Net.Http.AuthenticationHelper.SendWithAuthAsync(HttpRequestMessage request, Uri authUri, Boolean async, ICredentials credentials, Boolean preAuthenticate, Boolean isProxyAuth, Boolean doRequestAuth, HttpConnectionPool pool, CancellationToken cancellationToken)
   at System.Net.Http.RedirectHandler.SendAsync(HttpRequestMessage request, Boolean async, CancellationToken cancellationToken)
   at GitHub.Services.Common.RawHttpMessageHandler.SendAsync(HttpRequestMessage request, CancellationToken cancellationToken)
   at GitHub.Services.Common.VssHttpRetryMessageHandler.SendAsync(HttpRequestMessage request, CancellationToken cancellationToken)
   at System.Net.Http.HttpClient.<SendAsync>g__Core|83_0(HttpRequestMessage request, HttpCompletionOption completionOption, CancellationTokenSource cts, Boolean disposeCts, CancellationTokenSource pendingRequestsCts, CancellationToken originalCancellationToken)
   --- End of inner exception stack trace ---
   at System.Net.Http.HttpClient.HandleFailure(Exception e, Boolean telemetryStarted, HttpResponseMessage response, CancellationTokenSource cts, CancellationToken cancellationToken, CancellationTokenSource pendingRequestsCts)
   at System.Net.Http.HttpClient.<SendAsync>g__Core|83_0(HttpRequestMessage request, HttpCompletionOption completionOption, CancellationTokenSource cts, Boolean disposeCts, CancellationTokenSource pendingRequestsCts, CancellationToken originalCancellationToken)
   at Sdk.WebApi.WebApi.RawHttpClientBase.SendAsync(HttpRequestMessage message, HttpCompletionOption completionOption, Object userState, CancellationToken cancellationToken)
   at Sdk.WebApi.WebApi.RawHttpClientBase.SendAsync[T](HttpRequestMessage message, Boolean readErrorBody, Object userState, CancellationToken cancellationToken)
   at Sdk.WebApi.WebApi.RawHttpClientBase.SendAsync[T](HttpMethod method, IEnumerable`1 additionalHeaders, Uri requestUri, HttpContent content, IEnumerable`1 queryParameters, Boolean readErrorBody, Object userState, CancellationToken cancellationToken)
   at GitHub.Actions.RunService.WebApi.BrokerHttpClient.GetRunnerMessageAsync(Nullable`1 sessionId, String runnerVersion, Nullable`1 status, String os, String architecture, Nullable`1 disableUpdate, CancellationToken cancellationToken)
   at GitHub.Runner.Common.BrokerServer.<>c__DisplayClass7_0.<<GetRunnerMessageAsync>b__0>d.MoveNext()
--- End of stack trace from previous location ---
   at GitHub.Runner.Common.RunnerService.RetryRequest[T](Func`1 func, CancellationToken cancellationToken, Int32 maxAttempts, Func`2 shouldRetry)
[2026-03-06 11:29:00Z ERR  BrokerServer] #####################################################
[2026-03-06 11:29:00Z ERR  BrokerServer] System.Threading.Tasks.TaskCanceledException: The operation was canceled.
 ---> System.IO.IOException: Unable to read data from the transport connection: The I/O operation has been aborted because of either a thread exit or an application request..
 ---> System.Net.Sockets.SocketException (995): The I/O operation has been aborted because of either a thread exit or an application request.
   --- End of inner exception stack trace ---
   at System.Net.Sockets.Socket.AwaitableSocketAsyncEventArgs.ThrowException(SocketError error, CancellationToken cancellationToken)
   at System.Net.Sockets.Socket.AwaitableSocketAsyncEventArgs.System.Threading.Tasks.Sources.IValueTaskSource<System.Int32>.GetResult(Int16 token)
   at System.Net.Security.SslStream.EnsureFullTlsFrameAsync[TIOAdapter](CancellationToken cancellationToken, Int32 estimatedSize)
   at System.Runtime.CompilerServices.PoolingAsyncValueTaskMethodBuilder`1.StateMachineBox`1.System.Threading.Tasks.Sources.IValueTaskSource<TResult>.GetResult(Int16 token)
   at System.Net.Security.SslStream.ReadAsyncInternal[TIOAdapter](Memory`1 buffer, CancellationToken cancellationToken)
   at System.Runtime.CompilerServices.PoolingAsyncValueTaskMethodBuilder`1.StateMachineBox`1.System.Threading.Tasks.Sources.IValueTaskSource<TResult>.GetResult(Int16 token)
   at System.Net.Http.HttpConnection.SendAsync(HttpRequestMessage request, Boolean async, CancellationToken cancellationToken)
   --- End of inner exception stack trace ---
   at System.Net.Http.HttpConnection.SendAsync(HttpRequestMessage request, Boolean async, CancellationToken cancellationToken)
   at System.Net.Http.AuthenticationHelper.SendWithNtAuthAsync(HttpRequestMessage request, Uri authUri, Boolean async, ICredentials credentials, Boolean isProxyAuth, HttpConnection connection, HttpConnectionPool connectionPool, CancellationToken cancellationToken)
   at System.Net.Http.HttpConnectionPool.SendWithVersionDetectionAndRetryAsync(HttpRequestMessage request, Boolean async, Boolean doRequestAuth, CancellationToken cancellationToken)
   at System.Net.Http.AuthenticationHelper.SendWithAuthAsync(HttpRequestMessage request, Uri authUri, Boolean async, ICredentials credentials, Boolean preAuthenticate, Boolean isProxyAuth, Boolean doRequestAuth, HttpConnectionPool pool, CancellationToken cancellationToken)
   at System.Net.Http.RedirectHandler.SendAsync(HttpRequestMessage request, Boolean async, CancellationToken cancellationToken)
   at GitHub.Services.Common.RawHttpMessageHandler.SendAsync(HttpRequestMessage request, CancellationToken cancellationToken)
   at GitHub.Services.Common.VssHttpRetryMessageHandler.SendAsync(HttpRequestMessage request, CancellationToken cancellationToken)
   at System.Net.Http.HttpClient.<SendAsync>g__Core|83_0(HttpRequestMessage request, HttpCompletionOption completionOption, CancellationTokenSource cts, Boolean disposeCts, CancellationTokenSource pendingRequestsCts, CancellationToken originalCancellationToken)
[2026-03-06 11:29:00Z ERR  BrokerServer] #####################################################
[2026-03-06 11:29:00Z ERR  BrokerServer] System.IO.IOException: Unable to read data from the transport connection: The I/O operation has been aborted because of either a thread exit or an application request..
 ---> System.Net.Sockets.SocketException (995): The I/O operation has been aborted because of either a thread exit or an application request.
   --- End of inner exception stack trace ---
   at System.Net.Sockets.Socket.AwaitableSocketAsyncEventArgs.ThrowException(SocketError error, CancellationToken cancellationToken)
   at System.Net.Sockets.Socket.AwaitableSocketAsyncEventArgs.System.Threading.Tasks.Sources.IValueTaskSource<System.Int32>.GetResult(Int16 token)
   at System.Net.Security.SslStream.EnsureFullTlsFrameAsync[TIOAdapter](CancellationToken cancellationToken, Int32 estimatedSize)
   at System.Runtime.CompilerServices.PoolingAsyncValueTaskMethodBuilder`1.StateMachineBox`1.System.Threading.Tasks.Sources.IValueTaskSource<TResult>.GetResult(Int16 token)
   at System.Net.Security.SslStream.ReadAsyncInternal[TIOAdapter](Memory`1 buffer, CancellationToken cancellationToken)
   at System.Runtime.CompilerServices.PoolingAsyncValueTaskMethodBuilder`1.StateMachineBox`1.System.Threading.Tasks.Sources.IValueTaskSource<TResult>.GetResult(Int16 token)
   at System.Net.Http.HttpConnection.SendAsync(HttpRequestMessage request, Boolean async, CancellationToken cancellationToken)
[2026-03-06 11:29:00Z ERR  BrokerServer] #####################################################
[2026-03-06 11:29:00Z ERR  BrokerServer] System.Net.Sockets.SocketException (995): The I/O operation has been aborted because of either a thread exit or an application request.
[2026-03-06 11:29:00Z WARN BrokerServer] Back off 13.346 seconds before next retry. 4 attempt left.
[2026-03-06 11:29:00Z INFO BrokerMessageListener] Get messages has been cancelled using local token source. Continue to get messages with new status.
[2026-03-06 11:34:19Z INFO BrokerMessageListener] Acknowledging runner request '968f6a60-4e23-5b65-a7e9-8c823a783e7b'.
[2026-03-06 11:34:19Z INFO ConfigurationStore] HasCredentials()
[2026-03-06 11:34:19Z INFO ConfigurationStore] stored True
[2026-03-06 11:34:19Z INFO CredentialManager] GetCredentialProvider
[2026-03-06 11:34:19Z INFO CredentialManager] Creating type OAuth
[2026-03-06 11:34:19Z INFO CredentialManager] Creating credential type: OAuth
[2026-03-06 11:34:19Z INFO RSAEncryptedFileKeyManager] Loading RSA key parameters from file C:\Users\Anbarasan\Playwright_projects\Dashboard_Playwright_Automation\actions-runner\.credentials_rsaparams
[2026-03-06 11:34:20Z INFO RSAEncryptedFileKeyManager] Loading RSA key parameters from file C:\Users\Anbarasan\Playwright_projects\Dashboard_Playwright_Automation\actions-runner\.credentials_rsaparams
[2026-03-06 11:34:20Z INFO RSAEncryptedFileKeyManager] Loading RSA key parameters from file C:\Users\Anbarasan\Playwright_projects\Dashboard_Playwright_Automation\actions-runner\.credentials_rsaparams
[2026-03-06 11:34:21Z INFO GitHubActionsService] AAD Correlation ID for this token request: Unknown
[2026-03-06 11:34:23Z INFO JobDispatcher] Job request 0 for plan 15f89cda-d350-4098-9dac-81b25d23c82f job 968f6a60-4e23-5b65-a7e9-8c823a783e7b received.
[2026-03-06 11:34:23Z INFO JobDispatcher] Pull OrchestrationId 15f89cda-d350-4098-9dac-81b25d23c82f.test.__default from JWT claims
[2026-03-06 11:34:23Z INFO BrokerMessageListener] Received job status event. JobState: Busy
[2026-03-06 11:34:23Z INFO BrokerMessageListener] _getMessagesTokenSource is already disposed.
[2026-03-06 11:34:23Z INFO JobDispatcher] Job request 2e7d93eb-7dd1-53f9-a77d-2d2e82ebab81 processed succeed.
[2026-03-06 11:34:23Z INFO Terminal] WRITE LINE: 2026-03-06 11:34:23Z: Running job: test
[2026-03-06 11:34:23Z INFO JobDispatcher] Start renew job request 0 for job 968f6a60-4e23-5b65-a7e9-8c823a783e7b.
[2026-03-06 11:34:24Z INFO JobDispatcher] Successfully renew job 968f6a60-4e23-5b65-a7e9-8c823a783e7b, job is valid till 3/6/2026 11:44:26 AM
[2026-03-06 11:34:24Z INFO HostContext] Well known directory 'Bin': 'C:\Users\Anbarasan\Playwright_projects\Dashboard_Playwright_Automation\actions-runner\bin'
[2026-03-06 11:34:24Z INFO ProcessInvokerWrapper] Starting process:
[2026-03-06 11:34:24Z INFO ProcessInvokerWrapper]   File name: 'C:\Users\Anbarasan\Playwright_projects\Dashboard_Playwright_Automation\actions-runner\bin\Runner.Worker.exe'
[2026-03-06 11:34:24Z INFO ProcessInvokerWrapper]   Arguments: 'spawnclient 1300 2368'
[2026-03-06 11:34:24Z INFO ProcessInvokerWrapper]   Working directory: 'C:\Users\Anbarasan\Playwright_projects\Dashboard_Playwright_Automation\actions-runner\bin'
[2026-03-06 11:34:24Z INFO ProcessInvokerWrapper]   Require exit code zero: 'False'
[2026-03-06 11:34:24Z INFO ProcessInvokerWrapper]   Encoding web name:  ; code page: ''
[2026-03-06 11:34:24Z INFO ProcessInvokerWrapper]   Force kill process on cancellation: 'True'
[2026-03-06 11:34:24Z INFO ProcessInvokerWrapper]   Redirected STDIN: 'False'
[2026-03-06 11:34:24Z INFO ProcessInvokerWrapper]   Persist current code page: 'False'
[2026-03-06 11:34:24Z INFO ProcessInvokerWrapper]   Keep redirected STDIN open: 'False'
[2026-03-06 11:34:24Z INFO ProcessInvokerWrapper]   High priority process: 'True'
[2026-03-06 11:34:24Z INFO ProcessInvokerWrapper] Process started with process id 37892, waiting for process exit.
[2026-03-06 11:34:24Z INFO JobDispatcher] Send job request message to worker for job 968f6a60-4e23-5b65-a7e9-8c823a783e7b.
[2026-03-06 11:34:24Z INFO ProcessChannel] Sending message of length 22674, with hash '16cecb6538baa81b5a74bff0511176edf9a2cd7f44354f0bdb7a6912519e626e'
[2026-03-06 11:34:29Z INFO JobNotification] Entering JobStarted Notification
[2026-03-06 11:34:29Z INFO JobNotification] Entering StartMonitor
[2026-03-06 11:35:25Z INFO JobDispatcher] Successfully renew job 968f6a60-4e23-5b65-a7e9-8c823a783e7b, job is valid till 3/6/2026 11:45:27 AM
[2026-03-06 11:36:25Z INFO JobDispatcher] Successfully renew job 968f6a60-4e23-5b65-a7e9-8c823a783e7b, job is valid till 3/6/2026 11:46:27 AM
[2026-03-06 11:37:25Z INFO JobDispatcher] Successfully renew job 968f6a60-4e23-5b65-a7e9-8c823a783e7b, job is valid till 3/6/2026 11:47:28 AM
[2026-03-06 11:38:26Z INFO JobDispatcher] Successfully renew job 968f6a60-4e23-5b65-a7e9-8c823a783e7b, job is valid till 3/6/2026 11:48:28 AM
[2026-03-06 11:39:26Z INFO ProcessInvokerWrapper] STDOUT/STDERR stream read finished.
[2026-03-06 11:39:26Z INFO ProcessInvokerWrapper] STDOUT/STDERR stream read finished.
[2026-03-06 11:39:26Z INFO ProcessInvokerWrapper] Finished process 37892 with exit code 102, and elapsed time 00:05:01.5502437.
[2026-03-06 11:39:26Z INFO JobDispatcher] Worker finished for job 968f6a60-4e23-5b65-a7e9-8c823a783e7b. Code: 102
[2026-03-06 11:39:26Z INFO JobDispatcher] finish job request for job 968f6a60-4e23-5b65-a7e9-8c823a783e7b with result: Failed
[2026-03-06 11:39:26Z INFO Terminal] WRITE LINE: 2026-03-06 11:39:26Z: Job test completed with result: Failed
[2026-03-06 11:39:26Z INFO JobDispatcher] Stop renew job request for job 968f6a60-4e23-5b65-a7e9-8c823a783e7b.
[2026-03-06 11:39:26Z INFO JobDispatcher] job renew has been cancelled, stop renew job 968f6a60-4e23-5b65-a7e9-8c823a783e7b.
[2026-03-06 11:39:26Z INFO JobNotification] Entering JobCompleted Notification
[2026-03-06 11:39:26Z INFO JobNotification] Entering EndMonitor
[2026-03-06 11:39:26Z INFO BrokerMessageListener] Received job status event. JobState: Online
[2026-03-06 11:39:26Z WARN GitHubActionsService] GET request to https://broker.actions.githubusercontent.com/message?sessionId=af2eaef7-f85a-46a8-8c8e-9cb1f3085a31&status=Busy&runnerVersion=2.332.0&os=Windows&architecture=X64&disableUpdate=false has been cancelled.
[2026-03-06 11:39:26Z ERR  BrokerServer] Catch exception during request
[2026-03-06 11:39:26Z ERR  BrokerServer] System.Threading.Tasks.TaskCanceledException: The operation was canceled.
 ---> System.Threading.Tasks.TaskCanceledException: The operation was canceled.
 ---> System.IO.IOException: Unable to read data from the transport connection: The I/O operation has been aborted because of either a thread exit or an application request..
 ---> System.Net.Sockets.SocketException (995): The I/O operation has been aborted because of either a thread exit or an application request.
   --- End of inner exception stack trace ---
   at System.Net.Sockets.Socket.AwaitableSocketAsyncEventArgs.System.Threading.Tasks.Sources.IValueTaskSource<System.Int32>.GetResult(Int16 token)
   at System.Net.Security.SslStream.EnsureFullTlsFrameAsync[TIOAdapter](CancellationToken cancellationToken, Int32 estimatedSize)
   at System.Runtime.CompilerServices.PoolingAsyncValueTaskMethodBuilder`1.StateMachineBox`1.System.Threading.Tasks.Sources.IValueTaskSource<TResult>.GetResult(Int16 token)
   at System.Net.Security.SslStream.ReadAsyncInternal[TIOAdapter](Memory`1 buffer, CancellationToken cancellationToken)
   at System.Runtime.CompilerServices.PoolingAsyncValueTaskMethodBuilder`1.StateMachineBox`1.System.Threading.Tasks.Sources.IValueTaskSource<TResult>.GetResult(Int16 token)
   at System.Net.Http.HttpConnection.SendAsync(HttpRequestMessage request, Boolean async, CancellationToken cancellationToken)
   --- End of inner exception stack trace ---
   at System.Net.Http.HttpConnection.SendAsync(HttpRequestMessage request, Boolean async, CancellationToken cancellationToken)
   at System.Net.Http.AuthenticationHelper.SendWithNtAuthAsync(HttpRequestMessage request, Uri authUri, Boolean async, ICredentials credentials, Boolean isProxyAuth, HttpConnection connection, HttpConnectionPool connectionPool, CancellationToken cancellationToken)
   at System.Net.Http.HttpConnectionPool.SendWithVersionDetectionAndRetryAsync(HttpRequestMessage request, Boolean async, Boolean doRequestAuth, CancellationToken cancellationToken)
   at System.Net.Http.AuthenticationHelper.SendWithAuthAsync(HttpRequestMessage request, Uri authUri, Boolean async, ICredentials credentials, Boolean preAuthenticate, Boolean isProxyAuth, Boolean doRequestAuth, HttpConnectionPool pool, CancellationToken cancellationToken)
   at System.Net.Http.RedirectHandler.SendAsync(HttpRequestMessage request, Boolean async, CancellationToken cancellationToken)
   at GitHub.Services.Common.RawHttpMessageHandler.SendAsync(HttpRequestMessage request, CancellationToken cancellationToken)
   at GitHub.Services.Common.VssHttpRetryMessageHandler.SendAsync(HttpRequestMessage request, CancellationToken cancellationToken)
   at System.Net.Http.HttpClient.<SendAsync>g__Core|83_0(HttpRequestMessage request, HttpCompletionOption completionOption, CancellationTokenSource cts, Boolean disposeCts, CancellationTokenSource pendingRequestsCts, CancellationToken originalCancellationToken)
   --- End of inner exception stack trace ---
   at System.Net.Http.HttpClient.HandleFailure(Exception e, Boolean telemetryStarted, HttpResponseMessage response, CancellationTokenSource cts, CancellationToken cancellationToken, CancellationTokenSource pendingRequestsCts)
   at System.Net.Http.HttpClient.<SendAsync>g__Core|83_0(HttpRequestMessage request, HttpCompletionOption completionOption, CancellationTokenSource cts, Boolean disposeCts, CancellationTokenSource pendingRequestsCts, CancellationToken originalCancellationToken)
   at Sdk.WebApi.WebApi.RawHttpClientBase.SendAsync(HttpRequestMessage message, HttpCompletionOption completionOption, Object userState, CancellationToken cancellationToken)
   at Sdk.WebApi.WebApi.RawHttpClientBase.SendAsync[T](HttpRequestMessage message, Boolean readErrorBody, Object userState, CancellationToken cancellationToken)
   at Sdk.WebApi.WebApi.RawHttpClientBase.SendAsync[T](HttpMethod method, IEnumerable`1 additionalHeaders, Uri requestUri, HttpContent content, IEnumerable`1 queryParameters, Boolean readErrorBody, Object userState, CancellationToken cancellationToken)
   at GitHub.Actions.RunService.WebApi.BrokerHttpClient.GetRunnerMessageAsync(Nullable`1 sessionId, String runnerVersion, Nullable`1 status, String os, String architecture, Nullable`1 disableUpdate, CancellationToken cancellationToken)
   at GitHub.Runner.Common.BrokerServer.<>c__DisplayClass7_0.<<GetRunnerMessageAsync>b__0>d.MoveNext()
--- End of stack trace from previous location ---
   at GitHub.Runner.Common.RunnerService.RetryRequest[T](Func`1 func, CancellationToken cancellationToken, Int32 maxAttempts, Func`2 shouldRetry)
[2026-03-06 11:39:26Z ERR  BrokerServer] #####################################################
[2026-03-06 11:39:26Z ERR  BrokerServer] System.Threading.Tasks.TaskCanceledException: The operation was canceled.
 ---> System.IO.IOException: Unable to read data from the transport connection: The I/O operation has been aborted because of either a thread exit or an application request..
 ---> System.Net.Sockets.SocketException (995): The I/O operation has been aborted because of either a thread exit or an application request.
   --- End of inner exception stack trace ---
   at System.Net.Sockets.Socket.AwaitableSocketAsyncEventArgs.System.Threading.Tasks.Sources.IValueTaskSource<System.Int32>.GetResult(Int16 token)
   at System.Net.Security.SslStream.EnsureFullTlsFrameAsync[TIOAdapter](CancellationToken cancellationToken, Int32 estimatedSize)
   at System.Runtime.CompilerServices.PoolingAsyncValueTaskMethodBuilder`1.StateMachineBox`1.System.Threading.Tasks.Sources.IValueTaskSource<TResult>.GetResult(Int16 token)
   at System.Net.Security.SslStream.ReadAsyncInternal[TIOAdapter](Memory`1 buffer, CancellationToken cancellationToken)
   at System.Runtime.CompilerServices.PoolingAsyncValueTaskMethodBuilder`1.StateMachineBox`1.System.Threading.Tasks.Sources.IValueTaskSource<TResult>.GetResult(Int16 token)
   at System.Net.Http.HttpConnection.SendAsync(HttpRequestMessage request, Boolean async, CancellationToken cancellationToken)
   --- End of inner exception stack trace ---
   at System.Net.Http.HttpConnection.SendAsync(HttpRequestMessage request, Boolean async, CancellationToken cancellationToken)
   at System.Net.Http.AuthenticationHelper.SendWithNtAuthAsync(HttpRequestMessage request, Uri authUri, Boolean async, ICredentials credentials, Boolean isProxyAuth, HttpConnection connection, HttpConnectionPool connectionPool, CancellationToken cancellationToken)
   at System.Net.Http.HttpConnectionPool.SendWithVersionDetectionAndRetryAsync(HttpRequestMessage request, Boolean async, Boolean doRequestAuth, CancellationToken cancellationToken)
   at System.Net.Http.AuthenticationHelper.SendWithAuthAsync(HttpRequestMessage request, Uri authUri, Boolean async, ICredentials credentials, Boolean preAuthenticate, Boolean isProxyAuth, Boolean doRequestAuth, HttpConnectionPool pool, CancellationToken cancellationToken)
   at System.Net.Http.RedirectHandler.SendAsync(HttpRequestMessage request, Boolean async, CancellationToken cancellationToken)
   at GitHub.Services.Common.RawHttpMessageHandler.SendAsync(HttpRequestMessage request, CancellationToken cancellationToken)
   at GitHub.Services.Common.VssHttpRetryMessageHandler.SendAsync(HttpRequestMessage request, CancellationToken cancellationToken)
   at System.Net.Http.HttpClient.<SendAsync>g__Core|83_0(HttpRequestMessage request, HttpCompletionOption completionOption, CancellationTokenSource cts, Boolean disposeCts, CancellationTokenSource pendingRequestsCts, CancellationToken originalCancellationToken)
[2026-03-06 11:39:26Z ERR  BrokerServer] #####################################################
[2026-03-06 11:39:26Z ERR  BrokerServer] System.IO.IOException: Unable to read data from the transport connection: The I/O operation has been aborted because of either a thread exit or an application request..
 ---> System.Net.Sockets.SocketException (995): The I/O operation has been aborted because of either a thread exit or an application request.
   --- End of inner exception stack trace ---
   at System.Net.Sockets.Socket.AwaitableSocketAsyncEventArgs.System.Threading.Tasks.Sources.IValueTaskSource<System.Int32>.GetResult(Int16 token)
   at System.Net.Security.SslStream.EnsureFullTlsFrameAsync[TIOAdapter](CancellationToken cancellationToken, Int32 estimatedSize)
   at System.Runtime.CompilerServices.PoolingAsyncValueTaskMethodBuilder`1.StateMachineBox`1.System.Threading.Tasks.Sources.IValueTaskSource<TResult>.GetResult(Int16 token)
   at System.Net.Security.SslStream.ReadAsyncInternal[TIOAdapter](Memory`1 buffer, CancellationToken cancellationToken)
   at System.Runtime.CompilerServices.PoolingAsyncValueTaskMethodBuilder`1.StateMachineBox`1.System.Threading.Tasks.Sources.IValueTaskSource<TResult>.GetResult(Int16 token)
   at System.Net.Http.HttpConnection.SendAsync(HttpRequestMessage request, Boolean async, CancellationToken cancellationToken)
[2026-03-06 11:39:26Z ERR  BrokerServer] #####################################################
[2026-03-06 11:39:26Z ERR  BrokerServer] System.Net.Sockets.SocketException (995): The I/O operation has been aborted because of either a thread exit or an application request.
[2026-03-06 11:39:26Z WARN BrokerServer] Back off 13.787 seconds before next retry. 4 attempt left.
[2026-03-06 11:39:26Z INFO BrokerMessageListener] Get messages has been cancelled using local token source. Continue to get messages with new status.
[2026-03-06 11:42:17Z INFO BrokerMessageListener] Acknowledging runner request 'eb92b433-b4f1-590b-9437-9db3cd383060'.
[2026-03-06 11:42:17Z INFO ConfigurationStore] HasCredentials()
[2026-03-06 11:42:17Z INFO ConfigurationStore] stored True
[2026-03-06 11:42:17Z INFO CredentialManager] GetCredentialProvider
[2026-03-06 11:42:17Z INFO CredentialManager] Creating type OAuth
[2026-03-06 11:42:17Z INFO CredentialManager] Creating credential type: OAuth
[2026-03-06 11:42:17Z INFO RSAEncryptedFileKeyManager] Loading RSA key parameters from file C:\Users\Anbarasan\Playwright_projects\Dashboard_Playwright_Automation\actions-runner\.credentials_rsaparams
[2026-03-06 11:42:17Z INFO RSAEncryptedFileKeyManager] Loading RSA key parameters from file C:\Users\Anbarasan\Playwright_projects\Dashboard_Playwright_Automation\actions-runner\.credentials_rsaparams
[2026-03-06 11:42:17Z INFO RSAEncryptedFileKeyManager] Loading RSA key parameters from file C:\Users\Anbarasan\Playwright_projects\Dashboard_Playwright_Automation\actions-runner\.credentials_rsaparams
[2026-03-06 11:42:19Z INFO GitHubActionsService] AAD Correlation ID for this token request: Unknown
[2026-03-06 11:42:21Z INFO JobDispatcher] Job request 0 for plan f5061e03-59f9-422d-bb9c-31641b8e2d6d job eb92b433-b4f1-590b-9437-9db3cd383060 received.
[2026-03-06 11:42:21Z INFO JobDispatcher] Pull OrchestrationId f5061e03-59f9-422d-bb9c-31641b8e2d6d.test.__default from JWT claims
[2026-03-06 11:42:21Z INFO BrokerMessageListener] Received job status event. JobState: Busy
[2026-03-06 11:42:21Z INFO BrokerMessageListener] _getMessagesTokenSource is already disposed.
[2026-03-06 11:42:21Z INFO JobDispatcher] Job request 968f6a60-4e23-5b65-a7e9-8c823a783e7b processed succeed.
[2026-03-06 11:42:21Z INFO Terminal] WRITE LINE: 2026-03-06 11:42:21Z: Running job: test
[2026-03-06 11:42:21Z INFO JobDispatcher] Start renew job request 0 for job eb92b433-b4f1-590b-9437-9db3cd383060.
[2026-03-06 11:42:22Z INFO JobDispatcher] Successfully renew job eb92b433-b4f1-590b-9437-9db3cd383060, job is valid till 3/6/2026 11:52:25 AM
[2026-03-06 11:42:22Z INFO HostContext] Well known directory 'Bin': 'C:\Users\Anbarasan\Playwright_projects\Dashboard_Playwright_Automation\actions-runner\bin'
[2026-03-06 11:42:22Z INFO ProcessInvokerWrapper] Starting process:
[2026-03-06 11:42:22Z INFO ProcessInvokerWrapper]   File name: 'C:\Users\Anbarasan\Playwright_projects\Dashboard_Playwright_Automation\actions-runner\bin\Runner.Worker.exe'
[2026-03-06 11:42:22Z INFO ProcessInvokerWrapper]   Arguments: 'spawnclient 1668 1852'
[2026-03-06 11:42:22Z INFO ProcessInvokerWrapper]   Working directory: 'C:\Users\Anbarasan\Playwright_projects\Dashboard_Playwright_Automation\actions-runner\bin'
[2026-03-06 11:42:22Z INFO ProcessInvokerWrapper]   Require exit code zero: 'False'
[2026-03-06 11:42:22Z INFO ProcessInvokerWrapper]   Encoding web name:  ; code page: ''
[2026-03-06 11:42:22Z INFO ProcessInvokerWrapper]   Force kill process on cancellation: 'True'
[2026-03-06 11:42:22Z INFO ProcessInvokerWrapper]   Redirected STDIN: 'False'
[2026-03-06 11:42:22Z INFO ProcessInvokerWrapper]   Persist current code page: 'False'
[2026-03-06 11:42:22Z INFO ProcessInvokerWrapper]   Keep redirected STDIN open: 'False'
[2026-03-06 11:42:22Z INFO ProcessInvokerWrapper]   High priority process: 'True'
[2026-03-06 11:42:22Z INFO ProcessInvokerWrapper] Process started with process id 30392, waiting for process exit.
[2026-03-06 11:42:22Z INFO JobDispatcher] Send job request message to worker for job eb92b433-b4f1-590b-9437-9db3cd383060.
[2026-03-06 11:42:22Z INFO ProcessChannel] Sending message of length 22667, with hash 'f61ba1e7f1d39699fee438d9da13303167ca00fbac1a5068df1e07d4aac4acf3'
[2026-03-06 11:42:23Z INFO JobNotification] Entering JobStarted Notification
[2026-03-06 11:42:23Z INFO JobNotification] Entering StartMonitor
[2026-03-06 11:43:23Z INFO JobDispatcher] Successfully renew job eb92b433-b4f1-590b-9437-9db3cd383060, job is valid till 3/6/2026 11:53:25 AM
[2026-03-06 11:44:23Z INFO JobDispatcher] Successfully renew job eb92b433-b4f1-590b-9437-9db3cd383060, job is valid till 3/6/2026 11:54:26 AM
[2026-03-06 11:45:24Z INFO JobDispatcher] Successfully renew job eb92b433-b4f1-590b-9437-9db3cd383060, job is valid till 3/6/2026 11:55:26 AM
[2026-03-06 11:46:24Z INFO JobDispatcher] Successfully renew job eb92b433-b4f1-590b-9437-9db3cd383060, job is valid till 3/6/2026 11:56:26 AM
[2026-03-06 11:47:00Z INFO ProcessInvokerWrapper] STDOUT/STDERR stream read finished.
[2026-03-06 11:47:00Z INFO ProcessInvokerWrapper] STDOUT/STDERR stream read finished.
[2026-03-06 11:47:00Z INFO ProcessInvokerWrapper] Finished process 30392 with exit code 102, and elapsed time 00:04:38.1357777.
[2026-03-06 11:47:00Z INFO JobDispatcher] Worker finished for job eb92b433-b4f1-590b-9437-9db3cd383060. Code: 102
[2026-03-06 11:47:00Z INFO JobDispatcher] finish job request for job eb92b433-b4f1-590b-9437-9db3cd383060 with result: Failed
[2026-03-06 11:47:00Z INFO Terminal] WRITE LINE: 2026-03-06 11:47:00Z: Job test completed with result: Failed
[2026-03-06 11:47:00Z INFO JobDispatcher] Stop renew job request for job eb92b433-b4f1-590b-9437-9db3cd383060.
[2026-03-06 11:47:00Z INFO JobDispatcher] job renew has been cancelled, stop renew job eb92b433-b4f1-590b-9437-9db3cd383060.
[2026-03-06 11:47:00Z INFO JobNotification] Entering JobCompleted Notification
[2026-03-06 11:47:00Z INFO JobNotification] Entering EndMonitor
[2026-03-06 11:47:00Z INFO BrokerMessageListener] Received job status event. JobState: Online
[2026-03-06 11:47:01Z WARN GitHubActionsService] GET request to https://broker.actions.githubusercontent.com/message?sessionId=af2eaef7-f85a-46a8-8c8e-9cb1f3085a31&status=Busy&runnerVersion=2.332.0&os=Windows&architecture=X64&disableUpdate=false has been cancelled.
[2026-03-06 11:47:01Z ERR  BrokerServer] Catch exception during request
[2026-03-06 11:47:01Z ERR  BrokerServer] System.Threading.Tasks.TaskCanceledException: The operation was canceled.
 ---> System.Threading.Tasks.TaskCanceledException: The operation was canceled.
 ---> System.IO.IOException: Unable to read data from the transport connection: The I/O operation has been aborted because of either a thread exit or an application request..
 ---> System.Net.Sockets.SocketException (995): The I/O operation has been aborted because of either a thread exit or an application request.
   --- End of inner exception stack trace ---
   at System.Net.Sockets.Socket.AwaitableSocketAsyncEventArgs.System.Threading.Tasks.Sources.IValueTaskSource<System.Int32>.GetResult(Int16 token)
   at System.Net.Security.SslStream.EnsureFullTlsFrameAsync[TIOAdapter](CancellationToken cancellationToken, Int32 estimatedSize)
   at System.Runtime.CompilerServices.PoolingAsyncValueTaskMethodBuilder`1.StateMachineBox`1.System.Threading.Tasks.Sources.IValueTaskSource<TResult>.GetResult(Int16 token)
   at System.Net.Security.SslStream.ReadAsyncInternal[TIOAdapter](Memory`1 buffer, CancellationToken cancellationToken)
   at System.Runtime.CompilerServices.PoolingAsyncValueTaskMethodBuilder`1.StateMachineBox`1.System.Threading.Tasks.Sources.IValueTaskSource<TResult>.GetResult(Int16 token)
   at System.Net.Http.HttpConnection.SendAsync(HttpRequestMessage request, Boolean async, CancellationToken cancellationToken)
   --- End of inner exception stack trace ---
   at System.Net.Http.HttpConnection.SendAsync(HttpRequestMessage request, Boolean async, CancellationToken cancellationToken)
   at System.Net.Http.AuthenticationHelper.SendWithNtAuthAsync(HttpRequestMessage request, Uri authUri, Boolean async, ICredentials credentials, Boolean isProxyAuth, HttpConnection connection, HttpConnectionPool connectionPool, CancellationToken cancellationToken)
   at System.Net.Http.HttpConnectionPool.SendWithVersionDetectionAndRetryAsync(HttpRequestMessage request, Boolean async, Boolean doRequestAuth, CancellationToken cancellationToken)
   at System.Net.Http.AuthenticationHelper.SendWithAuthAsync(HttpRequestMessage request, Uri authUri, Boolean async, ICredentials credentials, Boolean preAuthenticate, Boolean isProxyAuth, Boolean doRequestAuth, HttpConnectionPool pool, CancellationToken cancellationToken)
   at System.Net.Http.RedirectHandler.SendAsync(HttpRequestMessage request, Boolean async, CancellationToken cancellationToken)
   at GitHub.Services.Common.RawHttpMessageHandler.SendAsync(HttpRequestMessage request, CancellationToken cancellationToken)
   at GitHub.Services.Common.VssHttpRetryMessageHandler.SendAsync(HttpRequestMessage request, CancellationToken cancellationToken)
   at System.Net.Http.HttpClient.<SendAsync>g__Core|83_0(HttpRequestMessage request, HttpCompletionOption completionOption, CancellationTokenSource cts, Boolean disposeCts, CancellationTokenSource pendingRequestsCts, CancellationToken originalCancellationToken)
   --- End of inner exception stack trace ---
   at System.Net.Http.HttpClient.HandleFailure(Exception e, Boolean telemetryStarted, HttpResponseMessage response, CancellationTokenSource cts, CancellationToken cancellationToken, CancellationTokenSource pendingRequestsCts)
   at System.Net.Http.HttpClient.<SendAsync>g__Core|83_0(HttpRequestMessage request, HttpCompletionOption completionOption, CancellationTokenSource cts, Boolean disposeCts, CancellationTokenSource pendingRequestsCts, CancellationToken originalCancellationToken)
   at Sdk.WebApi.WebApi.RawHttpClientBase.SendAsync(HttpRequestMessage message, HttpCompletionOption completionOption, Object userState, CancellationToken cancellationToken)
   at Sdk.WebApi.WebApi.RawHttpClientBase.SendAsync[T](HttpRequestMessage message, Boolean readErrorBody, Object userState, CancellationToken cancellationToken)
   at Sdk.WebApi.WebApi.RawHttpClientBase.SendAsync[T](HttpMethod method, IEnumerable`1 additionalHeaders, Uri requestUri, HttpContent content, IEnumerable`1 queryParameters, Boolean readErrorBody, Object userState, CancellationToken cancellationToken)
   at GitHub.Actions.RunService.WebApi.BrokerHttpClient.GetRunnerMessageAsync(Nullable`1 sessionId, String runnerVersion, Nullable`1 status, String os, String architecture, Nullable`1 disableUpdate, CancellationToken cancellationToken)
   at GitHub.Runner.Common.BrokerServer.<>c__DisplayClass7_0.<<GetRunnerMessageAsync>b__0>d.MoveNext()
--- End of stack trace from previous location ---
   at GitHub.Runner.Common.RunnerService.RetryRequest[T](Func`1 func, CancellationToken cancellationToken, Int32 maxAttempts, Func`2 shouldRetry)
[2026-03-06 11:47:01Z ERR  BrokerServer] #####################################################
[2026-03-06 11:47:01Z ERR  BrokerServer] System.Threading.Tasks.TaskCanceledException: The operation was canceled.
 ---> System.IO.IOException: Unable to read data from the transport connection: The I/O operation has been aborted because of either a thread exit or an application request..
 ---> System.Net.Sockets.SocketException (995): The I/O operation has been aborted because of either a thread exit or an application request.
   --- End of inner exception stack trace ---
   at System.Net.Sockets.Socket.AwaitableSocketAsyncEventArgs.System.Threading.Tasks.Sources.IValueTaskSource<System.Int32>.GetResult(Int16 token)
   at System.Net.Security.SslStream.EnsureFullTlsFrameAsync[TIOAdapter](CancellationToken cancellationToken, Int32 estimatedSize)
   at System.Runtime.CompilerServices.PoolingAsyncValueTaskMethodBuilder`1.StateMachineBox`1.System.Threading.Tasks.Sources.IValueTaskSource<TResult>.GetResult(Int16 token)
   at System.Net.Security.SslStream.ReadAsyncInternal[TIOAdapter](Memory`1 buffer, CancellationToken cancellationToken)
   at System.Runtime.CompilerServices.PoolingAsyncValueTaskMethodBuilder`1.StateMachineBox`1.System.Threading.Tasks.Sources.IValueTaskSource<TResult>.GetResult(Int16 token)
   at System.Net.Http.HttpConnection.SendAsync(HttpRequestMessage request, Boolean async, CancellationToken cancellationToken)
   --- End of inner exception stack trace ---
   at System.Net.Http.HttpConnection.SendAsync(HttpRequestMessage request, Boolean async, CancellationToken cancellationToken)
   at System.Net.Http.AuthenticationHelper.SendWithNtAuthAsync(HttpRequestMessage request, Uri authUri, Boolean async, ICredentials credentials, Boolean isProxyAuth, HttpConnection connection, HttpConnectionPool connectionPool, CancellationToken cancellationToken)
   at System.Net.Http.HttpConnectionPool.SendWithVersionDetectionAndRetryAsync(HttpRequestMessage request, Boolean async, Boolean doRequestAuth, CancellationToken cancellationToken)
   at System.Net.Http.AuthenticationHelper.SendWithAuthAsync(HttpRequestMessage request, Uri authUri, Boolean async, ICredentials credentials, Boolean preAuthenticate, Boolean isProxyAuth, Boolean doRequestAuth, HttpConnectionPool pool, CancellationToken cancellationToken)
   at System.Net.Http.RedirectHandler.SendAsync(HttpRequestMessage request, Boolean async, CancellationToken cancellationToken)
   at GitHub.Services.Common.RawHttpMessageHandler.SendAsync(HttpRequestMessage request, CancellationToken cancellationToken)
   at GitHub.Services.Common.VssHttpRetryMessageHandler.SendAsync(HttpRequestMessage request, CancellationToken cancellationToken)
   at System.Net.Http.HttpClient.<SendAsync>g__Core|83_0(HttpRequestMessage request, HttpCompletionOption completionOption, CancellationTokenSource cts, Boolean disposeCts, CancellationTokenSource pendingRequestsCts, CancellationToken originalCancellationToken)
[2026-03-06 11:47:01Z ERR  BrokerServer] #####################################################
[2026-03-06 11:47:01Z ERR  BrokerServer] System.IO.IOException: Unable to read data from the transport connection: The I/O operation has been aborted because of either a thread exit or an application request..
 ---> System.Net.Sockets.SocketException (995): The I/O operation has been aborted because of either a thread exit or an application request.
   --- End of inner exception stack trace ---
   at System.Net.Sockets.Socket.AwaitableSocketAsyncEventArgs.System.Threading.Tasks.Sources.IValueTaskSource<System.Int32>.GetResult(Int16 token)
   at System.Net.Security.SslStream.EnsureFullTlsFrameAsync[TIOAdapter](CancellationToken cancellationToken, Int32 estimatedSize)
   at System.Runtime.CompilerServices.PoolingAsyncValueTaskMethodBuilder`1.StateMachineBox`1.System.Threading.Tasks.Sources.IValueTaskSource<TResult>.GetResult(Int16 token)
   at System.Net.Security.SslStream.ReadAsyncInternal[TIOAdapter](Memory`1 buffer, CancellationToken cancellationToken)
   at System.Runtime.CompilerServices.PoolingAsyncValueTaskMethodBuilder`1.StateMachineBox`1.System.Threading.Tasks.Sources.IValueTaskSource<TResult>.GetResult(Int16 token)
   at System.Net.Http.HttpConnection.SendAsync(HttpRequestMessage request, Boolean async, CancellationToken cancellationToken)
[2026-03-06 11:47:01Z ERR  BrokerServer] #####################################################
[2026-03-06 11:47:01Z ERR  BrokerServer] System.Net.Sockets.SocketException (995): The I/O operation has been aborted because of either a thread exit or an application request.
[2026-03-06 11:47:01Z WARN BrokerServer] Back off 13.251 seconds before next retry. 4 attempt left.
[2026-03-06 11:47:01Z INFO BrokerMessageListener] Get messages has been cancelled using local token source. Continue to get messages with new status.
[2026-03-06 12:14:48Z INFO RSAEncryptedFileKeyManager] Loading RSA key parameters from file C:\Users\Anbarasan\Playwright_projects\Dashboard_Playwright_Automation\actions-runner\.credentials_rsaparams
[2026-03-06 12:14:50Z INFO GitHubActionsService] AAD Correlation ID for this token request: Unknown
[2026-03-06 12:36:55Z INFO BrokerMessageListener] Acknowledging runner request '670de8ae-5ac4-5836-b3f2-756a8fa475a7'.
[2026-03-06 12:36:55Z INFO ConfigurationStore] HasCredentials()
[2026-03-06 12:36:55Z INFO ConfigurationStore] stored True
[2026-03-06 12:36:55Z INFO CredentialManager] GetCredentialProvider
[2026-03-06 12:36:55Z INFO CredentialManager] Creating type OAuth
[2026-03-06 12:36:55Z INFO CredentialManager] Creating credential type: OAuth
[2026-03-06 12:36:55Z INFO RSAEncryptedFileKeyManager] Loading RSA key parameters from file C:\Users\Anbarasan\Playwright_projects\Dashboard_Playwright_Automation\actions-runner\.credentials_rsaparams
[2026-03-06 12:36:55Z INFO RSAEncryptedFileKeyManager] Loading RSA key parameters from file C:\Users\Anbarasan\Playwright_projects\Dashboard_Playwright_Automation\actions-runner\.credentials_rsaparams
[2026-03-06 12:36:55Z INFO RSAEncryptedFileKeyManager] Loading RSA key parameters from file C:\Users\Anbarasan\Playwright_projects\Dashboard_Playwright_Automation\actions-runner\.credentials_rsaparams
[2026-03-06 12:36:57Z INFO GitHubActionsService] AAD Correlation ID for this token request: Unknown
[2026-03-06 12:36:59Z INFO JobDispatcher] Job request 0 for plan ac2911b4-ef5f-4062-9e03-ef6a7eee7734 job 670de8ae-5ac4-5836-b3f2-756a8fa475a7 received.
[2026-03-06 12:36:59Z INFO JobDispatcher] Pull OrchestrationId ac2911b4-ef5f-4062-9e03-ef6a7eee7734.test.__default from JWT claims
[2026-03-06 12:36:59Z INFO BrokerMessageListener] Received job status event. JobState: Busy
[2026-03-06 12:36:59Z INFO BrokerMessageListener] _getMessagesTokenSource is already disposed.
[2026-03-06 12:36:59Z INFO JobDispatcher] Job request eb92b433-b4f1-590b-9437-9db3cd383060 processed succeed.
[2026-03-06 12:36:59Z INFO Terminal] WRITE LINE: 2026-03-06 12:36:59Z: Running job: test
[2026-03-06 12:36:59Z INFO JobDispatcher] Start renew job request 0 for job 670de8ae-5ac4-5836-b3f2-756a8fa475a7.
[2026-03-06 12:37:00Z INFO JobDispatcher] Successfully renew job 670de8ae-5ac4-5836-b3f2-756a8fa475a7, job is valid till 3/6/2026 12:47:02 PM
[2026-03-06 12:37:00Z INFO HostContext] Well known directory 'Bin': 'C:\Users\Anbarasan\Playwright_projects\Dashboard_Playwright_Automation\actions-runner\bin'
[2026-03-06 12:37:00Z INFO ProcessInvokerWrapper] Starting process:
[2026-03-06 12:37:00Z INFO ProcessInvokerWrapper]   File name: 'C:\Users\Anbarasan\Playwright_projects\Dashboard_Playwright_Automation\actions-runner\bin\Runner.Worker.exe'
[2026-03-06 12:37:00Z INFO ProcessInvokerWrapper]   Arguments: 'spawnclient 1296 2448'
[2026-03-06 12:37:00Z INFO ProcessInvokerWrapper]   Working directory: 'C:\Users\Anbarasan\Playwright_projects\Dashboard_Playwright_Automation\actions-runner\bin'
[2026-03-06 12:37:00Z INFO ProcessInvokerWrapper]   Require exit code zero: 'False'
[2026-03-06 12:37:00Z INFO ProcessInvokerWrapper]   Encoding web name:  ; code page: ''
[2026-03-06 12:37:00Z INFO ProcessInvokerWrapper]   Force kill process on cancellation: 'True'
[2026-03-06 12:37:00Z INFO ProcessInvokerWrapper]   Redirected STDIN: 'False'
[2026-03-06 12:37:00Z INFO ProcessInvokerWrapper]   Persist current code page: 'False'
[2026-03-06 12:37:00Z INFO ProcessInvokerWrapper]   Keep redirected STDIN open: 'False'
[2026-03-06 12:37:00Z INFO ProcessInvokerWrapper]   High priority process: 'True'
[2026-03-06 12:37:01Z INFO ProcessInvokerWrapper] Process started with process id 18572, waiting for process exit.
[2026-03-06 12:37:01Z INFO JobDispatcher] Send job request message to worker for job 670de8ae-5ac4-5836-b3f2-756a8fa475a7.
[2026-03-06 12:37:01Z INFO ProcessChannel] Sending message of length 22730, with hash '1ff985bd7182be897487d8ddd21ed18232ddd3ff19d6380e204e4892776cb6b9'
[2026-03-06 12:37:02Z INFO JobNotification] Entering JobStarted Notification
[2026-03-06 12:37:02Z INFO JobNotification] Entering StartMonitor
[2026-03-06 12:38:02Z INFO JobDispatcher] Successfully renew job 670de8ae-5ac4-5836-b3f2-756a8fa475a7, job is valid till 3/6/2026 12:48:04 PM
[2026-03-06 12:39:02Z INFO JobDispatcher] Successfully renew job 670de8ae-5ac4-5836-b3f2-756a8fa475a7, job is valid till 3/6/2026 12:49:04 PM
[2026-03-06 12:40:02Z INFO JobDispatcher] Successfully renew job 670de8ae-5ac4-5836-b3f2-756a8fa475a7, job is valid till 3/6/2026 12:50:05 PM
[2026-03-06 12:41:03Z INFO JobDispatcher] Successfully renew job 670de8ae-5ac4-5836-b3f2-756a8fa475a7, job is valid till 3/6/2026 12:51:05 PM
[2026-03-06 12:42:03Z INFO JobDispatcher] Successfully renew job 670de8ae-5ac4-5836-b3f2-756a8fa475a7, job is valid till 3/6/2026 12:52:06 PM
[2026-03-06 12:42:09Z INFO ProcessInvokerWrapper] STDOUT/STDERR stream read finished.
[2026-03-06 12:42:09Z INFO ProcessInvokerWrapper] STDOUT/STDERR stream read finished.
[2026-03-06 12:42:09Z INFO ProcessInvokerWrapper] Finished process 18572 with exit code 102, and elapsed time 00:05:08.5469997.
[2026-03-06 12:42:09Z INFO JobDispatcher] Worker finished for job 670de8ae-5ac4-5836-b3f2-756a8fa475a7. Code: 102
[2026-03-06 12:42:09Z INFO JobDispatcher] finish job request for job 670de8ae-5ac4-5836-b3f2-756a8fa475a7 with result: Failed
[2026-03-06 12:42:09Z INFO Terminal] WRITE LINE: 2026-03-06 12:42:09Z: Job test completed with result: Failed
[2026-03-06 12:42:09Z INFO JobDispatcher] Stop renew job request for job 670de8ae-5ac4-5836-b3f2-756a8fa475a7.
[2026-03-06 12:42:09Z INFO JobDispatcher] job renew has been cancelled, stop renew job 670de8ae-5ac4-5836-b3f2-756a8fa475a7.
[2026-03-06 12:42:09Z INFO JobNotification] Entering JobCompleted Notification
[2026-03-06 12:42:09Z INFO JobNotification] Entering EndMonitor
[2026-03-06 12:42:09Z INFO BrokerMessageListener] Received job status event. JobState: Online
[2026-03-06 12:42:09Z WARN GitHubActionsService] GET request to https://broker.actions.githubusercontent.com/message?sessionId=af2eaef7-f85a-46a8-8c8e-9cb1f3085a31&status=Busy&runnerVersion=2.332.0&os=Windows&architecture=X64&disableUpdate=false has been cancelled.
[2026-03-06 12:42:09Z ERR  BrokerServer] Catch exception during request
[2026-03-06 12:42:09Z ERR  BrokerServer] System.Threading.Tasks.TaskCanceledException: The operation was canceled.
 ---> System.Threading.Tasks.TaskCanceledException: The operation was canceled.
 ---> System.IO.IOException: Unable to read data from the transport connection: The I/O operation has been aborted because of either a thread exit or an application request..
 ---> System.Net.Sockets.SocketException (995): The I/O operation has been aborted because of either a thread exit or an application request.
   --- End of inner exception stack trace ---
   at System.Net.Sockets.Socket.AwaitableSocketAsyncEventArgs.System.Threading.Tasks.Sources.IValueTaskSource<System.Int32>.GetResult(Int16 token)
   at System.Net.Security.SslStream.EnsureFullTlsFrameAsync[TIOAdapter](CancellationToken cancellationToken, Int32 estimatedSize)
   at System.Runtime.CompilerServices.PoolingAsyncValueTaskMethodBuilder`1.StateMachineBox`1.System.Threading.Tasks.Sources.IValueTaskSource<TResult>.GetResult(Int16 token)
   at System.Net.Security.SslStream.ReadAsyncInternal[TIOAdapter](Memory`1 buffer, CancellationToken cancellationToken)
   at System.Runtime.CompilerServices.PoolingAsyncValueTaskMethodBuilder`1.StateMachineBox`1.System.Threading.Tasks.Sources.IValueTaskSource<TResult>.GetResult(Int16 token)
   at System.Net.Http.HttpConnection.SendAsync(HttpRequestMessage request, Boolean async, CancellationToken cancellationToken)
   --- End of inner exception stack trace ---
   at System.Net.Http.HttpConnection.SendAsync(HttpRequestMessage request, Boolean async, CancellationToken cancellationToken)
   at System.Net.Http.AuthenticationHelper.SendWithNtAuthAsync(HttpRequestMessage request, Uri authUri, Boolean async, ICredentials credentials, Boolean isProxyAuth, HttpConnection connection, HttpConnectionPool connectionPool, CancellationToken cancellationToken)
   at System.Net.Http.HttpConnectionPool.SendWithVersionDetectionAndRetryAsync(HttpRequestMessage request, Boolean async, Boolean doRequestAuth, CancellationToken cancellationToken)
   at System.Net.Http.AuthenticationHelper.SendWithAuthAsync(HttpRequestMessage request, Uri authUri, Boolean async, ICredentials credentials, Boolean preAuthenticate, Boolean isProxyAuth, Boolean doRequestAuth, HttpConnectionPool pool, CancellationToken cancellationToken)
   at System.Net.Http.RedirectHandler.SendAsync(HttpRequestMessage request, Boolean async, CancellationToken cancellationToken)
   at GitHub.Services.Common.RawHttpMessageHandler.SendAsync(HttpRequestMessage request, CancellationToken cancellationToken)
   at GitHub.Services.Common.VssHttpRetryMessageHandler.SendAsync(HttpRequestMessage request, CancellationToken cancellationToken)
   at System.Net.Http.HttpClient.<SendAsync>g__Core|83_0(HttpRequestMessage request, HttpCompletionOption completionOption, CancellationTokenSource cts, Boolean disposeCts, CancellationTokenSource pendingRequestsCts, CancellationToken originalCancellationToken)
   --- End of inner exception stack trace ---
   at System.Net.Http.HttpClient.HandleFailure(Exception e, Boolean telemetryStarted, HttpResponseMessage response, CancellationTokenSource cts, CancellationToken cancellationToken, CancellationTokenSource pendingRequestsCts)
   at System.Net.Http.HttpClient.<SendAsync>g__Core|83_0(HttpRequestMessage request, HttpCompletionOption completionOption, CancellationTokenSource cts, Boolean disposeCts, CancellationTokenSource pendingRequestsCts, CancellationToken originalCancellationToken)
   at Sdk.WebApi.WebApi.RawHttpClientBase.SendAsync(HttpRequestMessage message, HttpCompletionOption completionOption, Object userState, CancellationToken cancellationToken)
   at Sdk.WebApi.WebApi.RawHttpClientBase.SendAsync[T](HttpRequestMessage message, Boolean readErrorBody, Object userState, CancellationToken cancellationToken)
   at Sdk.WebApi.WebApi.RawHttpClientBase.SendAsync[T](HttpMethod method, IEnumerable`1 additionalHeaders, Uri requestUri, HttpContent content, IEnumerable`1 queryParameters, Boolean readErrorBody, Object userState, CancellationToken cancellationToken)
   at GitHub.Actions.RunService.WebApi.BrokerHttpClient.GetRunnerMessageAsync(Nullable`1 sessionId, String runnerVersion, Nullable`1 status, String os, String architecture, Nullable`1 disableUpdate, CancellationToken cancellationToken)
   at GitHub.Runner.Common.BrokerServer.<>c__DisplayClass7_0.<<GetRunnerMessageAsync>b__0>d.MoveNext()
--- End of stack trace from previous location ---
   at GitHub.Runner.Common.RunnerService.RetryRequest[T](Func`1 func, CancellationToken cancellationToken, Int32 maxAttempts, Func`2 shouldRetry)
[2026-03-06 12:42:09Z ERR  BrokerServer] #####################################################
[2026-03-06 12:42:09Z ERR  BrokerServer] System.Threading.Tasks.TaskCanceledException: The operation was canceled.
 ---> System.IO.IOException: Unable to read data from the transport connection: The I/O operation has been aborted because of either a thread exit or an application request..
 ---> System.Net.Sockets.SocketException (995): The I/O operation has been aborted because of either a thread exit or an application request.
   --- End of inner exception stack trace ---
   at System.Net.Sockets.Socket.AwaitableSocketAsyncEventArgs.System.Threading.Tasks.Sources.IValueTaskSource<System.Int32>.GetResult(Int16 token)
   at System.Net.Security.SslStream.EnsureFullTlsFrameAsync[TIOAdapter](CancellationToken cancellationToken, Int32 estimatedSize)
   at System.Runtime.CompilerServices.PoolingAsyncValueTaskMethodBuilder`1.StateMachineBox`1.System.Threading.Tasks.Sources.IValueTaskSource<TResult>.GetResult(Int16 token)
   at System.Net.Security.SslStream.ReadAsyncInternal[TIOAdapter](Memory`1 buffer, CancellationToken cancellationToken)
   at System.Runtime.CompilerServices.PoolingAsyncValueTaskMethodBuilder`1.StateMachineBox`1.System.Threading.Tasks.Sources.IValueTaskSource<TResult>.GetResult(Int16 token)
   at System.Net.Http.HttpConnection.SendAsync(HttpRequestMessage request, Boolean async, CancellationToken cancellationToken)
   --- End of inner exception stack trace ---
   at System.Net.Http.HttpConnection.SendAsync(HttpRequestMessage request, Boolean async, CancellationToken cancellationToken)
   at System.Net.Http.AuthenticationHelper.SendWithNtAuthAsync(HttpRequestMessage request, Uri authUri, Boolean async, ICredentials credentials, Boolean isProxyAuth, HttpConnection connection, HttpConnectionPool connectionPool, CancellationToken cancellationToken)
   at System.Net.Http.HttpConnectionPool.SendWithVersionDetectionAndRetryAsync(HttpRequestMessage request, Boolean async, Boolean doRequestAuth, CancellationToken cancellationToken)
   at System.Net.Http.AuthenticationHelper.SendWithAuthAsync(HttpRequestMessage request, Uri authUri, Boolean async, ICredentials credentials, Boolean preAuthenticate, Boolean isProxyAuth, Boolean doRequestAuth, HttpConnectionPool pool, CancellationToken cancellationToken)
   at System.Net.Http.RedirectHandler.SendAsync(HttpRequestMessage request, Boolean async, CancellationToken cancellationToken)
   at GitHub.Services.Common.RawHttpMessageHandler.SendAsync(HttpRequestMessage request, CancellationToken cancellationToken)
   at GitHub.Services.Common.VssHttpRetryMessageHandler.SendAsync(HttpRequestMessage request, CancellationToken cancellationToken)
   at System.Net.Http.HttpClient.<SendAsync>g__Core|83_0(HttpRequestMessage request, HttpCompletionOption completionOption, CancellationTokenSource cts, Boolean disposeCts, CancellationTokenSource pendingRequestsCts, CancellationToken originalCancellationToken)
[2026-03-06 12:42:09Z ERR  BrokerServer] #####################################################
[2026-03-06 12:42:09Z ERR  BrokerServer] System.IO.IOException: Unable to read data from the transport connection: The I/O operation has been aborted because of either a thread exit or an application request..
 ---> System.Net.Sockets.SocketException (995): The I/O operation has been aborted because of either a thread exit or an application request.
   --- End of inner exception stack trace ---
   at System.Net.Sockets.Socket.AwaitableSocketAsyncEventArgs.System.Threading.Tasks.Sources.IValueTaskSource<System.Int32>.GetResult(Int16 token)
   at System.Net.Security.SslStream.EnsureFullTlsFrameAsync[TIOAdapter](CancellationToken cancellationToken, Int32 estimatedSize)
   at System.Runtime.CompilerServices.PoolingAsyncValueTaskMethodBuilder`1.StateMachineBox`1.System.Threading.Tasks.Sources.IValueTaskSource<TResult>.GetResult(Int16 token)
   at System.Net.Security.SslStream.ReadAsyncInternal[TIOAdapter](Memory`1 buffer, CancellationToken cancellationToken)
   at System.Runtime.CompilerServices.PoolingAsyncValueTaskMethodBuilder`1.StateMachineBox`1.System.Threading.Tasks.Sources.IValueTaskSource<TResult>.GetResult(Int16 token)
   at System.Net.Http.HttpConnection.SendAsync(HttpRequestMessage request, Boolean async, CancellationToken cancellationToken)
[2026-03-06 12:42:09Z ERR  BrokerServer] #####################################################
[2026-03-06 12:42:09Z ERR  BrokerServer] System.Net.Sockets.SocketException (995): The I/O operation has been aborted because of either a thread exit or an application request.
[2026-03-06 12:42:09Z WARN BrokerServer] Back off 12.693 seconds before next retry. 4 attempt left.
[2026-03-06 12:42:09Z INFO BrokerMessageListener] Get messages has been cancelled using local token source. Continue to get messages with new status.
[2026-03-06 12:55:36Z INFO Terminal] WRITE LINE: Exiting...
[2026-03-06 12:55:36Z INFO ConfigurationStore] IsServiceConfigured()
[2026-03-06 12:55:36Z INFO ConfigurationStore] IsServiceConfigured: False
[2026-03-06 12:55:36Z INFO HostContext] Runner will be shutdown for UserCancelled
[2026-03-06 12:55:36Z WARN GitHubActionsService] GET request to https://broker.actions.githubusercontent.com/message?sessionId=af2eaef7-f85a-46a8-8c8e-9cb1f3085a31&status=Online&runnerVersion=2.332.0&os=Windows&architecture=X64&disableUpdate=false has been cancelled.
[2026-03-06 12:55:36Z ERR  BrokerServer] Catch exception during request
[2026-03-06 12:55:36Z ERR  BrokerServer] System.Threading.Tasks.TaskCanceledException: The operation was canceled.
 ---> System.Threading.Tasks.TaskCanceledException: The operation was canceled.
 ---> System.IO.IOException: Unable to read data from the transport connection: The I/O operation has been aborted because of either a thread exit or an application request..
 ---> System.Net.Sockets.SocketException (995): The I/O operation has been aborted because of either a thread exit or an application request.
   --- End of inner exception stack trace ---
   at System.Net.Sockets.Socket.AwaitableSocketAsyncEventArgs.System.Threading.Tasks.Sources.IValueTaskSource<System.Int32>.GetResult(Int16 token)
   at System.Net.Security.SslStream.EnsureFullTlsFrameAsync[TIOAdapter](CancellationToken cancellationToken, Int32 estimatedSize)
   at System.Runtime.CompilerServices.PoolingAsyncValueTaskMethodBuilder`1.StateMachineBox`1.System.Threading.Tasks.Sources.IValueTaskSource<TResult>.GetResult(Int16 token)
   at System.Net.Security.SslStream.ReadAsyncInternal[TIOAdapter](Memory`1 buffer, CancellationToken cancellationToken)
   at System.Runtime.CompilerServices.PoolingAsyncValueTaskMethodBuilder`1.StateMachineBox`1.System.Threading.Tasks.Sources.IValueTaskSource<TResult>.GetResult(Int16 token)
   at System.Net.Http.HttpConnection.SendAsync(HttpRequestMessage request, Boolean async, CancellationToken cancellationToken)
   --- End of inner exception stack trace ---
   at System.Net.Http.HttpConnection.SendAsync(HttpRequestMessage request, Boolean async, CancellationToken cancellationToken)
   at System.Net.Http.AuthenticationHelper.SendWithNtAuthAsync(HttpRequestMessage request, Uri authUri, Boolean async, ICredentials credentials, Boolean isProxyAuth, HttpConnection connection, HttpConnectionPool connectionPool, CancellationToken cancellationToken)
   at System.Net.Http.HttpConnectionPool.SendWithVersionDetectionAndRetryAsync(HttpRequestMessage request, Boolean async, Boolean doRequestAuth, CancellationToken cancellationToken)
   at System.Net.Http.AuthenticationHelper.SendWithAuthAsync(HttpRequestMessage request, Uri authUri, Boolean async, ICredentials credentials, Boolean preAuthenticate, Boolean isProxyAuth, Boolean doRequestAuth, HttpConnectionPool pool, CancellationToken cancellationToken)
   at System.Net.Http.RedirectHandler.SendAsync(HttpRequestMessage request, Boolean async, CancellationToken cancellationToken)
   at GitHub.Services.Common.RawHttpMessageHandler.SendAsync(HttpRequestMessage request, CancellationToken cancellationToken)
   at GitHub.Services.Common.VssHttpRetryMessageHandler.SendAsync(HttpRequestMessage request, CancellationToken cancellationToken)
   at System.Net.Http.HttpClient.<SendAsync>g__Core|83_0(HttpRequestMessage request, HttpCompletionOption completionOption, CancellationTokenSource cts, Boolean disposeCts, CancellationTokenSource pendingRequestsCts, CancellationToken originalCancellationToken)
   --- End of inner exception stack trace ---
   at System.Net.Http.HttpClient.HandleFailure(Exception e, Boolean telemetryStarted, HttpResponseMessage response, CancellationTokenSource cts, CancellationToken cancellationToken, CancellationTokenSource pendingRequestsCts)
   at System.Net.Http.HttpClient.<SendAsync>g__Core|83_0(HttpRequestMessage request, HttpCompletionOption completionOption, CancellationTokenSource cts, Boolean disposeCts, CancellationTokenSource pendingRequestsCts, CancellationToken originalCancellationToken)
   at Sdk.WebApi.WebApi.RawHttpClientBase.SendAsync(HttpRequestMessage message, HttpCompletionOption completionOption, Object userState, CancellationToken cancellationToken)
   at Sdk.WebApi.WebApi.RawHttpClientBase.SendAsync[T](HttpRequestMessage message, Boolean readErrorBody, Object userState, CancellationToken cancellationToken)
   at Sdk.WebApi.WebApi.RawHttpClientBase.SendAsync[T](HttpMethod method, IEnumerable`1 additionalHeaders, Uri requestUri, HttpContent content, IEnumerable`1 queryParameters, Boolean readErrorBody, Object userState, CancellationToken cancellationToken)
   at GitHub.Actions.RunService.WebApi.BrokerHttpClient.GetRunnerMessageAsync(Nullable`1 sessionId, String runnerVersion, Nullable`1 status, String os, String architecture, Nullable`1 disableUpdate, CancellationToken cancellationToken)
   at GitHub.Runner.Common.BrokerServer.<>c__DisplayClass7_0.<<GetRunnerMessageAsync>b__0>d.MoveNext()
--- End of stack trace from previous location ---
   at GitHub.Runner.Common.RunnerService.RetryRequest[T](Func`1 func, CancellationToken cancellationToken, Int32 maxAttempts, Func`2 shouldRetry)
[2026-03-06 12:55:36Z ERR  BrokerServer] #####################################################
[2026-03-06 12:55:36Z ERR  BrokerServer] System.Threading.Tasks.TaskCanceledException: The operation was canceled.
 ---> System.IO.IOException: Unable to read data from the transport connection: The I/O operation has been aborted because of either a thread exit or an application request..
 ---> System.Net.Sockets.SocketException (995): The I/O operation has been aborted because of either a thread exit or an application request.
   --- End of inner exception stack trace ---
   at System.Net.Sockets.Socket.AwaitableSocketAsyncEventArgs.System.Threading.Tasks.Sources.IValueTaskSource<System.Int32>.GetResult(Int16 token)
   at System.Net.Security.SslStream.EnsureFullTlsFrameAsync[TIOAdapter](CancellationToken cancellationToken, Int32 estimatedSize)
   at System.Runtime.CompilerServices.PoolingAsyncValueTaskMethodBuilder`1.StateMachineBox`1.System.Threading.Tasks.Sources.IValueTaskSource<TResult>.GetResult(Int16 token)
   at System.Net.Security.SslStream.ReadAsyncInternal[TIOAdapter](Memory`1 buffer, CancellationToken cancellationToken)
   at System.Runtime.CompilerServices.PoolingAsyncValueTaskMethodBuilder`1.StateMachineBox`1.System.Threading.Tasks.Sources.IValueTaskSource<TResult>.GetResult(Int16 token)
   at System.Net.Http.HttpConnection.SendAsync(HttpRequestMessage request, Boolean async, CancellationToken cancellationToken)
   --- End of inner exception stack trace ---
   at System.Net.Http.HttpConnection.SendAsync(HttpRequestMessage request, Boolean async, CancellationToken cancellationToken)
   at System.Net.Http.AuthenticationHelper.SendWithNtAuthAsync(HttpRequestMessage request, Uri authUri, Boolean async, ICredentials credentials, Boolean isProxyAuth, HttpConnection connection, HttpConnectionPool connectionPool, CancellationToken cancellationToken)
   at System.Net.Http.HttpConnectionPool.SendWithVersionDetectionAndRetryAsync(HttpRequestMessage request, Boolean async, Boolean doRequestAuth, CancellationToken cancellationToken)
   at System.Net.Http.AuthenticationHelper.SendWithAuthAsync(HttpRequestMessage request, Uri authUri, Boolean async, ICredentials credentials, Boolean preAuthenticate, Boolean isProxyAuth, Boolean doRequestAuth, HttpConnectionPool pool, CancellationToken cancellationToken)
   at System.Net.Http.RedirectHandler.SendAsync(HttpRequestMessage request, Boolean async, CancellationToken cancellationToken)
   at GitHub.Services.Common.RawHttpMessageHandler.SendAsync(HttpRequestMessage request, CancellationToken cancellationToken)
   at GitHub.Services.Common.VssHttpRetryMessageHandler.SendAsync(HttpRequestMessage request, CancellationToken cancellationToken)
   at System.Net.Http.HttpClient.<SendAsync>g__Core|83_0(HttpRequestMessage request, HttpCompletionOption completionOption, CancellationTokenSource cts, Boolean disposeCts, CancellationTokenSource pendingRequestsCts, CancellationToken originalCancellationToken)
[2026-03-06 12:55:36Z ERR  BrokerServer] #####################################################
[2026-03-06 12:55:36Z ERR  BrokerServer] System.IO.IOException: Unable to read data from the transport connection: The I/O operation has been aborted because of either a thread exit or an application request..
 ---> System.Net.Sockets.SocketException (995): The I/O operation has been aborted because of either a thread exit or an application request.
   --- End of inner exception stack trace ---
   at System.Net.Sockets.Socket.AwaitableSocketAsyncEventArgs.System.Threading.Tasks.Sources.IValueTaskSource<System.Int32>.GetResult(Int16 token)
   at System.Net.Security.SslStream.EnsureFullTlsFrameAsync[TIOAdapter](CancellationToken cancellationToken, Int32 estimatedSize)
   at System.Runtime.CompilerServices.PoolingAsyncValueTaskMethodBuilder`1.StateMachineBox`1.System.Threading.Tasks.Sources.IValueTaskSource<TResult>.GetResult(Int16 token)
   at System.Net.Security.SslStream.ReadAsyncInternal[TIOAdapter](Memory`1 buffer, CancellationToken cancellationToken)
   at System.Runtime.CompilerServices.PoolingAsyncValueTaskMethodBuilder`1.StateMachineBox`1.System.Threading.Tasks.Sources.IValueTaskSource<TResult>.GetResult(Int16 token)
   at System.Net.Http.HttpConnection.SendAsync(HttpRequestMessage request, Boolean async, CancellationToken cancellationToken)
[2026-03-06 12:55:36Z ERR  BrokerServer] #####################################################
[2026-03-06 12:55:36Z ERR  BrokerServer] System.Net.Sockets.SocketException (995): The I/O operation has been aborted because of either a thread exit or an application request.
[2026-03-06 12:55:36Z WARN BrokerServer] Back off 6.286 seconds before next retry. 4 attempt left.
[2026-03-06 12:55:36Z INFO BrokerMessageListener] Get next message has been cancelled.
[2026-03-06 12:55:36Z INFO JobDispatcher] Shutting down JobDispatcher. Make sure all WorkerDispatcher has finished.
[2026-03-06 12:55:36Z INFO JobDispatcher] Ensure WorkerDispatcher for job 670de8ae-5ac4-5836-b3f2-756a8fa475a7 run to finish, cancel any running job.
[2026-03-06 12:55:36Z INFO JobDispatcher] Job request 670de8ae-5ac4-5836-b3f2-756a8fa475a7 processed succeed.
[2026-03-06 12:55:36Z INFO Runner] Deleting Runner Session...
[2026-03-06 12:55:38Z INFO Listener] Runner execution been cancelled.
