[2026-03-07 07:21:31Z INFO HostContext] No proxy settings were found based on environmental variables (http_proxy/https_proxy/HTTP_PROXY/HTTPS_PROXY)
[2026-03-07 07:21:31Z INFO HostContext] Well known directory 'Bin': 'C:\Users\Anbarasan\Playwright_projects\Dashboard_Playwright_Automation\actions-runner\bin'
[2026-03-07 07:21:31Z INFO HostContext] Well known directory 'Root': 'C:\Users\Anbarasan\Playwright_projects\Dashboard_Playwright_Automation\actions-runner'
[2026-03-07 07:21:31Z INFO HostContext] Well known config file 'Credentials': 'C:\Users\Anbarasan\Playwright_projects\Dashboard_Playwright_Automation\actions-runner\.credentials'
[2026-03-07 07:21:32Z INFO HostContext] Well known directory 'Bin': 'C:\Users\Anbarasan\Playwright_projects\Dashboard_Playwright_Automation\actions-runner\bin'
[2026-03-07 07:21:32Z INFO HostContext] Well known directory 'Root': 'C:\Users\Anbarasan\Playwright_projects\Dashboard_Playwright_Automation\actions-runner'
[2026-03-07 07:21:32Z INFO HostContext] Well known config file 'Runner': 'C:\Users\Anbarasan\Playwright_projects\Dashboard_Playwright_Automation\actions-runner\.runner'
[2026-03-07 07:21:32Z INFO Listener] Runner is built for Windows (X64) - win-x64.
[2026-03-07 07:21:32Z INFO Listener] RuntimeInformation: Microsoft Windows 10.0.26200.
[2026-03-07 07:21:32Z INFO Listener] Version: 2.332.0
[2026-03-07 07:21:32Z INFO Listener] Commit: a153d802ff96c51ac1b8d72dd8a38ebe830398fc
[2026-03-07 07:21:32Z INFO Listener] Culture: en-US
[2026-03-07 07:21:32Z INFO Listener] UI Culture: en-US
[2026-03-07 07:21:32Z INFO HostContext] Well known directory 'Bin': 'C:\Users\Anbarasan\Playwright_projects\Dashboard_Playwright_Automation\actions-runner\bin'
[2026-03-07 07:21:32Z INFO HostContext] Well known directory 'Root': 'C:\Users\Anbarasan\Playwright_projects\Dashboard_Playwright_Automation\actions-runner'
[2026-03-07 07:21:32Z INFO Listener] Validating directory permissions for: 'C:\Users\Anbarasan\Playwright_projects\Dashboard_Playwright_Automation\actions-runner'
[2026-03-07 07:21:32Z INFO CommandLineParser] Parse
[2026-03-07 07:21:32Z INFO CommandLineParser] Parsing 1 args
[2026-03-07 07:21:32Z INFO CommandLineParser] parsing argument
[2026-03-07 07:21:32Z INFO CommandLineParser] HasArgs: False
[2026-03-07 07:21:32Z INFO CommandLineParser] Adding Command: run
[2026-03-07 07:21:32Z INFO Listener] Arguments parsed
[2026-03-07 07:21:32Z INFO Runner] ExecuteCommand
[2026-03-07 07:21:32Z INFO ConfigurationStore] currentAssemblyLocation: C:\Users\Anbarasan\Playwright_projects\Dashboard_Playwright_Automation\actions-runner\bin\Runner.Listener.dll
[2026-03-07 07:21:32Z INFO HostContext] Well known directory 'Bin': 'C:\Users\Anbarasan\Playwright_projects\Dashboard_Playwright_Automation\actions-runner\bin'
[2026-03-07 07:21:32Z INFO ConfigurationStore] binPath: C:\Users\Anbarasan\Playwright_projects\Dashboard_Playwright_Automation\actions-runner\bin
[2026-03-07 07:21:32Z INFO HostContext] Well known directory 'Bin': 'C:\Users\Anbarasan\Playwright_projects\Dashboard_Playwright_Automation\actions-runner\bin'
[2026-03-07 07:21:32Z INFO HostContext] Well known directory 'Root': 'C:\Users\Anbarasan\Playwright_projects\Dashboard_Playwright_Automation\actions-runner'
[2026-03-07 07:21:32Z INFO ConfigurationStore] RootFolder: C:\Users\Anbarasan\Playwright_projects\Dashboard_Playwright_Automation\actions-runner
[2026-03-07 07:21:32Z INFO HostContext] Well known directory 'Bin': 'C:\Users\Anbarasan\Playwright_projects\Dashboard_Playwright_Automation\actions-runner\bin'
[2026-03-07 07:21:32Z INFO HostContext] Well known directory 'Root': 'C:\Users\Anbarasan\Playwright_projects\Dashboard_Playwright_Automation\actions-runner'
[2026-03-07 07:21:32Z INFO HostContext] Well known config file 'Runner': 'C:\Users\Anbarasan\Playwright_projects\Dashboard_Playwright_Automation\actions-runner\.runner'
[2026-03-07 07:21:32Z INFO ConfigurationStore] ConfigFilePath: C:\Users\Anbarasan\Playwright_projects\Dashboard_Playwright_Automation\actions-runner\.runner
[2026-03-07 07:21:32Z INFO HostContext] Well known directory 'Bin': 'C:\Users\Anbarasan\Playwright_projects\Dashboard_Playwright_Automation\actions-runner\bin'
[2026-03-07 07:21:32Z INFO HostContext] Well known directory 'Root': 'C:\Users\Anbarasan\Playwright_projects\Dashboard_Playwright_Automation\actions-runner'
[2026-03-07 07:21:32Z INFO HostContext] Well known config file 'MigratedRunner': 'C:\Users\Anbarasan\Playwright_projects\Dashboard_Playwright_Automation\actions-runner\.runner_migrated'
[2026-03-07 07:21:32Z INFO ConfigurationStore] MigratedConfigFilePath: C:\Users\Anbarasan\Playwright_projects\Dashboard_Playwright_Automation\actions-runner\.runner_migrated
[2026-03-07 07:21:32Z INFO HostContext] Well known directory 'Bin': 'C:\Users\Anbarasan\Playwright_projects\Dashboard_Playwright_Automation\actions-runner\bin'
[2026-03-07 07:21:32Z INFO HostContext] Well known directory 'Root': 'C:\Users\Anbarasan\Playwright_projects\Dashboard_Playwright_Automation\actions-runner'
[2026-03-07 07:21:32Z INFO HostContext] Well known config file 'Credentials': 'C:\Users\Anbarasan\Playwright_projects\Dashboard_Playwright_Automation\actions-runner\.credentials'
[2026-03-07 07:21:32Z INFO ConfigurationStore] CredFilePath: C:\Users\Anbarasan\Playwright_projects\Dashboard_Playwright_Automation\actions-runner\.credentials
[2026-03-07 07:21:32Z INFO HostContext] Well known directory 'Bin': 'C:\Users\Anbarasan\Playwright_projects\Dashboard_Playwright_Automation\actions-runner\bin'
[2026-03-07 07:21:32Z INFO HostContext] Well known directory 'Root': 'C:\Users\Anbarasan\Playwright_projects\Dashboard_Playwright_Automation\actions-runner'
[2026-03-07 07:21:32Z INFO HostContext] Well known config file 'MigratedCredentials': 'C:\Users\Anbarasan\Playwright_projects\Dashboard_Playwright_Automation\actions-runner\.credentials_migrated'
[2026-03-07 07:21:32Z INFO ConfigurationStore] MigratedCredFilePath: C:\Users\Anbarasan\Playwright_projects\Dashboard_Playwright_Automation\actions-runner\.credentials_migrated
[2026-03-07 07:21:32Z INFO HostContext] Well known directory 'Bin': 'C:\Users\Anbarasan\Playwright_projects\Dashboard_Playwright_Automation\actions-runner\bin'
[2026-03-07 07:21:32Z INFO HostContext] Well known directory 'Root': 'C:\Users\Anbarasan\Playwright_projects\Dashboard_Playwright_Automation\actions-runner'
[2026-03-07 07:21:32Z INFO HostContext] Well known config file 'Service': 'C:\Users\Anbarasan\Playwright_projects\Dashboard_Playwright_Automation\actions-runner\.service'
[2026-03-07 07:21:32Z INFO ConfigurationStore] ServiceConfigFilePath: C:\Users\Anbarasan\Playwright_projects\Dashboard_Playwright_Automation\actions-runner\.service
[2026-03-07 07:21:32Z INFO CommandSettings] Flag 'help': 'False'
[2026-03-07 07:21:32Z INFO CommandSettings] Flag 'version': 'False'
[2026-03-07 07:21:32Z INFO CommandSettings] Flag 'commit': 'False'
[2026-03-07 07:21:32Z INFO CommandSettings] Flag 'check': 'False'
[2026-03-07 07:21:32Z INFO CommandSettings] Command 'configure': 'False'
[2026-03-07 07:21:32Z INFO CommandSettings] Command 'remove': 'False'
[2026-03-07 07:21:32Z INFO CommandSettings] Command 'warmup': 'False'
[2026-03-07 07:21:32Z INFO ConfigurationManager] LoadSettings
[2026-03-07 07:21:32Z INFO ConfigurationStore] IsConfigured()
[2026-03-07 07:21:32Z INFO ConfigurationStore] IsConfigured: True
[2026-03-07 07:21:32Z INFO ConfigurationManager] Is configured: True
[2026-03-07 07:21:32Z INFO ConfigurationStore] Read setting file: 391 chars
[2026-03-07 07:21:32Z INFO ConfigurationManager] Settings Loaded
[2026-03-07 07:21:32Z INFO ConfigurationStore] IsServiceConfigured()
[2026-03-07 07:21:32Z INFO ConfigurationStore] IsServiceConfigured: False
[2026-03-07 07:21:32Z INFO CommandSettings] Command 'run': 'True'
[2026-03-07 07:21:32Z INFO ConfigurationStore] IsConfigured()
[2026-03-07 07:21:32Z INFO ConfigurationStore] IsConfigured: True
[2026-03-07 07:21:32Z INFO ConfigurationManager] Is configured: True
[2026-03-07 07:21:32Z INFO Runner] Could not parse the argument value '' for StartupType. Defaulting to Manual
[2026-03-07 07:21:32Z INFO Runner] Set runner startup type - Manual
[2026-03-07 07:21:32Z INFO CommandSettings] Flag 'once': 'False'
[2026-03-07 07:21:32Z INFO CommandSettings] Flag 'once': 'False'
[2026-03-07 07:21:32Z INFO Runner] RunAsync
[2026-03-07 07:21:32Z INFO HostContext] Well known directory 'Bin': 'C:\Users\Anbarasan\Playwright_projects\Dashboard_Playwright_Automation\actions-runner\bin'
[2026-03-07 07:21:32Z INFO HostContext] Well known directory 'Root': 'C:\Users\Anbarasan\Playwright_projects\Dashboard_Playwright_Automation\actions-runner'
[2026-03-07 07:21:32Z INFO HostContext] Well known directory 'Work': 'C:\Users\Anbarasan\Playwright_projects\Dashboard_Playwright_Automation\actions-runner\_work'
[2026-03-07 07:21:32Z INFO Runner] Validating directory permissions for: 'C:\Users\Anbarasan\Playwright_projects\Dashboard_Playwright_Automation\actions-runner\_work'
[2026-03-07 07:21:32Z INFO ConfigurationManager] LoadMigratedSettings
[2026-03-07 07:21:32Z INFO ConfigurationStore] IsMigratedConfigured()
[2026-03-07 07:21:32Z INFO ConfigurationStore] IsMigratedConfigured: False
[2026-03-07 07:21:32Z INFO Runner] Failed to load migrated settings: No migrated configuration found.
[2026-03-07 07:21:32Z INFO Runner] Falling back to original .runner settings
[2026-03-07 07:21:32Z INFO Runner] Using BrokerMessageListener
[2026-03-07 07:21:32Z INFO BrokerMessageListener] Using provided settings
[2026-03-07 07:21:32Z INFO BrokerMessageListener] {
  "AgentId": 2,
  "AgentName": "YS054",
  "PoolId": 1,
  "PoolName": "Default",
  "ServerUrl": "https://pipelinesghubeus4.actions.githubusercontent.com/PtinZfjCuIWJ6Bdx1cEzJY10YBwmSvttTUzzVTQ867x8blVYmJ/",
  "GitHubUrl": "https://github.com/Anbarasan2000/Yosi_chat",
  "WorkFolder": "_work",
  "UseV2Flow": true,
  "ServerUrlV2": "https://broker.actions.githubusercontent.com/"
}
[2026-03-07 07:21:32Z INFO BrokerMessageListener] Loading Credentials
[2026-03-07 07:21:32Z INFO ConfigurationStore] HasCredentials()
[2026-03-07 07:21:32Z INFO ConfigurationStore] stored True
[2026-03-07 07:21:32Z INFO CredentialManager] GetCredentialProvider
[2026-03-07 07:21:32Z INFO CredentialManager] Creating type OAuth
[2026-03-07 07:21:32Z INFO CredentialManager] Creating credential type: OAuth
[2026-03-07 07:21:32Z INFO HostContext] Well known directory 'Bin': 'C:\Users\Anbarasan\Playwright_projects\Dashboard_Playwright_Automation\actions-runner\bin'
[2026-03-07 07:21:32Z INFO HostContext] Well known directory 'Root': 'C:\Users\Anbarasan\Playwright_projects\Dashboard_Playwright_Automation\actions-runner'
[2026-03-07 07:21:32Z INFO HostContext] Well known config file 'RSACredentials': 'C:\Users\Anbarasan\Playwright_projects\Dashboard_Playwright_Automation\actions-runner\.credentials_rsaparams'
[2026-03-07 07:21:32Z INFO RSAEncryptedFileKeyManager] Loading RSA key parameters from file C:\Users\Anbarasan\Playwright_projects\Dashboard_Playwright_Automation\actions-runner\.credentials_rsaparams
[2026-03-07 07:21:32Z INFO BrokerMessageListener] Attempt to create session.
[2026-03-07 07:21:32Z INFO BrokerMessageListener] Connecting to the Broker Server...
[2026-03-07 07:21:32Z INFO ConfigurationStore] HasCredentials()
[2026-03-07 07:21:32Z INFO ConfigurationStore] stored True
[2026-03-07 07:21:32Z INFO CredentialManager] GetCredentialProvider
[2026-03-07 07:21:32Z INFO CredentialManager] Creating type OAuth
[2026-03-07 07:21:32Z INFO CredentialManager] Creating credential type: OAuth
[2026-03-07 07:21:32Z INFO RSAEncryptedFileKeyManager] Loading RSA key parameters from file C:\Users\Anbarasan\Playwright_projects\Dashboard_Playwright_Automation\actions-runner\.credentials_rsaparams
[2026-03-07 07:21:32Z INFO BrokerMessageListener] VssConnection created
[2026-03-07 07:21:32Z INFO BrokerMessageListener] Connecting to the Runner server...
[2026-03-07 07:21:32Z INFO RunnerServer] EstablishVssConnection
[2026-03-07 07:21:32Z INFO RunnerServer] Establish connection with 100 seconds timeout.
[2026-03-07 07:21:32Z INFO GitHubActionsService] Starting operation Location.GetConnectionData
[2026-03-07 07:21:32Z INFO RunnerServer] EstablishVssConnection
[2026-03-07 07:21:32Z INFO RunnerServer] Establish connection with 60 seconds timeout.
[2026-03-07 07:21:32Z INFO GitHubActionsService] Starting operation Location.GetConnectionData
[2026-03-07 07:21:32Z INFO RunnerServer] EstablishVssConnection
[2026-03-07 07:21:32Z INFO RunnerServer] Establish connection with 60 seconds timeout.
[2026-03-07 07:21:32Z INFO GitHubActionsService] Starting operation Location.GetConnectionData
[2026-03-07 07:21:46Z INFO GitHubActionsService] Finished operation Location.GetConnectionData
[2026-03-07 07:21:46Z INFO GitHubActionsService] Finished operation Location.GetConnectionData
[2026-03-07 07:21:46Z INFO GitHubActionsService] Finished operation Location.GetConnectionData
[2026-03-07 07:21:46Z INFO BrokerMessageListener] VssConnection created
[2026-03-07 07:21:46Z INFO Terminal] WRITE LINE: 
[2026-03-07 07:21:46Z INFO Terminal] WRITE LINE: 
[2026-03-07 07:21:46Z INFO RSAEncryptedFileKeyManager] Loading RSA key parameters from file C:\Users\Anbarasan\Playwright_projects\Dashboard_Playwright_Automation\actions-runner\.credentials_rsaparams
[2026-03-07 07:21:46Z INFO RSAEncryptedFileKeyManager] Loading RSA key parameters from file C:\Users\Anbarasan\Playwright_projects\Dashboard_Playwright_Automation\actions-runner\.credentials_rsaparams
[2026-03-07 07:21:48Z INFO GitHubActionsService] AAD Correlation ID for this token request: Unknown
[2026-03-07 07:21:48Z WARN GitHubActionsService] Retrieving an AAD auth token took a long time (2.2373232 seconds)
[2026-03-07 07:21:49Z INFO BrokerMessageListener] Session created.
[2026-03-07 07:21:49Z INFO Terminal] WRITE LINE: Current runner version: '2.332.0'
[2026-03-07 07:21:49Z INFO Terminal] WRITE LINE: 2026-03-07 07:21:49Z: Listening for Jobs
[2026-03-07 07:21:49Z INFO JobDispatcher] Set runner/worker IPC timeout to 30 seconds.
[2026-03-07 07:21:51Z INFO BrokerMessageListener] Acknowledging runner request 'a8a144ef-ccbd-539f-b5cb-829616ccdff7'.
[2026-03-07 07:21:51Z INFO ConfigurationStore] HasCredentials()
[2026-03-07 07:21:51Z INFO ConfigurationStore] stored True
[2026-03-07 07:21:51Z INFO CredentialManager] GetCredentialProvider
[2026-03-07 07:21:51Z INFO CredentialManager] Creating type OAuth
[2026-03-07 07:21:51Z INFO CredentialManager] Creating credential type: OAuth
[2026-03-07 07:21:51Z INFO RSAEncryptedFileKeyManager] Loading RSA key parameters from file C:\Users\Anbarasan\Playwright_projects\Dashboard_Playwright_Automation\actions-runner\.credentials_rsaparams
[2026-03-07 07:21:51Z INFO RSAEncryptedFileKeyManager] Loading RSA key parameters from file C:\Users\Anbarasan\Playwright_projects\Dashboard_Playwright_Automation\actions-runner\.credentials_rsaparams
[2026-03-07 07:21:51Z INFO RSAEncryptedFileKeyManager] Loading RSA key parameters from file C:\Users\Anbarasan\Playwright_projects\Dashboard_Playwright_Automation\actions-runner\.credentials_rsaparams
[2026-03-07 07:21:53Z INFO GitHubActionsService] AAD Correlation ID for this token request: Unknown
[2026-03-07 07:21:53Z WARN GitHubActionsService] Retrieving an AAD auth token took a long time (2.149515 seconds)
[2026-03-07 07:22:00Z INFO JobDispatcher] Job request 0 for plan f5b8e180-bcf1-49c2-bfef-47c46ef213d6 job a8a144ef-ccbd-539f-b5cb-829616ccdff7 received.
[2026-03-07 07:22:00Z INFO JobDispatcher] Pull OrchestrationId f5b8e180-bcf1-49c2-bfef-47c46ef213d6.test.__default from JWT claims
[2026-03-07 07:22:00Z INFO BrokerMessageListener] Received job status event. JobState: Busy
[2026-03-07 07:22:00Z INFO BrokerMessageListener] _getMessagesTokenSource is already disposed.
[2026-03-07 07:22:00Z INFO Terminal] WRITE LINE: 2026-03-07 07:22:00Z: Running job: test
[2026-03-07 07:22:00Z INFO JobDispatcher] Start renew job request 0 for job a8a144ef-ccbd-539f-b5cb-829616ccdff7.
[2026-03-07 07:22:01Z INFO JobDispatcher] Successfully renew job a8a144ef-ccbd-539f-b5cb-829616ccdff7, job is valid till 3/7/2026 7:32:01 AM
[2026-03-07 07:22:01Z INFO HostContext] Well known directory 'Bin': 'C:\Users\Anbarasan\Playwright_projects\Dashboard_Playwright_Automation\actions-runner\bin'
[2026-03-07 07:22:01Z INFO ProcessInvokerWrapper] Starting process:
[2026-03-07 07:22:01Z INFO ProcessInvokerWrapper]   File name: 'C:\Users\Anbarasan\Playwright_projects\Dashboard_Playwright_Automation\actions-runner\bin\Runner.Worker.exe'
[2026-03-07 07:22:01Z INFO ProcessInvokerWrapper]   Arguments: 'spawnclient 2336 2360'
[2026-03-07 07:22:01Z INFO ProcessInvokerWrapper]   Working directory: 'C:\Users\Anbarasan\Playwright_projects\Dashboard_Playwright_Automation\actions-runner\bin'
[2026-03-07 07:22:01Z INFO ProcessInvokerWrapper]   Require exit code zero: 'False'
[2026-03-07 07:22:01Z INFO ProcessInvokerWrapper]   Encoding web name:  ; code page: ''
[2026-03-07 07:22:01Z INFO ProcessInvokerWrapper]   Force kill process on cancellation: 'True'
[2026-03-07 07:22:01Z INFO ProcessInvokerWrapper]   Redirected STDIN: 'False'
[2026-03-07 07:22:01Z INFO ProcessInvokerWrapper]   Persist current code page: 'False'
[2026-03-07 07:22:01Z INFO ProcessInvokerWrapper]   Keep redirected STDIN open: 'False'
[2026-03-07 07:22:01Z INFO ProcessInvokerWrapper]   High priority process: 'True'
[2026-03-07 07:22:01Z INFO ProcessInvokerWrapper] Process started with process id 28552, waiting for process exit.
[2026-03-07 07:22:01Z INFO JobDispatcher] Send job request message to worker for job a8a144ef-ccbd-539f-b5cb-829616ccdff7.
[2026-03-07 07:22:01Z INFO ProcessChannel] Sending message of length 22400, with hash 'ce58af4a8cdc245f8675bb9c0e817825b136c81bc0af2aa9788094c2ff80e85b'
[2026-03-07 07:22:01Z INFO JobNotification] Entering JobStarted Notification
[2026-03-07 07:22:01Z INFO JobNotification] Entering StartMonitor
[2026-03-07 07:23:02Z INFO JobDispatcher] Successfully renew job a8a144ef-ccbd-539f-b5cb-829616ccdff7, job is valid till 3/7/2026 7:33:01 AM
[2026-03-07 07:24:02Z INFO JobDispatcher] Successfully renew job a8a144ef-ccbd-539f-b5cb-829616ccdff7, job is valid till 3/7/2026 7:34:02 AM
[2026-03-07 07:25:03Z INFO JobDispatcher] Successfully renew job a8a144ef-ccbd-539f-b5cb-829616ccdff7, job is valid till 3/7/2026 7:35:02 AM
[2026-03-07 07:26:03Z INFO JobDispatcher] Successfully renew job a8a144ef-ccbd-539f-b5cb-829616ccdff7, job is valid till 3/7/2026 7:36:03 AM
[2026-03-07 07:27:03Z INFO JobDispatcher] Successfully renew job a8a144ef-ccbd-539f-b5cb-829616ccdff7, job is valid till 3/7/2026 7:37:03 AM
[2026-03-07 07:28:04Z INFO ProcessInvokerWrapper] STDOUT/STDERR stream read finished.
[2026-03-07 07:28:04Z INFO ProcessInvokerWrapper] STDOUT/STDERR stream read finished.
[2026-03-07 07:28:04Z INFO ProcessInvokerWrapper] Finished process 28552 with exit code 102, and elapsed time 00:06:03.6448000.
[2026-03-07 07:28:04Z INFO JobDispatcher] Worker finished for job a8a144ef-ccbd-539f-b5cb-829616ccdff7. Code: 102
[2026-03-07 07:28:04Z INFO JobDispatcher] finish job request for job a8a144ef-ccbd-539f-b5cb-829616ccdff7 with result: Failed
[2026-03-07 07:28:04Z INFO Terminal] WRITE LINE: 2026-03-07 07:28:04Z: Job test completed with result: Failed
[2026-03-07 07:28:04Z INFO JobDispatcher] Stop renew job request for job a8a144ef-ccbd-539f-b5cb-829616ccdff7.
[2026-03-07 07:28:05Z WARN GitHubActionsService] POST request to https://run-actions-3-azure-eastus.actions.githubusercontent.com/139/renewjob has been cancelled.
[2026-03-07 07:28:05Z ERR  RunServer] Catch exception during request
[2026-03-07 07:28:05Z ERR  RunServer] System.Threading.Tasks.TaskCanceledException: The operation was canceled.
 ---> System.Threading.Tasks.TaskCanceledException: The operation was canceled.
 ---> System.IO.IOException: Unable to read data from the transport connection: The I/O operation has been aborted because of either a thread exit or an application request..
 ---> System.Net.Sockets.SocketException (995): The I/O operation has been aborted because of either a thread exit or an application request.
   --- End of inner exception stack trace ---
   at System.Net.Sockets.Socket.AwaitableSocketAsyncEventArgs.ThrowException(SocketError error, CancellationToken cancellationToken)
   at System.Net.Sockets.Socket.AwaitableSocketAsyncEventArgs.System.Threading.Tasks.Sources.IValueTaskSource<System.Int32>.GetResult(Int16 token)
   at System.Net.Security.SslStream.EnsureFullTlsFrameAsync[TIOAdapter](CancellationToken cancellationToken, Int32 estimatedSize)
   at System.Runtime.CompilerServices.PoolingAsyncValueTaskMethodBuilder`1.StateMachineBox`1.System.Threading.Tasks.Sources.IValueTaskSource<TResult>.GetResult(Int16 token)
   at System.Net.Security.SslStream.ReadAsyncInternal[TIOAdapter](Memory`1 buffer, CancellationToken cancellationToken)
   at System.Runtime.CompilerServices.PoolingAsyncValueTaskMethodBuilder`1.StateMachineBox`1.System.Threading.Tasks.Sources.IValueTaskSource<TResult>.GetResult(Int16 token)
   at System.Net.Http.HttpConnection.<EnsureReadAheadTaskHasStarted>g__ReadAheadWithZeroByteReadAsync|40_0()
   at System.Net.Http.HttpConnection.SendAsync(HttpRequestMessage request, Boolean async, CancellationToken cancellationToken)
   --- End of inner exception stack trace ---
   at System.Net.Http.HttpConnection.SendAsync(HttpRequestMessage request, Boolean async, CancellationToken cancellationToken)
   at System.Net.Http.AuthenticationHelper.SendWithNtAuthAsync(HttpRequestMessage request, Uri authUri, Boolean async, ICredentials credentials, Boolean isProxyAuth, HttpConnection connection, HttpConnectionPool connectionPool, CancellationToken cancellationToken)
   at System.Net.Http.HttpConnectionPool.SendWithVersionDetectionAndRetryAsync(HttpRequestMessage request, Boolean async, Boolean doRequestAuth, CancellationToken cancellationToken)
   at System.Net.Http.AuthenticationHelper.SendWithAuthAsync(HttpRequestMessage request, Uri authUri, Boolean async, ICredentials credentials, Boolean preAuthenticate, Boolean isProxyAuth, Boolean doRequestAuth, HttpConnectionPool pool, CancellationToken cancellationToken)
   at System.Net.Http.RedirectHandler.SendAsync(HttpRequestMessage request, Boolean async, CancellationToken cancellationToken)
   at GitHub.Services.Common.RawHttpMessageHandler.SendAsync(HttpRequestMessage request, CancellationToken cancellationToken)
   at GitHub.Services.Common.VssHttpRetryMessageHandler.SendAsync(HttpRequestMessage request, CancellationToken cancellationToken)
   at System.Net.Http.HttpClient.<SendAsync>g__Core|83_0(HttpRequestMessage request, HttpCompletionOption completionOption, CancellationTokenSource cts, Boolean disposeCts, CancellationTokenSource pendingRequestsCts, CancellationToken originalCancellationToken)
   --- End of inner exception stack trace ---
   at System.Net.Http.HttpClient.HandleFailure(Exception e, Boolean telemetryStarted, HttpResponseMessage response, CancellationTokenSource cts, CancellationToken cancellationToken, CancellationTokenSource pendingRequestsCts)
   at System.Net.Http.HttpClient.<SendAsync>g__Core|83_0(HttpRequestMessage request, HttpCompletionOption completionOption, CancellationTokenSource cts, Boolean disposeCts, CancellationTokenSource pendingRequestsCts, CancellationToken originalCancellationToken)
   at Sdk.WebApi.WebApi.RawHttpClientBase.SendAsync(HttpRequestMessage message, HttpCompletionOption completionOption, Object userState, CancellationToken cancellationToken)
   at Sdk.WebApi.WebApi.RawHttpClientBase.SendAsync[T](HttpRequestMessage message, Boolean readErrorBody, Object userState, CancellationToken cancellationToken)
   at Sdk.WebApi.WebApi.RawHttpClientBase.SendAsync[T](HttpMethod method, IEnumerable`1 additionalHeaders, Uri requestUri, HttpContent content, IEnumerable`1 queryParameters, Boolean readErrorBody, Object userState, CancellationToken cancellationToken)
   at GitHub.Actions.RunService.WebApi.RunServiceHttpClient.RenewJobAsync(Uri requestUri, Guid planId, Guid jobId, CancellationToken cancellationToken)
   at GitHub.Runner.Common.RunServer.<>c__DisplayClass8_0.<<RenewJobAsync>b__0>d.MoveNext()
--- End of stack trace from previous location ---
   at GitHub.Runner.Common.RunnerService.RetryRequest[T](Func`1 func, CancellationToken cancellationToken, Int32 maxAttempts, Func`2 shouldRetry)
[2026-03-07 07:28:05Z ERR  RunServer] #####################################################
[2026-03-07 07:28:05Z ERR  RunServer] System.Threading.Tasks.TaskCanceledException: The operation was canceled.
 ---> System.IO.IOException: Unable to read data from the transport connection: The I/O operation has been aborted because of either a thread exit or an application request..
 ---> System.Net.Sockets.SocketException (995): The I/O operation has been aborted because of either a thread exit or an application request.
   --- End of inner exception stack trace ---
   at System.Net.Sockets.Socket.AwaitableSocketAsyncEventArgs.ThrowException(SocketError error, CancellationToken cancellationToken)
   at System.Net.Sockets.Socket.AwaitableSocketAsyncEventArgs.System.Threading.Tasks.Sources.IValueTaskSource<System.Int32>.GetResult(Int16 token)
   at System.Net.Security.SslStream.EnsureFullTlsFrameAsync[TIOAdapter](CancellationToken cancellationToken, Int32 estimatedSize)
   at System.Runtime.CompilerServices.PoolingAsyncValueTaskMethodBuilder`1.StateMachineBox`1.System.Threading.Tasks.Sources.IValueTaskSource<TResult>.GetResult(Int16 token)
   at System.Net.Security.SslStream.ReadAsyncInternal[TIOAdapter](Memory`1 buffer, CancellationToken cancellationToken)
   at System.Runtime.CompilerServices.PoolingAsyncValueTaskMethodBuilder`1.StateMachineBox`1.System.Threading.Tasks.Sources.IValueTaskSource<TResult>.GetResult(Int16 token)
   at System.Net.Http.HttpConnection.<EnsureReadAheadTaskHasStarted>g__ReadAheadWithZeroByteReadAsync|40_0()
   at System.Net.Http.HttpConnection.SendAsync(HttpRequestMessage request, Boolean async, CancellationToken cancellationToken)
   --- End of inner exception stack trace ---
   at System.Net.Http.HttpConnection.SendAsync(HttpRequestMessage request, Boolean async, CancellationToken cancellationToken)
   at System.Net.Http.AuthenticationHelper.SendWithNtAuthAsync(HttpRequestMessage request, Uri authUri, Boolean async, ICredentials credentials, Boolean isProxyAuth, HttpConnection connection, HttpConnectionPool connectionPool, CancellationToken cancellationToken)
   at System.Net.Http.HttpConnectionPool.SendWithVersionDetectionAndRetryAsync(HttpRequestMessage request, Boolean async, Boolean doRequestAuth, CancellationToken cancellationToken)
   at System.Net.Http.AuthenticationHelper.SendWithAuthAsync(HttpRequestMessage request, Uri authUri, Boolean async, ICredentials credentials, Boolean preAuthenticate, Boolean isProxyAuth, Boolean doRequestAuth, HttpConnectionPool pool, CancellationToken cancellationToken)
   at System.Net.Http.RedirectHandler.SendAsync(HttpRequestMessage request, Boolean async, CancellationToken cancellationToken)
   at GitHub.Services.Common.RawHttpMessageHandler.SendAsync(HttpRequestMessage request, CancellationToken cancellationToken)
   at GitHub.Services.Common.VssHttpRetryMessageHandler.SendAsync(HttpRequestMessage request, CancellationToken cancellationToken)
   at System.Net.Http.HttpClient.<SendAsync>g__Core|83_0(HttpRequestMessage request, HttpCompletionOption completionOption, CancellationTokenSource cts, Boolean disposeCts, CancellationTokenSource pendingRequestsCts, CancellationToken originalCancellationToken)
[2026-03-07 07:28:05Z ERR  RunServer] #####################################################
[2026-03-07 07:28:05Z ERR  RunServer] System.IO.IOException: Unable to read data from the transport connection: The I/O operation has been aborted because of either a thread exit or an application request..
 ---> System.Net.Sockets.SocketException (995): The I/O operation has been aborted because of either a thread exit or an application request.
   --- End of inner exception stack trace ---
   at System.Net.Sockets.Socket.AwaitableSocketAsyncEventArgs.ThrowException(SocketError error, CancellationToken cancellationToken)
   at System.Net.Sockets.Socket.AwaitableSocketAsyncEventArgs.System.Threading.Tasks.Sources.IValueTaskSource<System.Int32>.GetResult(Int16 token)
   at System.Net.Security.SslStream.EnsureFullTlsFrameAsync[TIOAdapter](CancellationToken cancellationToken, Int32 estimatedSize)
   at System.Runtime.CompilerServices.PoolingAsyncValueTaskMethodBuilder`1.StateMachineBox`1.System.Threading.Tasks.Sources.IValueTaskSource<TResult>.GetResult(Int16 token)
   at System.Net.Security.SslStream.ReadAsyncInternal[TIOAdapter](Memory`1 buffer, CancellationToken cancellationToken)
   at System.Runtime.CompilerServices.PoolingAsyncValueTaskMethodBuilder`1.StateMachineBox`1.System.Threading.Tasks.Sources.IValueTaskSource<TResult>.GetResult(Int16 token)
   at System.Net.Http.HttpConnection.<EnsureReadAheadTaskHasStarted>g__ReadAheadWithZeroByteReadAsync|40_0()
   at System.Net.Http.HttpConnection.SendAsync(HttpRequestMessage request, Boolean async, CancellationToken cancellationToken)
[2026-03-07 07:28:05Z ERR  RunServer] #####################################################
[2026-03-07 07:28:05Z ERR  RunServer] System.Net.Sockets.SocketException (995): The I/O operation has been aborted because of either a thread exit or an application request.
[2026-03-07 07:28:05Z WARN RunServer] Back off 7.884 seconds before next retry. 4 attempt left.
[2026-03-07 07:28:05Z INFO JobDispatcher] job renew has been cancelled, stop renew job a8a144ef-ccbd-539f-b5cb-829616ccdff7.
[2026-03-07 07:28:05Z INFO JobNotification] Entering JobCompleted Notification
[2026-03-07 07:28:05Z INFO JobNotification] Entering EndMonitor
[2026-03-07 07:28:05Z INFO BrokerMessageListener] Received job status event. JobState: Online
[2026-03-07 07:28:05Z WARN GitHubActionsService] GET request to https://broker.actions.githubusercontent.com/message?sessionId=81b85aa0-d757-4bb2-92c8-d2d736029560&status=Busy&runnerVersion=2.332.0&os=Windows&architecture=X64&disableUpdate=false has been cancelled.
[2026-03-07 07:28:05Z ERR  BrokerServer] Catch exception during request
[2026-03-07 07:28:05Z ERR  BrokerServer] System.Threading.Tasks.TaskCanceledException: The operation was canceled.
 ---> System.Threading.Tasks.TaskCanceledException: The operation was canceled.
 ---> System.IO.IOException: Unable to read data from the transport connection: The I/O operation has been aborted because of either a thread exit or an application request..
 ---> System.Net.Sockets.SocketException (995): The I/O operation has been aborted because of either a thread exit or an application request.
   --- End of inner exception stack trace ---
   at System.Net.Sockets.Socket.AwaitableSocketAsyncEventArgs.ThrowException(SocketError error, CancellationToken cancellationToken)
   at System.Net.Sockets.Socket.AwaitableSocketAsyncEventArgs.System.Threading.Tasks.Sources.IValueTaskSource<System.Int32>.GetResult(Int16 token)
   at System.Net.Security.SslStream.EnsureFullTlsFrameAsync[TIOAdapter](CancellationToken cancellationToken, Int32 estimatedSize)
   at System.Runtime.CompilerServices.PoolingAsyncValueTaskMethodBuilder`1.StateMachineBox`1.System.Threading.Tasks.Sources.IValueTaskSource<TResult>.GetResult(Int16 token)
   at System.Net.Security.SslStream.ReadAsyncInternal[TIOAdapter](Memory`1 buffer, CancellationToken cancellationToken)
   at System.Runtime.CompilerServices.PoolingAsyncValueTaskMethodBuilder`1.StateMachineBox`1.System.Threading.Tasks.Sources.IValueTaskSource<TResult>.GetResult(Int16 token)
   at System.Net.Http.HttpConnection.SendAsync(HttpRequestMessage request, Boolean async, CancellationToken cancellationToken)
   --- End of inner exception stack trace ---
   at System.Net.Http.HttpConnection.SendAsync(HttpRequestMessage request, Boolean async, CancellationToken cancellationToken)
   at System.Net.Http.AuthenticationHelper.SendWithNtAuthAsync(HttpRequestMessage request, Uri authUri, Boolean async, ICredentials credentials, Boolean isProxyAuth, HttpConnection connection, HttpConnectionPool connectionPool, CancellationToken cancellationToken)
   at System.Net.Http.HttpConnectionPool.SendWithVersionDetectionAndRetryAsync(HttpRequestMessage request, Boolean async, Boolean doRequestAuth, CancellationToken cancellationToken)
   at System.Net.Http.AuthenticationHelper.SendWithAuthAsync(HttpRequestMessage request, Uri authUri, Boolean async, ICredentials credentials, Boolean preAuthenticate, Boolean isProxyAuth, Boolean doRequestAuth, HttpConnectionPool pool, CancellationToken cancellationToken)
   at System.Net.Http.RedirectHandler.SendAsync(HttpRequestMessage request, Boolean async, CancellationToken cancellationToken)
   at GitHub.Services.Common.RawHttpMessageHandler.SendAsync(HttpRequestMessage request, CancellationToken cancellationToken)
   at GitHub.Services.Common.VssHttpRetryMessageHandler.SendAsync(HttpRequestMessage request, CancellationToken cancellationToken)
   at System.Net.Http.HttpClient.<SendAsync>g__Core|83_0(HttpRequestMessage request, HttpCompletionOption completionOption, CancellationTokenSource cts, Boolean disposeCts, CancellationTokenSource pendingRequestsCts, CancellationToken originalCancellationToken)
   --- End of inner exception stack trace ---
   at System.Net.Http.HttpClient.HandleFailure(Exception e, Boolean telemetryStarted, HttpResponseMessage response, CancellationTokenSource cts, CancellationToken cancellationToken, CancellationTokenSource pendingRequestsCts)
   at System.Net.Http.HttpClient.<SendAsync>g__Core|83_0(HttpRequestMessage request, HttpCompletionOption completionOption, CancellationTokenSource cts, Boolean disposeCts, CancellationTokenSource pendingRequestsCts, CancellationToken originalCancellationToken)
   at Sdk.WebApi.WebApi.RawHttpClientBase.SendAsync(HttpRequestMessage message, HttpCompletionOption completionOption, Object userState, CancellationToken cancellationToken)
   at Sdk.WebApi.WebApi.RawHttpClientBase.SendAsync[T](HttpRequestMessage message, Boolean readErrorBody, Object userState, CancellationToken cancellationToken)
   at Sdk.WebApi.WebApi.RawHttpClientBase.SendAsync[T](HttpMethod method, IEnumerable`1 additionalHeaders, Uri requestUri, HttpContent content, IEnumerable`1 queryParameters, Boolean readErrorBody, Object userState, CancellationToken cancellationToken)
   at GitHub.Actions.RunService.WebApi.BrokerHttpClient.GetRunnerMessageAsync(Nullable`1 sessionId, String runnerVersion, Nullable`1 status, String os, String architecture, Nullable`1 disableUpdate, CancellationToken cancellationToken)
   at GitHub.Runner.Common.BrokerServer.<>c__DisplayClass7_0.<<GetRunnerMessageAsync>b__0>d.MoveNext()
--- End of stack trace from previous location ---
   at GitHub.Runner.Common.RunnerService.RetryRequest[T](Func`1 func, CancellationToken cancellationToken, Int32 maxAttempts, Func`2 shouldRetry)
[2026-03-07 07:28:05Z ERR  BrokerServer] #####################################################
[2026-03-07 07:28:05Z ERR  BrokerServer] System.Threading.Tasks.TaskCanceledException: The operation was canceled.
 ---> System.IO.IOException: Unable to read data from the transport connection: The I/O operation has been aborted because of either a thread exit or an application request..
 ---> System.Net.Sockets.SocketException (995): The I/O operation has been aborted because of either a thread exit or an application request.
   --- End of inner exception stack trace ---
   at System.Net.Sockets.Socket.AwaitableSocketAsyncEventArgs.ThrowException(SocketError error, CancellationToken cancellationToken)
   at System.Net.Sockets.Socket.AwaitableSocketAsyncEventArgs.System.Threading.Tasks.Sources.IValueTaskSource<System.Int32>.GetResult(Int16 token)
   at System.Net.Security.SslStream.EnsureFullTlsFrameAsync[TIOAdapter](CancellationToken cancellationToken, Int32 estimatedSize)
   at System.Runtime.CompilerServices.PoolingAsyncValueTaskMethodBuilder`1.StateMachineBox`1.System.Threading.Tasks.Sources.IValueTaskSource<TResult>.GetResult(Int16 token)
   at System.Net.Security.SslStream.ReadAsyncInternal[TIOAdapter](Memory`1 buffer, CancellationToken cancellationToken)
   at System.Runtime.CompilerServices.PoolingAsyncValueTaskMethodBuilder`1.StateMachineBox`1.System.Threading.Tasks.Sources.IValueTaskSource<TResult>.GetResult(Int16 token)
   at System.Net.Http.HttpConnection.SendAsync(HttpRequestMessage request, Boolean async, CancellationToken cancellationToken)
   --- End of inner exception stack trace ---
   at System.Net.Http.HttpConnection.SendAsync(HttpRequestMessage request, Boolean async, CancellationToken cancellationToken)
   at System.Net.Http.AuthenticationHelper.SendWithNtAuthAsync(HttpRequestMessage request, Uri authUri, Boolean async, ICredentials credentials, Boolean isProxyAuth, HttpConnection connection, HttpConnectionPool connectionPool, CancellationToken cancellationToken)
   at System.Net.Http.HttpConnectionPool.SendWithVersionDetectionAndRetryAsync(HttpRequestMessage request, Boolean async, Boolean doRequestAuth, CancellationToken cancellationToken)
   at System.Net.Http.AuthenticationHelper.SendWithAuthAsync(HttpRequestMessage request, Uri authUri, Boolean async, ICredentials credentials, Boolean preAuthenticate, Boolean isProxyAuth, Boolean doRequestAuth, HttpConnectionPool pool, CancellationToken cancellationToken)
   at System.Net.Http.RedirectHandler.SendAsync(HttpRequestMessage request, Boolean async, CancellationToken cancellationToken)
   at GitHub.Services.Common.RawHttpMessageHandler.SendAsync(HttpRequestMessage request, CancellationToken cancellationToken)
   at GitHub.Services.Common.VssHttpRetryMessageHandler.SendAsync(HttpRequestMessage request, CancellationToken cancellationToken)
   at System.Net.Http.HttpClient.<SendAsync>g__Core|83_0(HttpRequestMessage request, HttpCompletionOption completionOption, CancellationTokenSource cts, Boolean disposeCts, CancellationTokenSource pendingRequestsCts, CancellationToken originalCancellationToken)
[2026-03-07 07:28:05Z ERR  BrokerServer] #####################################################
[2026-03-07 07:28:05Z ERR  BrokerServer] System.IO.IOException: Unable to read data from the transport connection: The I/O operation has been aborted because of either a thread exit or an application request..
 ---> System.Net.Sockets.SocketException (995): The I/O operation has been aborted because of either a thread exit or an application request.
   --- End of inner exception stack trace ---
   at System.Net.Sockets.Socket.AwaitableSocketAsyncEventArgs.ThrowException(SocketError error, CancellationToken cancellationToken)
   at System.Net.Sockets.Socket.AwaitableSocketAsyncEventArgs.System.Threading.Tasks.Sources.IValueTaskSource<System.Int32>.GetResult(Int16 token)
   at System.Net.Security.SslStream.EnsureFullTlsFrameAsync[TIOAdapter](CancellationToken cancellationToken, Int32 estimatedSize)
   at System.Runtime.CompilerServices.PoolingAsyncValueTaskMethodBuilder`1.StateMachineBox`1.System.Threading.Tasks.Sources.IValueTaskSource<TResult>.GetResult(Int16 token)
   at System.Net.Security.SslStream.ReadAsyncInternal[TIOAdapter](Memory`1 buffer, CancellationToken cancellationToken)
   at System.Runtime.CompilerServices.PoolingAsyncValueTaskMethodBuilder`1.StateMachineBox`1.System.Threading.Tasks.Sources.IValueTaskSource<TResult>.GetResult(Int16 token)
   at System.Net.Http.HttpConnection.SendAsync(HttpRequestMessage request, Boolean async, CancellationToken cancellationToken)
[2026-03-07 07:28:05Z ERR  BrokerServer] #####################################################
[2026-03-07 07:28:05Z ERR  BrokerServer] System.Net.Sockets.SocketException (995): The I/O operation has been aborted because of either a thread exit or an application request.
[2026-03-07 07:28:05Z WARN BrokerServer] Back off 11.194 seconds before next retry. 4 attempt left.
[2026-03-07 07:28:05Z INFO BrokerMessageListener] Get messages has been cancelled using local token source. Continue to get messages with new status.
[2026-03-07 07:30:51Z INFO Terminal] WRITE LINE: Exiting...
[2026-03-07 07:30:51Z INFO ConfigurationStore] IsServiceConfigured()
[2026-03-07 07:30:51Z INFO ConfigurationStore] IsServiceConfigured: False
[2026-03-07 07:30:51Z INFO HostContext] Runner will be shutdown for UserCancelled
[2026-03-07 07:30:51Z WARN GitHubActionsService] GET request to https://broker.actions.githubusercontent.com/message?sessionId=81b85aa0-d757-4bb2-92c8-d2d736029560&status=Online&runnerVersion=2.332.0&os=Windows&architecture=X64&disableUpdate=false has been cancelled.
[2026-03-07 07:30:51Z ERR  BrokerServer] Catch exception during request
[2026-03-07 07:30:51Z ERR  BrokerServer] System.Threading.Tasks.TaskCanceledException: The operation was canceled.
 ---> System.Threading.Tasks.TaskCanceledException: The operation was canceled.
 ---> System.IO.IOException: Unable to read data from the transport connection: The I/O operation has been aborted because of either a thread exit or an application request..
 ---> System.Net.Sockets.SocketException (995): The I/O operation has been aborted because of either a thread exit or an application request.
   --- End of inner exception stack trace ---
   at System.Net.Sockets.Socket.AwaitableSocketAsyncEventArgs.ThrowException(SocketError error, CancellationToken cancellationToken)
   at System.Net.Sockets.Socket.AwaitableSocketAsyncEventArgs.System.Threading.Tasks.Sources.IValueTaskSource<System.Int32>.GetResult(Int16 token)
   at System.Net.Security.SslStream.EnsureFullTlsFrameAsync[TIOAdapter](CancellationToken cancellationToken, Int32 estimatedSize)
   at System.Runtime.CompilerServices.PoolingAsyncValueTaskMethodBuilder`1.StateMachineBox`1.System.Threading.Tasks.Sources.IValueTaskSource<TResult>.GetResult(Int16 token)
   at System.Net.Security.SslStream.ReadAsyncInternal[TIOAdapter](Memory`1 buffer, CancellationToken cancellationToken)
   at System.Runtime.CompilerServices.PoolingAsyncValueTaskMethodBuilder`1.StateMachineBox`1.System.Threading.Tasks.Sources.IValueTaskSource<TResult>.GetResult(Int16 token)
   at System.Net.Http.HttpConnection.SendAsync(HttpRequestMessage request, Boolean async, CancellationToken cancellationToken)
   --- End of inner exception stack trace ---
   at System.Net.Http.HttpConnection.SendAsync(HttpRequestMessage request, Boolean async, CancellationToken cancellationToken)
   at System.Net.Http.AuthenticationHelper.SendWithNtAuthAsync(HttpRequestMessage request, Uri authUri, Boolean async, ICredentials credentials, Boolean isProxyAuth, HttpConnection connection, HttpConnectionPool connectionPool, CancellationToken cancellationToken)
   at System.Net.Http.HttpConnectionPool.SendWithVersionDetectionAndRetryAsync(HttpRequestMessage request, Boolean async, Boolean doRequestAuth, CancellationToken cancellationToken)
   at System.Net.Http.AuthenticationHelper.SendWithAuthAsync(HttpRequestMessage request, Uri authUri, Boolean async, ICredentials credentials, Boolean preAuthenticate, Boolean isProxyAuth, Boolean doRequestAuth, HttpConnectionPool pool, CancellationToken cancellationToken)
   at System.Net.Http.RedirectHandler.SendAsync(HttpRequestMessage request, Boolean async, CancellationToken cancellationToken)
   at GitHub.Services.Common.RawHttpMessageHandler.SendAsync(HttpRequestMessage request, CancellationToken cancellationToken)
   at GitHub.Services.Common.VssHttpRetryMessageHandler.SendAsync(HttpRequestMessage request, CancellationToken cancellationToken)
   at System.Net.Http.HttpClient.<SendAsync>g__Core|83_0(HttpRequestMessage request, HttpCompletionOption completionOption, CancellationTokenSource cts, Boolean disposeCts, CancellationTokenSource pendingRequestsCts, CancellationToken originalCancellationToken)
   --- End of inner exception stack trace ---
   at System.Net.Http.HttpClient.HandleFailure(Exception e, Boolean telemetryStarted, HttpResponseMessage response, CancellationTokenSource cts, CancellationToken cancellationToken, CancellationTokenSource pendingRequestsCts)
   at System.Net.Http.HttpClient.<SendAsync>g__Core|83_0(HttpRequestMessage request, HttpCompletionOption completionOption, CancellationTokenSource cts, Boolean disposeCts, CancellationTokenSource pendingRequestsCts, CancellationToken originalCancellationToken)
   at Sdk.WebApi.WebApi.RawHttpClientBase.SendAsync(HttpRequestMessage message, HttpCompletionOption completionOption, Object userState, CancellationToken cancellationToken)
   at Sdk.WebApi.WebApi.RawHttpClientBase.SendAsync[T](HttpRequestMessage message, Boolean readErrorBody, Object userState, CancellationToken cancellationToken)
   at Sdk.WebApi.WebApi.RawHttpClientBase.SendAsync[T](HttpMethod method, IEnumerable`1 additionalHeaders, Uri requestUri, HttpContent content, IEnumerable`1 queryParameters, Boolean readErrorBody, Object userState, CancellationToken cancellationToken)
   at GitHub.Actions.RunService.WebApi.BrokerHttpClient.GetRunnerMessageAsync(Nullable`1 sessionId, String runnerVersion, Nullable`1 status, String os, String architecture, Nullable`1 disableUpdate, CancellationToken cancellationToken)
   at GitHub.Runner.Common.BrokerServer.<>c__DisplayClass7_0.<<GetRunnerMessageAsync>b__0>d.MoveNext()
--- End of stack trace from previous location ---
   at GitHub.Runner.Common.RunnerService.RetryRequest[T](Func`1 func, CancellationToken cancellationToken, Int32 maxAttempts, Func`2 shouldRetry)
[2026-03-07 07:30:51Z ERR  BrokerServer] #####################################################
[2026-03-07 07:30:51Z ERR  BrokerServer] System.Threading.Tasks.TaskCanceledException: The operation was canceled.
 ---> System.IO.IOException: Unable to read data from the transport connection: The I/O operation has been aborted because of either a thread exit or an application request..
 ---> System.Net.Sockets.SocketException (995): The I/O operation has been aborted because of either a thread exit or an application request.
   --- End of inner exception stack trace ---
   at System.Net.Sockets.Socket.AwaitableSocketAsyncEventArgs.ThrowException(SocketError error, CancellationToken cancellationToken)
   at System.Net.Sockets.Socket.AwaitableSocketAsyncEventArgs.System.Threading.Tasks.Sources.IValueTaskSource<System.Int32>.GetResult(Int16 token)
   at System.Net.Security.SslStream.EnsureFullTlsFrameAsync[TIOAdapter](CancellationToken cancellationToken, Int32 estimatedSize)
   at System.Runtime.CompilerServices.PoolingAsyncValueTaskMethodBuilder`1.StateMachineBox`1.System.Threading.Tasks.Sources.IValueTaskSource<TResult>.GetResult(Int16 token)
   at System.Net.Security.SslStream.ReadAsyncInternal[TIOAdapter](Memory`1 buffer, CancellationToken cancellationToken)
   at System.Runtime.CompilerServices.PoolingAsyncValueTaskMethodBuilder`1.StateMachineBox`1.System.Threading.Tasks.Sources.IValueTaskSource<TResult>.GetResult(Int16 token)
   at System.Net.Http.HttpConnection.SendAsync(HttpRequestMessage request, Boolean async, CancellationToken cancellationToken)
   --- End of inner exception stack trace ---
   at System.Net.Http.HttpConnection.SendAsync(HttpRequestMessage request, Boolean async, CancellationToken cancellationToken)
   at System.Net.Http.AuthenticationHelper.SendWithNtAuthAsync(HttpRequestMessage request, Uri authUri, Boolean async, ICredentials credentials, Boolean isProxyAuth, HttpConnection connection, HttpConnectionPool connectionPool, CancellationToken cancellationToken)
   at System.Net.Http.HttpConnectionPool.SendWithVersionDetectionAndRetryAsync(HttpRequestMessage request, Boolean async, Boolean doRequestAuth, CancellationToken cancellationToken)
   at System.Net.Http.AuthenticationHelper.SendWithAuthAsync(HttpRequestMessage request, Uri authUri, Boolean async, ICredentials credentials, Boolean preAuthenticate, Boolean isProxyAuth, Boolean doRequestAuth, HttpConnectionPool pool, CancellationToken cancellationToken)
   at System.Net.Http.RedirectHandler.SendAsync(HttpRequestMessage request, Boolean async, CancellationToken cancellationToken)
   at GitHub.Services.Common.RawHttpMessageHandler.SendAsync(HttpRequestMessage request, CancellationToken cancellationToken)
   at GitHub.Services.Common.VssHttpRetryMessageHandler.SendAsync(HttpRequestMessage request, CancellationToken cancellationToken)
   at System.Net.Http.HttpClient.<SendAsync>g__Core|83_0(HttpRequestMessage request, HttpCompletionOption completionOption, CancellationTokenSource cts, Boolean disposeCts, CancellationTokenSource pendingRequestsCts, CancellationToken originalCancellationToken)
[2026-03-07 07:30:51Z ERR  BrokerServer] #####################################################
[2026-03-07 07:30:51Z ERR  BrokerServer] System.IO.IOException: Unable to read data from the transport connection: The I/O operation has been aborted because of either a thread exit or an application request..
 ---> System.Net.Sockets.SocketException (995): The I/O operation has been aborted because of either a thread exit or an application request.
   --- End of inner exception stack trace ---
   at System.Net.Sockets.Socket.AwaitableSocketAsyncEventArgs.ThrowException(SocketError error, CancellationToken cancellationToken)
   at System.Net.Sockets.Socket.AwaitableSocketAsyncEventArgs.System.Threading.Tasks.Sources.IValueTaskSource<System.Int32>.GetResult(Int16 token)
   at System.Net.Security.SslStream.EnsureFullTlsFrameAsync[TIOAdapter](CancellationToken cancellationToken, Int32 estimatedSize)
   at System.Runtime.CompilerServices.PoolingAsyncValueTaskMethodBuilder`1.StateMachineBox`1.System.Threading.Tasks.Sources.IValueTaskSource<TResult>.GetResult(Int16 token)
   at System.Net.Security.SslStream.ReadAsyncInternal[TIOAdapter](Memory`1 buffer, CancellationToken cancellationToken)
   at System.Runtime.CompilerServices.PoolingAsyncValueTaskMethodBuilder`1.StateMachineBox`1.System.Threading.Tasks.Sources.IValueTaskSource<TResult>.GetResult(Int16 token)
   at System.Net.Http.HttpConnection.SendAsync(HttpRequestMessage request, Boolean async, CancellationToken cancellationToken)
[2026-03-07 07:30:51Z ERR  BrokerServer] #####################################################
[2026-03-07 07:30:51Z ERR  BrokerServer] System.Net.Sockets.SocketException (995): The I/O operation has been aborted because of either a thread exit or an application request.
[2026-03-07 07:30:51Z WARN BrokerServer] Back off 12.475 seconds before next retry. 4 attempt left.
[2026-03-07 07:30:51Z INFO BrokerMessageListener] Get next message has been cancelled.
[2026-03-07 07:30:51Z INFO JobDispatcher] Shutting down JobDispatcher. Make sure all WorkerDispatcher has finished.
[2026-03-07 07:30:51Z INFO JobDispatcher] Ensure WorkerDispatcher for job a8a144ef-ccbd-539f-b5cb-829616ccdff7 run to finish, cancel any running job.
[2026-03-07 07:30:51Z INFO JobDispatcher] Job request a8a144ef-ccbd-539f-b5cb-829616ccdff7 processed succeed.
[2026-03-07 07:30:51Z INFO Runner] Deleting Runner Session...
[2026-03-07 07:30:53Z INFO Listener] Runner execution been cancelled.
